<?xml version="1.0" encoding="UTF-8"?>
<coverage generated="1749401198019" clover="3.2.0">
  <project timestamp="1749401198019" name="All files">
    <metrics statements="2448" coveredstatements="297" conditionals="1081" coveredconditionals="100" methods="410" coveredmethods="43" elements="3939" coveredelements="440" complexity="0" loc="2448" ncloc="2448" packages="40" files="77" classes="77"/>
    <package name="src">
      <metrics statements="10" coveredstatements="0" conditionals="2" coveredconditionals="0" methods="3" coveredmethods="0"/>
      <file name="instrumentation-client.ts" path="/Users/mac/prismy-minimal/src/instrumentation-client.ts">
        <metrics statements="3" coveredstatements="0" conditionals="0" coveredconditionals="0" methods="0" coveredmethods="0"/>
        <line num="5" count="0" type="stmt"/>
        <line num="7" count="0" type="stmt"/>
        <line num="17" count="0" type="stmt"/>
      </file>
      <file name="instrumentation.ts" path="/Users/mac/prismy-minimal/src/instrumentation.ts">
        <metrics statements="7" coveredstatements="0" conditionals="2" coveredconditionals="0" methods="3" coveredmethods="0"/>
        <line num="1" count="0" type="stmt"/>
        <line num="3" count="0" type="stmt"/>
        <line num="4" count="0" type="cond" truecount="0" falsecount="1"/>
        <line num="5" count="0" type="stmt"/>
        <line num="8" count="0" type="cond" truecount="0" falsecount="1"/>
        <line num="9" count="0" type="stmt"/>
        <line num="13" count="0" type="stmt"/>
      </file>
    </package>
    <package name="src.app">
      <metrics statements="6" coveredstatements="0" conditionals="0" coveredconditionals="0" methods="2" coveredmethods="0"/>
      <file name="global-error.tsx" path="/Users/mac/prismy-minimal/src/app/global-error.tsx">
        <metrics statements="6" coveredstatements="0" conditionals="0" coveredconditionals="0" methods="2" coveredmethods="0"/>
        <line num="3" count="0" type="stmt"/>
        <line num="4" count="0" type="stmt"/>
        <line num="5" count="0" type="stmt"/>
        <line num="7" count="0" type="stmt"/>
        <line num="8" count="0" type="stmt"/>
        <line num="9" count="0" type="stmt"/>
      </file>
    </package>
    <package name="src.app.api-test">
      <metrics statements="15" coveredstatements="0" conditionals="6" coveredconditionals="0" methods="3" coveredmethods="0"/>
      <file name="page.tsx" path="/Users/mac/prismy-minimal/src/app/api-test/page.tsx">
        <metrics statements="15" coveredstatements="0" conditionals="6" coveredconditionals="0" methods="3" coveredmethods="0"/>
        <line num="3" count="0" type="stmt"/>
        <line num="5" count="0" type="stmt"/>
        <line num="6" count="0" type="stmt"/>
        <line num="7" count="0" type="stmt"/>
        <line num="8" count="0" type="stmt"/>
        <line num="10" count="0" type="stmt"/>
        <line num="11" count="0" type="stmt"/>
        <line num="12" count="0" type="stmt"/>
        <line num="13" count="0" type="stmt"/>
        <line num="19" count="0" type="stmt"/>
        <line num="20" count="0" type="cond" truecount="0" falsecount="1"/>
        <line num="21" count="0" type="stmt"/>
        <line num="24" count="0" type="stmt"/>
        <line num="26" count="0" type="stmt"/>
        <line num="41" count="0" type="stmt"/>
      </file>
    </package>
    <package name="src.app.api.admin.queues">
      <metrics statements="24" coveredstatements="0" conditionals="15" coveredconditionals="0" methods="4" coveredmethods="0"/>
      <file name="route.ts" path="/Users/mac/prismy-minimal/src/app/api/admin/queues/route.ts">
        <metrics statements="24" coveredstatements="0" conditionals="15" coveredconditionals="0" methods="4" coveredmethods="0"/>
        <line num="1" count="0" type="stmt"/>
        <line num="2" count="0" type="stmt"/>
        <line num="6" count="0" type="stmt"/>
        <line num="8" count="0" type="cond" truecount="0" falsecount="3"/>
        <line num="9" count="0" type="stmt"/>
        <line num="17" count="0" type="stmt"/>
        <line num="18" count="0" type="stmt"/>
        <line num="19" count="0" type="stmt"/>
        <line num="21" count="0" type="cond" truecount="0" falsecount="3"/>
        <line num="22" count="0" type="stmt"/>
        <line num="25" count="0" type="stmt"/>
        <line num="28" count="0" type="stmt"/>
        <line num="29" count="0" type="stmt"/>
        <line num="30" count="0" type="cond" truecount="0" falsecount="1"/>
        <line num="32" count="0" type="stmt"/>
        <line num="34" count="0" type="stmt"/>
        <line num="43" count="0" type="stmt"/>
        <line num="45" count="0" type="stmt"/>
        <line num="46" count="0" type="stmt"/>
        <line num="60" count="0" type="stmt"/>
        <line num="203" count="0" type="stmt"/>
        <line num="231" count="0" type="stmt"/>
        <line num="237" count="0" type="stmt"/>
        <line num="238" count="0" type="stmt"/>
      </file>
    </package>
    <package name="src.app.api.admin.queues.debug">
      <metrics statements="12" coveredstatements="0" conditionals="0" coveredconditionals="0" methods="1" coveredmethods="0"/>
      <file name="route.ts" path="/Users/mac/prismy-minimal/src/app/api/admin/queues/debug/route.ts">
        <metrics statements="12" coveredstatements="0" conditionals="0" coveredconditionals="0" methods="1" coveredmethods="0"/>
        <line num="1" count="0" type="stmt"/>
        <line num="2" count="0" type="stmt"/>
        <line num="4" count="0" type="stmt"/>
        <line num="5" count="0" type="stmt"/>
        <line num="7" count="0" type="stmt"/>
        <line num="10" count="0" type="stmt"/>
        <line num="13" count="0" type="stmt"/>
        <line num="14" count="0" type="stmt"/>
        <line num="15" count="0" type="stmt"/>
        <line num="19" count="0" type="stmt"/>
        <line num="21" count="0" type="stmt"/>
        <line num="28" count="0" type="stmt"/>
      </file>
    </package>
    <package name="src.app.api.auth.create-key">
      <metrics statements="17" coveredstatements="0" conditionals="7" coveredconditionals="0" methods="1" coveredmethods="0"/>
      <file name="route.ts" path="/Users/mac/prismy-minimal/src/app/api/auth/create-key/route.ts">
        <metrics statements="17" coveredstatements="0" conditionals="7" coveredconditionals="0" methods="1" coveredmethods="0"/>
        <line num="1" count="0" type="stmt"/>
        <line num="2" count="0" type="stmt"/>
        <line num="3" count="0" type="stmt"/>
        <line num="5" count="0" type="stmt"/>
        <line num="7" count="0" type="stmt"/>
        <line num="8" count="0" type="stmt"/>
        <line num="9" count="0" type="cond" truecount="0" falsecount="1"/>
        <line num="11" count="0" type="cond" truecount="0" falsecount="1"/>
        <line num="12" count="0" type="stmt"/>
        <line num="19" count="0" type="stmt"/>
        <line num="23" count="0" type="cond" truecount="0" falsecount="1"/>
        <line num="24" count="0" type="stmt"/>
        <line num="30" count="0" type="stmt"/>
        <line num="33" count="0" type="stmt"/>
        <line num="43" count="0" type="stmt"/>
        <line num="51" count="0" type="stmt"/>
        <line num="52" count="0" type="stmt"/>
      </file>
    </package>
    <package name="src.app.api.extraction-status.[jobId]">
      <metrics statements="15" coveredstatements="0" conditionals="4" coveredconditionals="0" methods="2" coveredmethods="0"/>
      <file name="route.ts" path="/Users/mac/prismy-minimal/src/app/api/extraction-status/[jobId]/route.ts">
        <metrics statements="15" coveredstatements="0" conditionals="4" coveredconditionals="0" methods="2" coveredmethods="0"/>
        <line num="1" count="0" type="stmt"/>
        <line num="3" count="0" type="stmt"/>
        <line num="7" count="0" type="stmt"/>
        <line num="8" count="0" type="stmt"/>
        <line num="10" count="0" type="stmt"/>
        <line num="12" count="0" type="stmt"/>
        <line num="14" count="0" type="cond" truecount="0" falsecount="1"/>
        <line num="15" count="0" type="stmt"/>
        <line num="18" count="0" type="stmt"/>
        <line num="20" count="0" type="cond" truecount="0" falsecount="1"/>
        <line num="21" count="0" type="stmt"/>
        <line num="22" count="0" type="stmt"/>
        <line num="33" count="0" type="stmt"/>
        <line num="40" count="0" type="stmt"/>
        <line num="41" count="0" type="stmt"/>
      </file>
    </package>
    <package name="src.app.api.health">
      <metrics statements="6" coveredstatements="4" conditionals="0" coveredconditionals="0" methods="2" coveredmethods="1"/>
      <file name="route.ts" path="/Users/mac/prismy-minimal/src/app/api/health/route.ts">
        <metrics statements="6" coveredstatements="4" conditionals="0" coveredconditionals="0" methods="2" coveredmethods="1"/>
        <line num="1" count="1" type="stmt"/>
        <line num="3" count="1" type="stmt"/>
        <line num="5" count="2" type="stmt"/>
        <line num="6" count="2" type="stmt"/>
        <line num="14" count="0" type="stmt"/>
        <line num="15" count="0" type="stmt"/>
      </file>
    </package>
    <package name="src.app.api.sentry-example-api">
      <metrics statements="7" coveredstatements="0" conditionals="0" coveredconditionals="0" methods="2" coveredmethods="0"/>
      <file name="route.ts" path="/Users/mac/prismy-minimal/src/app/api/sentry-example-api/route.ts">
        <metrics statements="7" coveredstatements="0" conditionals="0" coveredconditionals="0" methods="2" coveredmethods="0"/>
        <line num="1" count="0" type="stmt"/>
        <line num="3" count="0" type="stmt"/>
        <line num="6" count="0" type="stmt"/>
        <line num="7" count="0" type="stmt"/>
        <line num="11" count="0" type="stmt"/>
        <line num="12" count="0" type="stmt"/>
        <line num="13" count="0" type="stmt"/>
      </file>
    </package>
    <package name="src.app.api.translate">
      <metrics statements="128" coveredstatements="0" conditionals="65" coveredconditionals="0" methods="12" coveredmethods="0"/>
      <file name="route.ts" path="/Users/mac/prismy-minimal/src/app/api/translate/route.ts">
        <metrics statements="128" coveredstatements="0" conditionals="65" coveredconditionals="0" methods="12" coveredmethods="0"/>
        <line num="2" count="0" type="stmt"/>
        <line num="3" count="0" type="stmt"/>
        <line num="5" count="0" type="stmt"/>
        <line num="6" count="0" type="stmt"/>
        <line num="7" count="0" type="stmt"/>
        <line num="32" count="0" type="stmt"/>
        <line num="43" count="0" type="stmt"/>
        <line num="74" count="0" type="stmt"/>
        <line num="79" count="0" type="stmt"/>
        <line num="86" count="0" type="stmt"/>
        <line num="87" count="0" type="stmt"/>
        <line num="88" count="0" type="stmt"/>
        <line num="92" count="0" type="stmt"/>
        <line num="93" count="0" type="stmt"/>
        <line num="110" count="0" type="stmt"/>
        <line num="111" count="0" type="stmt"/>
        <line num="113" count="0" type="stmt"/>
        <line num="114" count="0" type="cond" truecount="0" falsecount="1"/>
        <line num="115" count="0" type="stmt"/>
        <line num="121" count="0" type="stmt"/>
        <line num="129" count="0" type="stmt"/>
        <line num="132" count="0" type="cond" truecount="0" falsecount="1"/>
        <line num="133" count="0" type="stmt"/>
        <line num="139" count="0" type="stmt"/>
        <line num="140" count="0" type="cond" truecount="0" falsecount="2"/>
        <line num="142" count="0" type="cond" truecount="0" falsecount="1"/>
        <line num="143" count="0" type="stmt"/>
        <line num="152" count="0" type="cond" truecount="0" falsecount="2"/>
        <line num="154" count="0" type="stmt"/>
        <line num="155" count="0" type="stmt"/>
        <line num="156" count="0" type="stmt"/>
        <line num="157" count="0" type="stmt"/>
        <line num="158" count="0" type="stmt"/>
        <line num="161" count="0" type="stmt"/>
        <line num="162" count="0" type="stmt"/>
        <line num="164" count="0" type="stmt"/>
        <line num="171" count="0" type="stmt"/>
        <line num="172" count="0" type="stmt"/>
        <line num="175" count="0" type="cond" truecount="0" falsecount="2"/>
        <line num="176" count="0" type="stmt"/>
        <line num="178" count="0" type="cond" truecount="0" falsecount="1"/>
        <line num="179" count="0" type="stmt"/>
        <line num="182" count="0" type="stmt"/>
        <line num="189" count="0" type="stmt"/>
        <line num="190" count="0" type="stmt"/>
        <line num="191" count="0" type="stmt"/>
        <line num="193" count="0" type="stmt"/>
        <line num="196" count="0" type="stmt"/>
        <line num="197" count="0" type="stmt"/>
        <line num="198" count="0" type="stmt"/>
        <line num="199" count="0" type="stmt"/>
        <line num="200" count="0" type="stmt"/>
        <line num="202" count="0" type="stmt"/>
        <line num="204" count="0" type="stmt"/>
        <line num="207" count="0" type="stmt"/>
        <line num="208" count="0" type="stmt"/>
        <line num="209" count="0" type="cond" truecount="0" falsecount="2"/>
        <line num="211" count="0" type="stmt"/>
        <line num="224" count="0" type="stmt"/>
        <line num="225" count="0" type="stmt"/>
        <line num="226" count="0" type="stmt"/>
        <line num="228" count="0" type="stmt"/>
        <line num="232" count="0" type="stmt"/>
        <line num="235" count="0" type="cond" truecount="0" falsecount="1"/>
        <line num="236" count="0" type="stmt"/>
        <line num="237" count="0" type="stmt"/>
        <line num="238" count="0" type="stmt"/>
        <line num="239" count="0" type="stmt"/>
        <line num="243" count="0" type="stmt"/>
        <line num="244" count="0" type="stmt"/>
        <line num="246" count="0" type="stmt"/>
        <line num="247" count="0" type="stmt"/>
        <line num="248" count="0" type="stmt"/>
        <line num="250" count="0" type="stmt"/>
        <line num="271" count="0" type="stmt"/>
        <line num="273" count="0" type="cond" truecount="0" falsecount="1"/>
        <line num="274" count="0" type="stmt"/>
        <line num="280" count="0" type="cond" truecount="0" falsecount="1"/>
        <line num="281" count="0" type="stmt"/>
        <line num="287" count="0" type="cond" truecount="0" falsecount="1"/>
        <line num="288" count="0" type="stmt"/>
        <line num="294" count="0" type="stmt"/>
        <line num="313" count="0" type="cond" truecount="0" falsecount="1"/>
        <line num="314" count="0" type="stmt"/>
        <line num="317" count="0" type="stmt"/>
        <line num="319" count="0" type="cond" truecount="0" falsecount="1"/>
        <line num="320" count="0" type="cond" truecount="0" falsecount="2"/>
        <line num="321" count="0" type="stmt"/>
        <line num="322" count="0" type="cond" truecount="0" falsecount="2"/>
        <line num="323" count="0" type="stmt"/>
        <line num="324" count="0" type="cond" truecount="0" falsecount="1"/>
        <line num="325" count="0" type="stmt"/>
        <line num="328" count="0" type="cond" truecount="0" falsecount="1"/>
        <line num="329" count="0" type="cond" truecount="0" falsecount="1"/>
        <line num="332" count="0" type="cond" truecount="0" falsecount="3"/>
        <line num="334" count="0" type="stmt"/>
        <line num="335" count="0" type="stmt"/>
        <line num="337" count="0" type="stmt"/>
        <line num="338" count="0" type="stmt"/>
        <line num="340" count="0" type="stmt"/>
        <line num="343" count="0" type="stmt"/>
        <line num="346" count="0" type="stmt"/>
        <line num="374" count="0" type="stmt"/>
        <line num="375" count="0" type="stmt"/>
        <line num="376" count="0" type="stmt"/>
        <line num="387" count="0" type="stmt"/>
        <line num="389" count="0" type="cond" truecount="0" falsecount="1"/>
        <line num="390" count="0" type="cond" truecount="0" falsecount="3"/>
        <line num="391" count="0" type="stmt"/>
        <line num="392" count="0" type="stmt"/>
        <line num="393" count="0" type="stmt"/>
        <line num="396" count="0" type="stmt"/>
        <line num="397" count="0" type="cond" truecount="0" falsecount="2"/>
        <line num="399" count="0" type="stmt"/>
        <line num="400" count="0" type="stmt"/>
        <line num="401" count="0" type="stmt"/>
        <line num="404" count="0" type="cond" truecount="0" falsecount="1"/>
        <line num="405" count="0" type="stmt"/>
        <line num="406" count="0" type="stmt"/>
        <line num="407" count="0" type="stmt"/>
        <line num="412" count="0" type="stmt"/>
        <line num="434" count="0" type="stmt"/>
        <line num="436" count="0" type="cond" truecount="0" falsecount="3"/>
        <line num="437" count="0" type="stmt"/>
        <line num="440" count="0" type="cond" truecount="0" falsecount="3"/>
        <line num="441" count="0" type="stmt"/>
        <line num="444" count="0" type="stmt"/>
        <line num="454" count="0" type="cond" truecount="0" falsecount="2"/>
      </file>
    </package>
    <package name="src.app.api.translate-async">
      <metrics statements="28" coveredstatements="25" conditionals="16" coveredconditionals="8" methods="2" coveredmethods="2"/>
      <file name="route.ts" path="/Users/mac/prismy-minimal/src/app/api/translate-async/route.ts">
        <metrics statements="28" coveredstatements="25" conditionals="16" coveredconditionals="8" methods="2" coveredmethods="2"/>
        <line num="1" count="1" type="stmt"/>
        <line num="2" count="1" type="stmt"/>
        <line num="3" count="1" type="stmt"/>
        <line num="4" count="1" type="stmt"/>
        <line num="6" count="6" type="stmt"/>
        <line num="7" count="6" type="stmt"/>
        <line num="8" count="4" type="stmt"/>
        <line num="9" count="4" type="stmt"/>
        <line num="10" count="4" type="stmt"/>
        <line num="11" count="4" type="cond" truecount="1" falsecount="1"/>
        <line num="12" count="4" type="cond" truecount="1" falsecount="2"/>
        <line num="15" count="4" type="stmt"/>
        <line num="16" count="4" type="cond" truecount="1" falsecount="0"/>
        <line num="17" count="1" type="stmt"/>
        <line num="18" count="1" type="stmt"/>
        <line num="21" count="4" type="cond" truecount="1" falsecount="0"/>
        <line num="22" count="1" type="stmt"/>
        <line num="29" count="3" type="cond" truecount="3" falsecount="0"/>
        <line num="30" count="1" type="stmt"/>
        <line num="36" count="2" type="stmt"/>
        <line num="37" count="2" type="stmt"/>
        <line num="38" count="2" type="stmt"/>
        <line num="41" count="2" type="stmt"/>
        <line num="44" count="2" type="stmt"/>
        <line num="54" count="2" type="stmt"/>
        <line num="62" count="0" type="stmt"/>
        <line num="64" count="0" type="stmt"/>
        <line num="72" count="0" type="stmt"/>
      </file>
    </package>
    <package name="src.app.api.translation-status.[jobId]">
      <metrics statements="18" coveredstatements="0" conditionals="7" coveredconditionals="0" methods="2" coveredmethods="0"/>
      <file name="route.ts" path="/Users/mac/prismy-minimal/src/app/api/translation-status/[jobId]/route.ts">
        <metrics statements="18" coveredstatements="0" conditionals="7" coveredconditionals="0" methods="2" coveredmethods="0"/>
        <line num="1" count="0" type="stmt"/>
        <line num="3" count="0" type="stmt"/>
        <line num="7" count="0" type="stmt"/>
        <line num="8" count="0" type="stmt"/>
        <line num="11" count="0" type="stmt"/>
        <line num="13" count="0" type="stmt"/>
        <line num="15" count="0" type="cond" truecount="0" falsecount="1"/>
        <line num="16" count="0" type="stmt"/>
        <line num="22" count="0" type="stmt"/>
        <line num="23" count="0" type="stmt"/>
        <line num="26" count="0" type="cond" truecount="0" falsecount="1"/>
        <line num="27" count="0" type="stmt"/>
        <line num="28" count="0" type="stmt"/>
        <line num="38" count="0" type="cond" truecount="0" falsecount="1"/>
        <line num="39" count="0" type="stmt"/>
        <line num="49" count="0" type="stmt"/>
        <line num="57" count="0" type="stmt"/>
        <line num="58" count="0" type="stmt"/>
      </file>
    </package>
    <package name="src.app.api.upload">
      <metrics statements="44" coveredstatements="0" conditionals="6" coveredconditionals="0" methods="2" coveredmethods="0"/>
      <file name="route.ts" path="/Users/mac/prismy-minimal/src/app/api/upload/route.ts">
        <metrics statements="44" coveredstatements="0" conditionals="6" coveredconditionals="0" methods="2" coveredmethods="0"/>
        <line num="1" count="0" type="stmt"/>
        <line num="2" count="0" type="stmt"/>
        <line num="3" count="0" type="stmt"/>
        <line num="5" count="0" type="stmt"/>
        <line num="6" count="0" type="stmt"/>
        <line num="7" count="0" type="stmt"/>
        <line num="8" count="0" type="stmt"/>
        <line num="10" count="0" type="cond" truecount="0" falsecount="1"/>
        <line num="11" count="0" type="stmt"/>
        <line num="15" count="0" type="cond" truecount="0" falsecount="1"/>
        <line num="16" count="0" type="stmt"/>
        <line num="20" count="0" type="stmt"/>
        <line num="23" count="0" type="stmt"/>
        <line num="24" count="0" type="cond" truecount="0" falsecount="1"/>
        <line num="25" count="0" type="stmt"/>
        <line num="33" count="0" type="stmt"/>
        <line num="34" count="0" type="stmt"/>
        <line num="35" count="0" type="stmt"/>
        <line num="36" count="0" type="stmt"/>
        <line num="37" count="0" type="stmt"/>
        <line num="38" count="0" type="stmt"/>
        <line num="41" count="0" type="cond" truecount="0" falsecount="1"/>
        <line num="42" count="0" type="stmt"/>
        <line num="44" count="0" type="stmt"/>
        <line num="45" count="0" type="stmt"/>
        <line num="47" count="0" type="stmt"/>
        <line num="53" count="0" type="stmt"/>
        <line num="55" count="0" type="stmt"/>
        <line num="69" count="0" type="stmt"/>
        <line num="71" count="0" type="stmt"/>
        <line num="72" count="0" type="stmt"/>
        <line num="75" count="0" type="stmt"/>
        <line num="78" count="0" type="cond" truecount="0" falsecount="1"/>
        <line num="79" count="0" type="stmt"/>
        <line num="87" count="0" type="stmt"/>
        <line num="88" count="0" type="cond" truecount="0" falsecount="1"/>
        <line num="89" count="0" type="stmt"/>
        <line num="93" count="0" type="stmt"/>
        <line num="94" count="0" type="stmt"/>
        <line num="95" count="0" type="stmt"/>
        <line num="103" count="0" type="stmt"/>
        <line num="114" count="0" type="stmt"/>
        <line num="115" count="0" type="stmt"/>
        <line num="122" count="0" type="stmt"/>
      </file>
    </package>
    <package name="src.bin">
      <metrics statements="47" coveredstatements="0" conditionals="19" coveredconditionals="0" methods="6" coveredmethods="0"/>
      <file name="start-worker.ts" path="/Users/mac/prismy-minimal/src/bin/start-worker.ts">
        <metrics statements="12" coveredstatements="0" conditionals="4" coveredconditionals="0" methods="1" coveredmethods="0"/>
        <line num="2" count="0" type="stmt"/>
        <line num="3" count="0" type="stmt"/>
        <line num="5" count="0" type="stmt"/>
        <line num="6" count="0" type="stmt"/>
        <line num="9" count="0" type="stmt"/>
        <line num="10" count="0" type="stmt"/>
        <line num="12" count="0" type="stmt"/>
        <line num="13" count="0" type="cond" truecount="0" falsecount="2"/>
        <line num="14" count="0" type="cond" truecount="0" falsecount="2"/>
        <line num="16" count="0" type="stmt"/>
        <line num="17" count="0" type="stmt"/>
        <line num="18" count="0" type="stmt"/>
      </file>
      <file name="worker.ts" path="/Users/mac/prismy-minimal/src/bin/worker.ts">
        <metrics statements="35" coveredstatements="0" conditionals="15" coveredconditionals="0" methods="5" coveredmethods="0"/>
        <line num="2" count="0" type="stmt"/>
        <line num="3" count="0" type="stmt"/>
        <line num="4" count="0" type="stmt"/>
        <line num="8" count="0" type="stmt"/>
        <line num="9" count="0" type="stmt"/>
        <line num="12" count="0" type="stmt"/>
        <line num="13" count="0" type="stmt"/>
        <line num="16" count="0" type="cond" truecount="0" falsecount="1"/>
        <line num="17" count="0" type="stmt"/>
        <line num="18" count="0" type="stmt"/>
        <line num="19" count="0" type="stmt"/>
        <line num="22" count="0" type="cond" truecount="0" falsecount="2"/>
        <line num="23" count="0" type="stmt"/>
        <line num="26" count="0" type="stmt"/>
        <line num="28" count="0" type="cond" truecount="0" falsecount="3"/>
        <line num="29" count="0" type="stmt"/>
        <line num="30" count="0" type="stmt"/>
        <line num="31" count="0" type="stmt"/>
        <line num="35" count="0" type="cond" truecount="0" falsecount="3"/>
        <line num="36" count="0" type="stmt"/>
        <line num="37" count="0" type="stmt"/>
        <line num="38" count="0" type="stmt"/>
        <line num="41" count="0" type="stmt"/>
        <line num="42" count="0" type="cond" truecount="0" falsecount="2"/>
        <line num="43" count="0" type="cond" truecount="0" falsecount="2"/>
        <line num="44" count="0" type="cond" truecount="0" falsecount="2"/>
        <line num="47" count="0" type="stmt"/>
        <line num="48" count="0" type="stmt"/>
        <line num="53" count="0" type="stmt"/>
        <line num="54" count="0" type="stmt"/>
        <line num="55" count="0" type="stmt"/>
        <line num="58" count="0" type="stmt"/>
        <line num="59" count="0" type="stmt"/>
        <line num="60" count="0" type="stmt"/>
        <line num="64" count="0" type="stmt"/>
      </file>
    </package>
    <package name="src.components">
      <metrics statements="218" coveredstatements="0" conditionals="137" coveredconditionals="0" methods="31" coveredmethods="0"/>
      <file name="AsyncTranslationButton.tsx" path="/Users/mac/prismy-minimal/src/components/AsyncTranslationButton.tsx">
        <metrics statements="46" coveredstatements="0" conditionals="32" coveredconditionals="0" methods="5" coveredmethods="0"/>
        <line num="3" count="0" type="stmt"/>
        <line num="4" count="0" type="stmt"/>
        <line num="14" count="0" type="stmt"/>
        <line num="21" count="0" type="stmt"/>
        <line num="22" count="0" type="stmt"/>
        <line num="23" count="0" type="stmt"/>
        <line num="24" count="0" type="stmt"/>
        <line num="26" count="0" type="stmt"/>
        <line num="27" count="0" type="cond" truecount="0" falsecount="3"/>
        <line num="29" count="0" type="stmt"/>
        <line num="31" count="0" type="stmt"/>
        <line num="32" count="0" type="stmt"/>
        <line num="33" count="0" type="stmt"/>
        <line num="34" count="0" type="stmt"/>
        <line num="37" count="0" type="stmt"/>
        <line num="38" count="0" type="stmt"/>
        <line num="39" count="0" type="stmt"/>
        <line num="40" count="0" type="cond" truecount="0" falsecount="2"/>
        <line num="43" count="0" type="cond" truecount="0" falsecount="1"/>
        <line num="44" count="0" type="stmt"/>
        <line num="47" count="0" type="cond" truecount="0" falsecount="4"/>
        <line num="48" count="0" type="stmt"/>
        <line num="49" count="0" type="stmt"/>
        <line num="50" count="0" type="stmt"/>
        <line num="51" count="0" type="stmt"/>
        <line num="52" count="0" type="cond" truecount="0" falsecount="1"/>
        <line num="53" count="0" type="stmt"/>
        <line num="54" count="0" type="cond" truecount="0" falsecount="2"/>
        <line num="55" count="0" type="stmt"/>
        <line num="58" count="0" type="stmt"/>
        <line num="62" count="0" type="stmt"/>
        <line num="65" count="0" type="stmt"/>
        <line num="66" count="0" type="stmt"/>
        <line num="67" count="0" type="stmt"/>
        <line num="69" count="0" type="stmt"/>
        <line num="70" count="0" type="stmt"/>
        <line num="82" count="0" type="stmt"/>
        <line num="84" count="0" type="cond" truecount="0" falsecount="2"/>
        <line num="85" count="0" type="stmt"/>
        <line num="86" count="0" type="stmt"/>
        <line num="87" count="0" type="stmt"/>
        <line num="89" count="0" type="stmt"/>
        <line num="90" count="0" type="stmt"/>
        <line num="93" count="0" type="stmt"/>
        <line num="94" count="0" type="stmt"/>
        <line num="95" count="0" type="stmt"/>
      </file>
      <file name="FileUpload.tsx" path="/Users/mac/prismy-minimal/src/components/FileUpload.tsx">
        <metrics statements="22" coveredstatements="0" conditionals="19" coveredconditionals="0" methods="5" coveredmethods="0"/>
        <line num="3" count="0" type="stmt"/>
        <line num="10" count="0" type="stmt"/>
        <line num="11" count="0" type="stmt"/>
        <line num="12" count="0" type="stmt"/>
        <line num="14" count="0" type="stmt"/>
        <line num="15" count="0" type="stmt"/>
        <line num="16" count="0" type="stmt"/>
        <line num="17" count="0" type="cond" truecount="0" falsecount="4"/>
        <line num="18" count="0" type="stmt"/>
        <line num="19" count="0" type="cond" truecount="0" falsecount="1"/>
        <line num="20" count="0" type="stmt"/>
        <line num="24" count="0" type="stmt"/>
        <line num="25" count="0" type="stmt"/>
        <line num="26" count="0" type="stmt"/>
        <line num="27" count="0" type="stmt"/>
        <line num="29" count="0" type="cond" truecount="0" falsecount="3"/>
        <line num="30" count="0" type="stmt"/>
        <line num="34" count="0" type="stmt"/>
        <line num="35" count="0" type="stmt"/>
        <line num="36" count="0" type="cond" truecount="0" falsecount="3"/>
        <line num="37" count="0" type="stmt"/>
        <line num="48" count="0" type="stmt"/>
      </file>
      <file name="TranslationForm.tsx" path="/Users/mac/prismy-minimal/src/components/TranslationForm.tsx">
        <metrics statements="150" coveredstatements="0" conditionals="86" coveredconditionals="0" methods="21" coveredmethods="0"/>
        <line num="3" count="0" type="stmt"/>
        <line num="12" count="0" type="stmt"/>
        <line num="13" count="0" type="stmt"/>
        <line num="14" count="0" type="stmt"/>
        <line num="15" count="0" type="stmt"/>
        <line num="16" count="0" type="stmt"/>
        <line num="17" count="0" type="stmt"/>
        <line num="18" count="0" type="stmt"/>
        <line num="19" count="0" type="stmt"/>
        <line num="20" count="0" type="stmt"/>
        <line num="21" count="0" type="stmt"/>
        <line num="22" count="0" type="stmt"/>
        <line num="23" count="0" type="stmt"/>
        <line num="24" count="0" type="stmt"/>
        <line num="25" count="0" type="stmt"/>
        <line num="26" count="0" type="stmt"/>
        <line num="28" count="0" type="stmt"/>
        <line num="49" count="0" type="stmt"/>
        <line num="61" count="0" type="cond" truecount="0" falsecount="1"/>
        <line num="62" count="0" type="stmt"/>
        <line num="63" count="0" type="stmt"/>
        <line num="68" count="0" type="stmt"/>
        <line num="69" count="0" type="stmt"/>
        <line num="71" count="0" type="stmt"/>
        <line num="72" count="0" type="stmt"/>
        <line num="73" count="0" type="stmt"/>
        <line num="78" count="0" type="stmt"/>
        <line num="79" count="0" type="stmt"/>
        <line num="80" count="0" type="cond" truecount="0" falsecount="1"/>
        <line num="81" count="0" type="stmt"/>
        <line num="86" count="0" type="stmt"/>
        <line num="87" count="0" type="stmt"/>
        <line num="89" count="0" type="stmt"/>
        <line num="90" count="0" type="stmt"/>
        <line num="91" count="0" type="stmt"/>
        <line num="92" count="0" type="stmt"/>
        <line num="94" count="0" type="cond" truecount="0" falsecount="2"/>
        <line num="95" count="0" type="stmt"/>
        <line num="96" count="0" type="stmt"/>
        <line num="97" count="0" type="stmt"/>
        <line num="98" count="0" type="stmt"/>
        <line num="99" count="0" type="stmt"/>
        <line num="100" count="0" type="stmt"/>
        <line num="101" count="0" type="stmt"/>
        <line num="102" count="0" type="cond" truecount="0" falsecount="2"/>
        <line num="103" count="0" type="stmt"/>
        <line num="104" count="0" type="stmt"/>
        <line num="105" count="0" type="cond" truecount="0" falsecount="2"/>
        <line num="106" count="0" type="stmt"/>
        <line num="107" count="0" type="stmt"/>
        <line num="108" count="0" type="cond" truecount="0" falsecount="1"/>
        <line num="109" count="0" type="stmt"/>
        <line num="112" count="0" type="stmt"/>
        <line num="116" count="0" type="stmt"/>
        <line num="119" count="0" type="cond" truecount="0" falsecount="1"/>
        <line num="120" count="0" type="cond" truecount="0" falsecount="1"/>
        <line num="121" count="0" type="stmt"/>
        <line num="122" count="0" type="stmt"/>
        <line num="125" count="0" type="stmt"/>
        <line num="126" count="0" type="stmt"/>
        <line num="127" count="0" type="stmt"/>
        <line num="128" count="0" type="stmt"/>
        <line num="129" count="0" type="stmt"/>
        <line num="131" count="0" type="stmt"/>
        <line num="138" count="0" type="stmt"/>
        <line num="139" count="0" type="cond" truecount="0" falsecount="2"/>
        <line num="140" count="0" type="stmt"/>
        <line num="146" count="0" type="stmt"/>
        <line num="148" count="0" type="cond" truecount="0" falsecount="1"/>
        <line num="149" count="0" type="cond" truecount="0" falsecount="2"/>
        <line num="152" count="0" type="cond" truecount="0" falsecount="4"/>
        <line num="153" count="0" type="stmt"/>
        <line num="154" count="0" type="stmt"/>
        <line num="155" count="0" type="stmt"/>
        <line num="157" count="0" type="cond" truecount="0" falsecount="2"/>
        <line num="158" count="0" type="cond" truecount="0" falsecount="2"/>
        <line num="159" count="0" type="stmt"/>
        <line num="160" count="0" type="stmt"/>
        <line num="161" count="0" type="stmt"/>
        <line num="165" count="0" type="stmt"/>
        <line num="166" count="0" type="cond" truecount="0" falsecount="2"/>
        <line num="167" count="0" type="stmt"/>
        <line num="168" count="0" type="cond" truecount="0" falsecount="2"/>
        <line num="172" count="0" type="stmt"/>
        <line num="173" count="0" type="stmt"/>
        <line num="174" count="0" type="cond" truecount="0" falsecount="1"/>
        <line num="176" count="0" type="stmt"/>
        <line num="177" count="0" type="stmt"/>
        <line num="178" count="0" type="stmt"/>
        <line num="179" count="0" type="stmt"/>
        <line num="181" count="0" type="stmt"/>
        <line num="182" count="0" type="stmt"/>
        <line num="184" count="0" type="stmt"/>
        <line num="189" count="0" type="stmt"/>
        <line num="191" count="0" type="cond" truecount="0" falsecount="1"/>
        <line num="192" count="0" type="cond" truecount="0" falsecount="2"/>
        <line num="196" count="0" type="cond" truecount="0" falsecount="4"/>
        <line num="197" count="0" type="stmt"/>
        <line num="201" count="0" type="stmt"/>
        <line num="202" count="0" type="stmt"/>
        <line num="204" count="0" type="stmt"/>
        <line num="205" count="0" type="stmt"/>
        <line num="207" count="0" type="stmt"/>
        <line num="208" count="0" type="stmt"/>
        <line num="209" count="0" type="stmt"/>
        <line num="211" count="0" type="cond" truecount="0" falsecount="2"/>
        <line num="212" count="0" type="stmt"/>
        <line num="213" count="0" type="stmt"/>
        <line num="214" count="0" type="stmt"/>
        <line num="219" count="0" type="stmt"/>
        <line num="220" count="0" type="stmt"/>
        <line num="223" count="0" type="cond" truecount="0" falsecount="3"/>
        <line num="224" count="0" type="stmt"/>
        <line num="225" count="0" type="stmt"/>
        <line num="228" count="0" type="cond" truecount="0" falsecount="2"/>
        <line num="229" count="0" type="stmt"/>
        <line num="230" count="0" type="stmt"/>
        <line num="231" count="0" type="cond" truecount="0" falsecount="1"/>
        <line num="232" count="0" type="stmt"/>
        <line num="233" count="0" type="stmt"/>
        <line num="236" count="0" type="stmt"/>
        <line num="237" count="0" type="cond" truecount="0" falsecount="2"/>
        <line num="238" count="0" type="stmt"/>
        <line num="244" count="0" type="stmt"/>
        <line num="245" count="0" type="stmt"/>
        <line num="250" count="0" type="stmt"/>
        <line num="251" count="0" type="stmt"/>
        <line num="255" count="0" type="stmt"/>
        <line num="256" count="0" type="cond" truecount="0" falsecount="2"/>
        <line num="257" count="0" type="stmt"/>
        <line num="258" count="0" type="cond" truecount="0" falsecount="2"/>
        <line num="262" count="0" type="stmt"/>
        <line num="263" count="0" type="stmt"/>
        <line num="264" count="0" type="stmt"/>
        <line num="265" count="0" type="stmt"/>
        <line num="266" count="0" type="stmt"/>
        <line num="267" count="0" type="stmt"/>
        <line num="268" count="0" type="stmt"/>
        <line num="269" count="0" type="stmt"/>
        <line num="270" count="0" type="cond" truecount="0" falsecount="1"/>
        <line num="271" count="0" type="stmt"/>
        <line num="272" count="0" type="stmt"/>
        <line num="292" count="0" type="stmt"/>
        <line num="294" count="0" type="stmt"/>
        <line num="318" count="0" type="stmt"/>
        <line num="322" count="0" type="stmt"/>
        <line num="382" count="0" type="stmt"/>
        <line num="398" count="0" type="stmt"/>
        <line num="453" count="0" type="stmt"/>
        <line num="467" count="0" type="stmt"/>
      </file>
    </package>
    <package name="src.components.features">
      <metrics statements="239" coveredstatements="0" conditionals="120" coveredconditionals="0" methods="74" coveredmethods="0"/>
      <file name="BatchUploader.tsx" path="/Users/mac/prismy-minimal/src/components/features/BatchUploader.tsx">
        <metrics statements="110" coveredstatements="0" conditionals="74" coveredconditionals="0" methods="37" coveredmethods="0"/>
        <line num="3" count="0" type="stmt"/>
        <line num="4" count="0" type="stmt"/>
        <line num="5" count="0" type="stmt"/>
        <line num="6" count="0" type="stmt"/>
        <line num="20" count="0" type="stmt"/>
        <line num="21" count="0" type="stmt"/>
        <line num="22" count="0" type="stmt"/>
        <line num="23" count="0" type="stmt"/>
        <line num="24" count="0" type="stmt"/>
        <line num="25" count="0" type="stmt"/>
        <line num="26" count="0" type="stmt"/>
        <line num="28" count="0" type="stmt"/>
        <line num="29" count="0" type="cond" truecount="0" falsecount="2"/>
        <line num="30" count="0" type="stmt"/>
        <line num="35" count="0" type="stmt"/>
        <line num="37" count="0" type="cond" truecount="0" falsecount="1"/>
        <line num="38" count="0" type="stmt"/>
        <line num="42" count="0" type="stmt"/>
        <line num="43" count="0" type="stmt"/>
        <line num="44" count="0" type="stmt"/>
        <line num="45" count="0" type="stmt"/>
        <line num="46" count="0" type="stmt"/>
        <line num="47" count="0" type="stmt"/>
        <line num="51" count="0" type="stmt"/>
        <line num="52" count="0" type="stmt"/>
        <line num="53" count="0" type="stmt"/>
        <line num="55" count="0" type="stmt"/>
        <line num="56" count="0" type="stmt"/>
        <line num="57" count="0" type="cond" truecount="0" falsecount="1"/>
        <line num="59" count="0" type="stmt"/>
        <line num="60" count="0" type="cond" truecount="0" falsecount="2"/>
        <line num="63" count="0" type="stmt"/>
        <line num="64" count="0" type="stmt"/>
        <line num="65" count="0" type="stmt"/>
        <line num="67" count="0" type="stmt"/>
        <line num="72" count="0" type="stmt"/>
        <line num="74" count="0" type="cond" truecount="0" falsecount="1"/>
        <line num="75" count="0" type="cond" truecount="0" falsecount="2"/>
        <line num="78" count="0" type="stmt"/>
        <line num="79" count="0" type="cond" truecount="0" falsecount="2"/>
        <line num="83" count="0" type="cond" truecount="0" falsecount="1"/>
        <line num="84" count="0" type="stmt"/>
        <line num="94" count="0" type="cond" truecount="0" falsecount="2"/>
        <line num="95" count="0" type="stmt"/>
        <line num="99" count="0" type="stmt"/>
        <line num="100" count="0" type="cond" truecount="0" falsecount="2"/>
        <line num="105" count="0" type="stmt"/>
        <line num="107" count="0" type="stmt"/>
        <line num="108" count="0" type="cond" truecount="0" falsecount="3"/>
        <line num="109" count="0" type="stmt"/>
        <line num="113" count="0" type="stmt"/>
        <line num="114" count="0" type="stmt"/>
        <line num="115" count="0" type="stmt"/>
        <line num="118" count="0" type="stmt"/>
        <line num="119" count="0" type="cond" truecount="0" falsecount="3"/>
        <line num="121" count="0" type="cond" truecount="0" falsecount="1"/>
        <line num="122" count="0" type="cond" truecount="0" falsecount="1"/>
        <line num="123" count="0" type="stmt"/>
        <line num="127" count="0" type="stmt"/>
        <line num="140" count="0" type="stmt"/>
        <line num="141" count="0" type="stmt"/>
        <line num="143" count="0" type="stmt"/>
        <line num="144" count="0" type="stmt"/>
        <line num="147" count="0" type="stmt"/>
        <line num="150" count="0" type="cond" truecount="0" falsecount="3"/>
        <line num="151" count="0" type="stmt"/>
        <line num="152" count="0" type="stmt"/>
        <line num="155" count="0" type="stmt"/>
        <line num="156" count="0" type="stmt"/>
        <line num="161" count="0" type="stmt"/>
        <line num="162" count="0" type="stmt"/>
        <line num="163" count="0" type="stmt"/>
        <line num="165" count="0" type="cond" truecount="0" falsecount="2"/>
        <line num="167" count="0" type="cond" truecount="0" falsecount="1"/>
        <line num="168" count="0" type="stmt"/>
        <line num="169" count="0" type="stmt"/>
        <line num="172" count="0" type="stmt"/>
        <line num="173" count="0" type="stmt"/>
        <line num="186" count="0" type="stmt"/>
        <line num="187" count="0" type="stmt"/>
        <line num="191" count="0" type="stmt"/>
        <line num="195" count="0" type="stmt"/>
        <line num="198" count="0" type="stmt"/>
        <line num="200" count="0" type="stmt"/>
        <line num="201" count="0" type="stmt"/>
        <line num="202" count="0" type="stmt"/>
        <line num="205" count="0" type="stmt"/>
        <line num="206" count="0" type="stmt"/>
        <line num="209" count="0" type="stmt"/>
        <line num="210" count="0" type="stmt"/>
        <line num="212" count="0" type="stmt"/>
        <line num="216" count="0" type="stmt"/>
        <line num="217" count="0" type="stmt"/>
        <line num="218" count="0" type="stmt"/>
        <line num="221" count="0" type="stmt"/>
        <line num="222" count="0" type="stmt"/>
        <line num="234" count="0" type="stmt"/>
        <line num="235" count="0" type="cond" truecount="0" falsecount="1"/>
        <line num="236" count="0" type="cond" truecount="0" falsecount="1"/>
        <line num="237" count="0" type="cond" truecount="0" falsecount="1"/>
        <line num="238" count="0" type="stmt"/>
        <line num="241" count="0" type="stmt"/>
        <line num="242" count="0" type="stmt"/>
        <line num="243" count="0" type="stmt"/>
        <line num="314" count="0" type="cond" truecount="0" falsecount="1"/>
        <line num="315" count="0" type="stmt"/>
        <line num="316" count="0" type="stmt"/>
        <line num="330" count="0" type="stmt"/>
        <line num="353" count="0" type="stmt"/>
        <line num="367" count="0" type="stmt"/>
      </file>
      <file name="DocumentUploader.tsx" path="/Users/mac/prismy-minimal/src/components/features/DocumentUploader.tsx">
        <metrics statements="36" coveredstatements="0" conditionals="22" coveredconditionals="0" methods="7" coveredmethods="0"/>
        <line num="3" count="0" type="stmt"/>
        <line num="4" count="0" type="stmt"/>
        <line num="15" count="0" type="stmt"/>
        <line num="16" count="0" type="stmt"/>
        <line num="17" count="0" type="stmt"/>
        <line num="18" count="0" type="stmt"/>
        <line num="19" count="0" type="stmt"/>
        <line num="21" count="0" type="stmt"/>
        <line num="29" count="0" type="stmt"/>
        <line num="30" count="0" type="cond" truecount="0" falsecount="2"/>
        <line num="33" count="0" type="stmt"/>
        <line num="34" count="0" type="stmt"/>
        <line num="35" count="0" type="cond" truecount="0" falsecount="1"/>
        <line num="37" count="0" type="stmt"/>
        <line num="38" count="0" type="stmt"/>
        <line num="39" count="0" type="stmt"/>
        <line num="41" count="0" type="stmt"/>
        <line num="42" count="0" type="stmt"/>
        <line num="43" count="0" type="stmt"/>
        <line num="45" count="0" type="stmt"/>
        <line num="50" count="0" type="stmt"/>
        <line num="52" count="0" type="cond" truecount="0" falsecount="1"/>
        <line num="53" count="0" type="cond" truecount="0" falsecount="3"/>
        <line num="56" count="0" type="stmt"/>
        <line num="57" count="0" type="stmt"/>
        <line num="59" count="0" type="stmt"/>
        <line num="60" count="0" type="cond" truecount="0" falsecount="2"/>
        <line num="62" count="0" type="stmt"/>
        <line num="79" count="0" type="stmt"/>
        <line num="117" count="0" type="stmt"/>
        <line num="118" count="0" type="stmt"/>
        <line num="119" count="0" type="stmt"/>
        <line num="182" count="0" type="stmt"/>
        <line num="193" count="0" type="stmt"/>
        <line num="194" count="0" type="stmt"/>
        <line num="195" count="0" type="stmt"/>
      </file>
      <file name="TierSelector.tsx" path="/Users/mac/prismy-minimal/src/components/features/TierSelector.tsx">
        <metrics statements="4" coveredstatements="0" conditionals="4" coveredconditionals="0" methods="3" coveredmethods="0"/>
        <line num="10" count="0" type="stmt"/>
        <line num="11" count="0" type="stmt"/>
        <line num="38" count="0" type="stmt"/>
        <line num="40" count="0" type="stmt"/>
      </file>
      <file name="TranslationHistory.tsx" path="/Users/mac/prismy-minimal/src/components/features/TranslationHistory.tsx">
        <metrics statements="32" coveredstatements="0" conditionals="4" coveredconditionals="0" methods="9" coveredmethods="0"/>
        <line num="3" count="0" type="stmt"/>
        <line num="4" count="0" type="stmt"/>
        <line num="16" count="0" type="stmt"/>
        <line num="17" count="0" type="stmt"/>
        <line num="18" count="0" type="stmt"/>
        <line num="20" count="0" type="stmt"/>
        <line num="21" count="0" type="stmt"/>
        <line num="22" count="0" type="cond" truecount="0" falsecount="1"/>
        <line num="23" count="0" type="stmt"/>
        <line num="24" count="0" type="stmt"/>
        <line num="25" count="0" type="stmt"/>
        <line num="27" count="0" type="stmt"/>
        <line num="32" count="0" type="stmt"/>
        <line num="33" count="0" type="stmt"/>
        <line num="36" count="0" type="stmt"/>
        <line num="37" count="0" type="cond" truecount="0" falsecount="1"/>
        <line num="38" count="0" type="stmt"/>
        <line num="43" count="0" type="stmt"/>
        <line num="44" count="0" type="stmt"/>
        <line num="47" count="0" type="stmt"/>
        <line num="49" count="0" type="stmt"/>
        <line num="50" count="0" type="stmt"/>
        <line num="51" count="0" type="stmt"/>
        <line num="55" count="0" type="stmt"/>
        <line num="56" count="0" type="cond" truecount="0" falsecount="1"/>
        <line num="57" count="0" type="stmt"/>
        <line num="58" count="0" type="stmt"/>
        <line num="62" count="0" type="stmt"/>
        <line num="63" count="0" type="stmt"/>
        <line num="64" count="0" type="stmt"/>
        <line num="67" count="0" type="cond" truecount="0" falsecount="1"/>
        <line num="108" count="0" type="stmt"/>
      </file>
      <file name="TranslationResult.tsx" path="/Users/mac/prismy-minimal/src/components/features/TranslationResult.tsx">
        <metrics statements="21" coveredstatements="0" conditionals="7" coveredconditionals="0" methods="5" coveredmethods="0"/>
        <line num="3" count="0" type="stmt"/>
        <line num="4" count="0" type="stmt"/>
        <line num="10" count="0" type="stmt"/>
        <line num="11" count="0" type="stmt"/>
        <line num="13" count="0" type="stmt"/>
        <line num="14" count="0" type="cond" truecount="0" falsecount="1"/>
        <line num="15" count="0" type="stmt"/>
        <line num="16" count="0" type="stmt"/>
        <line num="17" count="0" type="stmt"/>
        <line num="21" count="0" type="stmt"/>
        <line num="22" count="0" type="cond" truecount="0" falsecount="1"/>
        <line num="23" count="0" type="stmt"/>
        <line num="24" count="0" type="stmt"/>
        <line num="25" count="0" type="stmt"/>
        <line num="26" count="0" type="stmt"/>
        <line num="27" count="0" type="stmt"/>
        <line num="28" count="0" type="cond" truecount="0" falsecount="2"/>
        <line num="29" count="0" type="stmt"/>
        <line num="30" count="0" type="stmt"/>
        <line num="34" count="0" type="cond" truecount="0" falsecount="1"/>
        <line num="104" count="0" type="stmt"/>
      </file>
      <file name="TranslationSettings.tsx" path="/Users/mac/prismy-minimal/src/components/features/TranslationSettings.tsx">
        <metrics statements="16" coveredstatements="0" conditionals="2" coveredconditionals="0" methods="7" coveredmethods="0"/>
        <line num="3" count="0" type="stmt"/>
        <line num="4" count="0" type="stmt"/>
        <line num="10" count="0" type="stmt"/>
        <line num="11" count="0" type="stmt"/>
        <line num="17" count="0" type="stmt"/>
        <line num="28" count="0" type="stmt"/>
        <line num="52" count="0" type="stmt"/>
        <line num="53" count="0" type="stmt"/>
        <line num="54" count="0" type="stmt"/>
        <line num="55" count="0" type="stmt"/>
        <line num="73" count="0" type="stmt"/>
        <line num="77" count="0" type="stmt"/>
        <line num="91" count="0" type="stmt"/>
        <line num="92" count="0" type="stmt"/>
        <line num="95" count="0" type="stmt"/>
        <line num="119" count="0" type="stmt"/>
      </file>
      <file name="TranslationStatus.tsx" path="/Users/mac/prismy-minimal/src/components/features/TranslationStatus.tsx">
        <metrics statements="20" coveredstatements="0" conditionals="7" coveredconditionals="0" methods="6" coveredmethods="0"/>
        <line num="3" count="0" type="stmt"/>
        <line num="4" count="0" type="stmt"/>
        <line num="11" count="0" type="stmt"/>
        <line num="12" count="0" type="stmt"/>
        <line num="13" count="0" type="stmt"/>
        <line num="14" count="0" type="stmt"/>
        <line num="16" count="0" type="stmt"/>
        <line num="17" count="0" type="cond" truecount="0" falsecount="1"/>
        <line num="19" count="0" type="stmt"/>
        <line num="22" count="0" type="stmt"/>
        <line num="23" count="0" type="stmt"/>
        <line num="24" count="0" type="cond" truecount="0" falsecount="1"/>
        <line num="25" count="0" type="stmt"/>
        <line num="26" count="0" type="stmt"/>
        <line num="27" count="0" type="stmt"/>
        <line num="28" count="0" type="stmt"/>
        <line num="30" count="0" type="stmt"/>
        <line num="34" count="0" type="stmt"/>
        <line num="37" count="0" type="cond" truecount="0" falsecount="1"/>
        <line num="86" count="0" type="stmt"/>
      </file>
    </package>
    <package name="src.components.features.AsyncTranslation">
      <metrics statements="33" coveredstatements="0" conditionals="11" coveredconditionals="0" methods="4" coveredmethods="0"/>
      <file name="AsyncTranslationButton.tsx" path="/Users/mac/prismy-minimal/src/components/features/AsyncTranslation/AsyncTranslationButton.tsx">
        <metrics statements="33" coveredstatements="0" conditionals="11" coveredconditionals="0" methods="4" coveredmethods="0"/>
        <line num="3" count="0" type="stmt"/>
        <line num="4" count="0" type="stmt"/>
        <line num="5" count="0" type="stmt"/>
        <line num="14" count="0" type="stmt"/>
        <line num="20" count="0" type="stmt"/>
        <line num="21" count="0" type="stmt"/>
        <line num="22" count="0" type="stmt"/>
        <line num="24" count="0" type="stmt"/>
        <line num="25" count="0" type="stmt"/>
        <line num="27" count="0" type="stmt"/>
        <line num="29" count="0" type="stmt"/>
        <line num="35" count="0" type="stmt"/>
        <line num="36" count="0" type="cond" truecount="0" falsecount="1"/>
        <line num="37" count="0" type="stmt"/>
        <line num="38" count="0" type="stmt"/>
        <line num="41" count="0" type="stmt"/>
        <line num="42" count="0" type="stmt"/>
        <line num="46" count="0" type="stmt"/>
        <line num="47" count="0" type="stmt"/>
        <line num="48" count="0" type="stmt"/>
        <line num="49" count="0" type="stmt"/>
        <line num="50" count="0" type="stmt"/>
        <line num="52" count="0" type="cond" truecount="0" falsecount="2"/>
        <line num="53" count="0" type="stmt"/>
        <line num="54" count="0" type="stmt"/>
        <line num="55" count="0" type="stmt"/>
        <line num="56" count="0" type="cond" truecount="0" falsecount="2"/>
        <line num="57" count="0" type="stmt"/>
        <line num="58" count="0" type="stmt"/>
        <line num="59" count="0" type="stmt"/>
        <line num="60" count="0" type="cond" truecount="0" falsecount="1"/>
        <line num="61" count="0" type="stmt"/>
        <line num="64" count="0" type="stmt"/>
      </file>
    </package>
    <package name="src.components.ui">
      <metrics statements="8" coveredstatements="0" conditionals="2" coveredconditionals="0" methods="2" coveredmethods="0"/>
      <file name="button.tsx" path="/Users/mac/prismy-minimal/src/components/ui/button.tsx">
        <metrics statements="4" coveredstatements="0" conditionals="2" coveredconditionals="0" methods="1" coveredmethods="0"/>
        <line num="1" count="0" type="stmt"/>
        <line num="2" count="0" type="stmt"/>
        <line num="9" count="0" type="stmt"/>
        <line num="36" count="0" type="stmt"/>
      </file>
      <file name="card.tsx" path="/Users/mac/prismy-minimal/src/components/ui/card.tsx">
        <metrics statements="4" coveredstatements="0" conditionals="0" coveredconditionals="0" methods="1" coveredmethods="0"/>
        <line num="1" count="0" type="stmt"/>
        <line num="2" count="0" type="stmt"/>
        <line num="6" count="0" type="stmt"/>
        <line num="21" count="0" type="stmt"/>
      </file>
    </package>
    <package name="src.lib">
      <metrics statements="2" coveredstatements="0" conditionals="0" coveredconditionals="0" methods="0" coveredmethods="0"/>
      <file name="config.ts" path="/Users/mac/prismy-minimal/src/lib/config.ts">
        <metrics statements="1" coveredstatements="0" conditionals="0" coveredconditionals="0" methods="0" coveredmethods="0"/>
        <line num="1" count="0" type="stmt"/>
      </file>
      <file name="prisma.ts" path="/Users/mac/prismy-minimal/src/lib/prisma.ts">
        <metrics statements="1" coveredstatements="0" conditionals="0" coveredconditionals="0" methods="0" coveredmethods="0"/>
        <line num="2" count="0" type="stmt"/>
      </file>
    </package>
    <package name="src.lib.ai.analyzers">
      <metrics statements="9" coveredstatements="0" conditionals="16" coveredconditionals="0" methods="3" coveredmethods="0"/>
      <file name="document.analyzer.ts" path="/Users/mac/prismy-minimal/src/lib/ai/analyzers/document.analyzer.ts">
        <metrics statements="9" coveredstatements="0" conditionals="16" coveredconditionals="0" methods="3" coveredmethods="0"/>
        <line num="1" count="0" type="stmt"/>
        <line num="3" count="0" type="stmt"/>
        <line num="5" count="0" type="stmt"/>
        <line num="9" count="0" type="stmt"/>
        <line num="16" count="0" type="stmt"/>
        <line num="19" count="0" type="stmt"/>
        <line num="41" count="0" type="cond" truecount="0" falsecount="2"/>
        <line num="43" count="0" type="stmt"/>
        <line num="57" count="0" type="stmt"/>
      </file>
    </package>
    <package name="src.lib.ai.orchestrator">
      <metrics statements="33" coveredstatements="0" conditionals="0" coveredconditionals="0" methods="6" coveredmethods="0"/>
      <file name="base.orchestrator.ts" path="/Users/mac/prismy-minimal/src/lib/ai/orchestrator/base.orchestrator.ts">
        <metrics statements="21" coveredstatements="0" conditionals="0" coveredconditionals="0" methods="4" coveredmethods="0"/>
        <line num="1" count="0" type="stmt"/>
        <line num="2" count="0" type="stmt"/>
        <line num="3" count="0" type="stmt"/>
        <line num="6" count="0" type="stmt"/>
        <line num="9" count="0" type="stmt"/>
        <line num="12" count="0" type="stmt"/>
        <line num="13" count="0" type="stmt"/>
        <line num="17" count="0" type="stmt"/>
        <line num="19" count="0" type="stmt"/>
        <line num="20" count="0" type="stmt"/>
        <line num="23" count="0" type="stmt"/>
        <line num="24" count="0" type="stmt"/>
        <line num="27" count="0" type="stmt"/>
        <line num="28" count="0" type="stmt"/>
        <line num="31" count="0" type="stmt"/>
        <line num="32" count="0" type="stmt"/>
        <line num="36" count="0" type="stmt"/>
        <line num="43" count="0" type="stmt"/>
        <line num="44" count="0" type="stmt"/>
        <line num="49" count="0" type="stmt"/>
        <line num="55" count="0" type="stmt"/>
      </file>
      <file name="processing.pipeline.ts" path="/Users/mac/prismy-minimal/src/lib/ai/orchestrator/processing.pipeline.ts">
        <metrics statements="12" coveredstatements="0" conditionals="0" coveredconditionals="0" methods="2" coveredmethods="0"/>
        <line num="8" count="0" type="stmt"/>
        <line num="9" count="0" type="stmt"/>
        <line num="12" count="0" type="stmt"/>
        <line num="14" count="0" type="stmt"/>
        <line num="17" count="0" type="stmt"/>
        <line num="18" count="0" type="stmt"/>
        <line num="21" count="0" type="stmt"/>
        <line num="22" count="0" type="stmt"/>
        <line num="25" count="0" type="stmt"/>
        <line num="27" count="0" type="stmt"/>
        <line num="37" count="0" type="stmt"/>
        <line num="38" count="0" type="stmt"/>
      </file>
    </package>
    <package name="src.lib.ai.strategies">
      <metrics statements="21" coveredstatements="0" conditionals="4" coveredconditionals="0" methods="6" coveredmethods="0"/>
      <file name="base.strategy.ts" path="/Users/mac/prismy-minimal/src/lib/ai/strategies/base.strategy.ts">
        <metrics statements="4" coveredstatements="0" conditionals="0" coveredconditionals="0" methods="3" coveredmethods="0"/>
        <line num="10" count="0" type="stmt"/>
        <line num="14" count="0" type="stmt"/>
        <line num="21" count="0" type="stmt"/>
        <line num="26" count="0" type="stmt"/>
      </file>
      <file name="general.strategy.ts" path="/Users/mac/prismy-minimal/src/lib/ai/strategies/general.strategy.ts">
        <metrics statements="9" coveredstatements="0" conditionals="2" coveredconditionals="0" methods="2" coveredmethods="0"/>
        <line num="1" count="0" type="stmt"/>
        <line num="2" count="0" type="stmt"/>
        <line num="5" count="0" type="stmt"/>
        <line num="9" count="0" type="stmt"/>
        <line num="10" count="0" type="stmt"/>
        <line num="16" count="0" type="stmt"/>
        <line num="19" count="0" type="stmt"/>
        <line num="33" count="0" type="cond" truecount="0" falsecount="2"/>
        <line num="34" count="0" type="stmt"/>
      </file>
      <file name="strategy.selector.ts" path="/Users/mac/prismy-minimal/src/lib/ai/strategies/strategy.selector.ts">
        <metrics statements="6" coveredstatements="0" conditionals="2" coveredconditionals="0" methods="1" coveredmethods="0"/>
        <line num="3" count="0" type="stmt"/>
        <line num="4" count="0" type="stmt"/>
        <line num="13" count="0" type="stmt"/>
        <line num="14" count="0" type="stmt"/>
        <line num="28" count="0" type="cond" truecount="0" falsecount="2"/>
        <line num="31" count="0" type="stmt"/>
      </file>
      <file name="technical.strategy.ts" path="/Users/mac/prismy-minimal/src/lib/ai/strategies/technical.strategy.ts">
        <metrics statements="2" coveredstatements="0" conditionals="0" coveredconditionals="0" methods="0" coveredmethods="0"/>
        <line num="1" count="0" type="stmt"/>
        <line num="3" count="0" type="stmt"/>
      </file>
    </package>
    <package name="src.lib.api">
      <metrics statements="5" coveredstatements="0" conditionals="0" coveredconditionals="0" methods="1" coveredmethods="0"/>
      <file name="translation.ts" path="/Users/mac/prismy-minimal/src/lib/api/translation.ts">
        <metrics statements="5" coveredstatements="0" conditionals="0" coveredconditionals="0" methods="1" coveredmethods="0"/>
        <line num="21" count="0" type="stmt"/>
        <line num="22" count="0" type="stmt"/>
        <line num="23" count="0" type="stmt"/>
        <line num="29" count="0" type="stmt"/>
        <line num="31" count="0" type="stmt"/>
      </file>
    </package>
    <package name="src.lib.auth">
      <metrics statements="50" coveredstatements="22" conditionals="13" coveredconditionals="5" methods="9" coveredmethods="5"/>
      <file name="api-key.ts" path="/Users/mac/prismy-minimal/src/lib/auth/api-key.ts">
        <metrics statements="27" coveredstatements="0" conditionals="7" coveredconditionals="0" methods="4" coveredmethods="0"/>
        <line num="1" count="0" type="stmt"/>
        <line num="2" count="0" type="stmt"/>
        <line num="3" count="0" type="stmt"/>
        <line num="5" count="0" type="stmt"/>
        <line num="8" count="0" type="cond" truecount="0" falsecount="1"/>
        <line num="9" count="0" type="cond" truecount="0" falsecount="2"/>
        <line num="10" count="0" type="stmt"/>
        <line num="14" count="0" type="stmt"/>
        <line num="15" count="0" type="stmt"/>
        <line num="16" count="0" type="stmt"/>
        <line num="26" count="0" type="cond" truecount="0" falsecount="1"/>
        <line num="27" count="0" type="stmt"/>
        <line num="31" count="0" type="cond" truecount="0" falsecount="3"/>
        <line num="32" count="0" type="stmt"/>
        <line num="36" count="0" type="stmt"/>
        <line num="44" count="0" type="stmt"/>
        <line num="52" count="0" type="stmt"/>
        <line num="53" count="0" type="stmt"/>
        <line num="58" count="0" type="stmt"/>
        <line num="70" count="0" type="stmt"/>
        <line num="71" count="0" type="stmt"/>
        <line num="83" count="0" type="stmt"/>
        <line num="84" count="0" type="stmt"/>
        <line num="89" count="0" type="stmt"/>
        <line num="90" count="0" type="stmt"/>
        <line num="92" count="0" type="stmt"/>
        <line num="99" count="0" type="stmt"/>
      </file>
      <file name="auth.service.ts" path="/Users/mac/prismy-minimal/src/lib/auth/auth.service.ts">
        <metrics statements="23" coveredstatements="22" conditionals="6" coveredconditionals="5" methods="5" coveredmethods="5"/>
        <line num="1" count="1" type="stmt"/>
        <line num="2" count="1" type="stmt"/>
        <line num="4" count="0" type="stmt"/>
        <line num="6" count="5" type="stmt"/>
        <line num="7" count="5" type="stmt"/>
        <line num="12" count="4" type="cond" truecount="3" falsecount="0"/>
        <line num="13" count="2" type="stmt"/>
        <line num="17" count="2" type="stmt"/>
        <line num="22" count="2" type="stmt"/>
        <line num="24" count="1" type="stmt"/>
        <line num="25" count="1" type="stmt"/>
        <line num="39" count="2" type="stmt"/>
        <line num="40" count="2" type="stmt"/>
        <line num="48" count="1" type="stmt"/>
        <line num="53" count="4" type="cond" truecount="1" falsecount="1"/>
        <line num="54" count="4" type="stmt"/>
        <line num="55" count="128" type="stmt"/>
        <line num="57" count="4" type="stmt"/>
        <line num="61" count="2" type="stmt"/>
        <line num="65" count="2" type="cond" truecount="1" falsecount="0"/>
        <line num="66" count="1" type="stmt"/>
        <line num="69" count="1" type="stmt"/>
        <line num="79" count="12" type="stmt"/>
      </file>
    </package>
    <package name="src.lib.parsers">
      <metrics statements="31" coveredstatements="0" conditionals="16" coveredconditionals="0" methods="4" coveredmethods="0"/>
      <file name="docx.ts" path="/Users/mac/prismy-minimal/src/lib/parsers/docx.ts">
        <metrics statements="7" coveredstatements="0" conditionals="0" coveredconditionals="0" methods="1" coveredmethods="0"/>
        <line num="1" count="0" type="stmt"/>
        <line num="3" count="0" type="stmt"/>
        <line num="4" count="0" type="stmt"/>
        <line num="5" count="0" type="stmt"/>
        <line num="6" count="0" type="stmt"/>
        <line num="8" count="0" type="stmt"/>
        <line num="9" count="0" type="stmt"/>
      </file>
      <file name="index.ts" path="/Users/mac/prismy-minimal/src/lib/parsers/index.ts">
        <metrics statements="24" coveredstatements="0" conditionals="16" coveredconditionals="0" methods="3" coveredmethods="0"/>
        <line num="1" count="0" type="stmt"/>
        <line num="3" count="0" type="stmt"/>
        <line num="4" count="0" type="stmt"/>
        <line num="5" count="0" type="stmt"/>
        <line num="7" count="0" type="cond" truecount="0" falsecount="2"/>
        <line num="9" count="0" type="stmt"/>
        <line num="10" count="0" type="cond" truecount="0" falsecount="4"/>
        <line num="11" count="0" type="stmt"/>
        <line num="12" count="0" type="cond" truecount="0" falsecount="2"/>
        <line num="13" count="0" type="stmt"/>
        <line num="15" count="0" type="stmt"/>
        <line num="19" count="0" type="stmt"/>
        <line num="20" count="0" type="stmt"/>
        <line num="21" count="0" type="stmt"/>
        <line num="23" count="0" type="cond" truecount="0" falsecount="2"/>
        <line num="24" count="0" type="cond" truecount="0" falsecount="2"/>
        <line num="25" count="0" type="cond" truecount="0" falsecount="2"/>
        <line num="26" count="0" type="cond" truecount="0" falsecount="1"/>
        <line num="28" count="0" type="stmt"/>
        <line num="37" count="0" type="cond" truecount="0" falsecount="1"/>
        <line num="38" count="0" type="stmt"/>
        <line num="39" count="0" type="stmt"/>
        <line num="40" count="0" type="stmt"/>
        <line num="41" count="0" type="stmt"/>
      </file>
    </package>
    <package name="src.lib.services">
      <metrics statements="13" coveredstatements="0" conditionals="7" coveredconditionals="0" methods="3" coveredmethods="0"/>
      <file name="openai-translate.service.ts" path="/Users/mac/prismy-minimal/src/lib/services/openai-translate.service.ts">
        <metrics statements="13" coveredstatements="0" conditionals="7" coveredconditionals="0" methods="3" coveredmethods="0"/>
        <line num="1" count="0" type="stmt"/>
        <line num="2" count="0" type="stmt"/>
        <line num="3" count="0" type="stmt"/>
        <line num="5" count="0" type="stmt"/>
        <line num="9" count="0" type="stmt"/>
        <line num="19" count="0" type="stmt"/>
        <line num="20" count="0" type="cond" truecount="0" falsecount="2"/>
        <line num="22" count="0" type="stmt"/>
        <line num="38" count="0" type="cond" truecount="0" falsecount="2"/>
        <line num="40" count="0" type="stmt"/>
        <line num="41" count="0" type="stmt"/>
        <line num="46" count="0" type="stmt"/>
        <line num="56" count="0" type="cond" truecount="0" falsecount="2"/>
      </file>
    </package>
    <package name="src.lib.services.chunker">
      <metrics statements="19" coveredstatements="15" conditionals="11" coveredconditionals="6" methods="4" coveredmethods="3"/>
      <file name="chunker.service.ts" path="/Users/mac/prismy-minimal/src/lib/services/chunker/chunker.service.ts">
        <metrics statements="18" coveredstatements="14" conditionals="11" coveredconditionals="6" methods="4" coveredmethods="3"/>
        <line num="2" count="1" type="stmt"/>
        <line num="3" count="1" type="stmt"/>
        <line num="8" count="1" type="stmt"/>
        <line num="12" count="9" type="stmt"/>
        <line num="13" count="9" type="stmt"/>
        <line num="14" count="9" type="stmt"/>
        <line num="15" count="9" type="stmt"/>
        <line num="23" count="10" type="stmt"/>
        <line num="25" count="10" type="stmt"/>
        <line num="26" count="10" type="cond" truecount="0" falsecount="1"/>
        <line num="27" count="0" type="stmt"/>
        <line num="30" count="10" type="stmt"/>
        <line num="38" count="10" type="stmt"/>
        <line num="40" count="10" type="stmt"/>
        <line num="42" count="10" type="stmt"/>
        <line num="54" count="0" type="stmt"/>
        <line num="56" count="0" type="cond" truecount="0" falsecount="2"/>
        <line num="59" count="0" type="stmt"/>
      </file>
      <file name="index.ts" path="/Users/mac/prismy-minimal/src/lib/services/chunker/index.ts">
        <metrics statements="1" coveredstatements="1" conditionals="0" coveredconditionals="0" methods="0" coveredmethods="0"/>
        <line num="2" count="1" type="stmt"/>
      </file>
    </package>
    <package name="src.lib.services.chunker.src">
      <metrics statements="13" coveredstatements="0" conditionals="4" coveredconditionals="0" methods="2" coveredmethods="0"/>
      <file name="index.ts" path="/Users/mac/prismy-minimal/src/lib/services/chunker/src/index.ts">
        <metrics statements="13" coveredstatements="0" conditionals="4" coveredconditionals="0" methods="2" coveredmethods="0"/>
        <line num="1" count="0" type="stmt"/>
        <line num="2" count="0" type="stmt"/>
        <line num="7" count="0" type="stmt"/>
        <line num="8" count="0" type="stmt"/>
        <line num="19" count="0" type="stmt"/>
        <line num="20" count="0" type="stmt"/>
        <line num="22" count="0" type="stmt"/>
        <line num="23" count="0" type="stmt"/>
        <line num="27" count="0" type="cond" truecount="0" falsecount="3"/>
        <line num="29" count="0" type="stmt"/>
        <line num="36" count="0" type="stmt"/>
        <line num="43" count="0" type="stmt"/>
        <line num="53" count="0" type="stmt"/>
      </file>
    </package>
    <package name="src.lib.services.chunker.src.strategies">
      <metrics statements="110" coveredstatements="0" conditionals="47" coveredconditionals="0" methods="22" coveredmethods="0"/>
      <file name="base.strategy.ts" path="/Users/mac/prismy-minimal/src/lib/services/chunker/src/strategies/base.strategy.ts">
        <metrics statements="1" coveredstatements="0" conditionals="0" coveredconditionals="0" methods="0" coveredmethods="0"/>
        <line num="32" count="0" type="stmt"/>
      </file>
      <file name="basic.strategy.ts" path="/Users/mac/prismy-minimal/src/lib/services/chunker/src/strategies/basic.strategy.ts">
        <metrics statements="36" coveredstatements="0" conditionals="11" coveredconditionals="0" methods="5" coveredmethods="0"/>
        <line num="1" count="0" type="stmt"/>
        <line num="2" count="0" type="stmt"/>
        <line num="4" count="0" type="stmt"/>
        <line num="6" count="0" type="stmt"/>
        <line num="7" count="0" type="stmt"/>
        <line num="9" count="0" type="stmt"/>
        <line num="10" count="0" type="stmt"/>
        <line num="11" count="0" type="stmt"/>
        <line num="12" count="0" type="stmt"/>
        <line num="14" count="0" type="stmt"/>
        <line num="15" count="0" type="stmt"/>
        <line num="17" count="0" type="cond" truecount="0" falsecount="4"/>
        <line num="19" count="0" type="stmt"/>
        <line num="27" count="0" type="cond" truecount="0" falsecount="2"/>
        <line num="28" count="0" type="stmt"/>
        <line num="29" count="0" type="stmt"/>
        <line num="30" count="0" type="stmt"/>
        <line num="32" count="0" type="stmt"/>
        <line num="33" count="0" type="stmt"/>
        <line num="35" count="0" type="stmt"/>
        <line num="37" count="0" type="stmt"/>
        <line num="38" count="0" type="stmt"/>
        <line num="43" count="0" type="cond" truecount="0" falsecount="1"/>
        <line num="44" count="0" type="stmt"/>
        <line num="53" count="0" type="stmt"/>
        <line num="55" count="0" type="stmt"/>
        <line num="60" count="0" type="cond" truecount="0" falsecount="2"/>
        <line num="64" count="0" type="stmt"/>
        <line num="65" count="0" type="stmt"/>
        <line num="66" count="0" type="stmt"/>
        <line num="75" count="0" type="stmt"/>
        <line num="88" count="0" type="stmt"/>
        <line num="89" count="0" type="cond" truecount="0" falsecount="1"/>
        <line num="90" count="0" type="stmt"/>
        <line num="92" count="0" type="cond" truecount="0" falsecount="1"/>
        <line num="93" count="0" type="stmt"/>
      </file>
      <file name="smart.strategy.ts" path="/Users/mac/prismy-minimal/src/lib/services/chunker/src/strategies/smart.strategy.ts">
        <metrics statements="73" coveredstatements="0" conditionals="36" coveredconditionals="0" methods="17" coveredmethods="0"/>
        <line num="1" count="0" type="stmt"/>
        <line num="2" count="0" type="stmt"/>
        <line num="4" count="0" type="cond" truecount="0" falsecount="4"/>
        <line num="25" count="0" type="stmt"/>
        <line num="27" count="0" type="stmt"/>
        <line num="28" count="0" type="stmt"/>
        <line num="29" count="0" type="stmt"/>
        <line num="31" count="0" type="stmt"/>
        <line num="32" count="0" type="cond" truecount="0" falsecount="2"/>
        <line num="33" count="0" type="cond" truecount="0" falsecount="2"/>
        <line num="34" count="0" type="stmt"/>
        <line num="36" count="0" type="cond" truecount="0" falsecount="1"/>
        <line num="37" count="0" type="stmt"/>
        <line num="40" count="0" type="cond" truecount="0" falsecount="1"/>
        <line num="41" count="0" type="stmt"/>
        <line num="45" count="0" type="stmt"/>
        <line num="47" count="0" type="stmt"/>
        <line num="48" count="0" type="stmt"/>
        <line num="60" count="0" type="stmt"/>
        <line num="61" count="0" type="stmt"/>
        <line num="62" count="0" type="stmt"/>
        <line num="63" count="0" type="cond" truecount="0" falsecount="3"/>
        <line num="65" count="0" type="stmt"/>
        <line num="66" count="0" type="stmt"/>
        <line num="68" count="0" type="stmt"/>
        <line num="72" count="0" type="cond" truecount="0" falsecount="2"/>
        <line num="73" count="0" type="stmt"/>
        <line num="77" count="0" type="cond" truecount="0" falsecount="2"/>
        <line num="78" count="0" type="cond" truecount="0" falsecount="2"/>
        <line num="79" count="0" type="stmt"/>
        <line num="83" count="0" type="cond" truecount="0" falsecount="1"/>
        <line num="84" count="0" type="cond" truecount="0" falsecount="1"/>
        <line num="85" count="0" type="cond" truecount="0" falsecount="1"/>
        <line num="86" count="0" type="stmt"/>
        <line num="90" count="0" type="cond" truecount="0" falsecount="2"/>
        <line num="91" count="0" type="stmt"/>
        <line num="95" count="0" type="stmt"/>
        <line num="97" count="0" type="cond" truecount="0" falsecount="2"/>
        <line num="98" count="0" type="cond" truecount="0" falsecount="2"/>
        <line num="99" count="0" type="cond" truecount="0" falsecount="2"/>
        <line num="100" count="0" type="cond" truecount="0" falsecount="2"/>
        <line num="102" count="0" type="stmt"/>
        <line num="103" count="0" type="stmt"/>
        <line num="104" count="0" type="stmt"/>
        <line num="106" count="0" type="stmt"/>
        <line num="107" count="0" type="stmt"/>
        <line num="108" count="0" type="stmt"/>
        <line num="110" count="0" type="stmt"/>
        <line num="113" count="0" type="cond" truecount="0" falsecount="1"/>
        <line num="114" count="0" type="stmt"/>
        <line num="117" count="0" type="stmt"/>
        <line num="118" count="0" type="stmt"/>
        <line num="128" count="0" type="stmt"/>
        <line num="129" count="0" type="cond" truecount="0" falsecount="2"/>
        <line num="130" count="0" type="stmt"/>
        <line num="132" count="0" type="cond" truecount="0" falsecount="1"/>
        <line num="133" count="0" type="stmt"/>
        <line num="134" count="0" type="stmt"/>
        <line num="137" count="0" type="stmt"/>
        <line num="138" count="0" type="stmt"/>
        <line num="139" count="0" type="stmt"/>
        <line num="140" count="0" type="stmt"/>
        <line num="141" count="0" type="stmt"/>
        <line num="142" count="0" type="stmt"/>
        <line num="143" count="0" type="stmt"/>
        <line num="150" count="0" type="stmt"/>
        <line num="161" count="0" type="stmt"/>
        <line num="174" count="0" type="stmt"/>
        <line num="175" count="0" type="stmt"/>
        <line num="180" count="0" type="stmt"/>
        <line num="184" count="0" type="stmt"/>
        <line num="185" count="0" type="stmt"/>
        <line num="186" count="0" type="stmt"/>
      </file>
    </package>
    <package name="src.lib.services.chunker.strategies">
      <metrics statements="751" coveredstatements="157" conditionals="308" coveredconditionals="46" methods="127" coveredmethods="19"/>
      <file name="base.strategy.ts" path="/Users/mac/prismy-minimal/src/lib/services/chunker/strategies/base.strategy.ts">
        <metrics statements="12" coveredstatements="2" conditionals="4" coveredconditionals="0" methods="4" coveredmethods="0"/>
        <line num="3" count="2" type="stmt"/>
        <line num="4" count="27" type="stmt"/>
[...]
        <line num="28" count="0" type="stmt"/>
        <line num="35" count="0" type="stmt"/>
        <line num="36" count="0" type="stmt"/>
        <line num="37" count="0" type="stmt"/>
        <line num="40" count="0" type="stmt"/>
        <line num="41" count="0" type="stmt"/>
        <line num="44" count="0" type="stmt"/>
        <line num="47" count="0" type="stmt"/>
        <line num="48" count="0" type="stmt"/>
        <line num="50" count="0" type="stmt"/>
        <line num="51" count="0" type="stmt"/>
        <line num="53" count="0" type="stmt"/>
        <line num="54" count="0" type="stmt"/>
        <line num="56" count="0" type="stmt"/>
        <line num="57" count="0" type="stmt"/>
        <line num="58" count="0" type="stmt"/>
        <line num="61" count="0" type="cond" truecount="0" falsecount="4"/>
        <line num="63" count="0" type="stmt"/>
        <line num="65" count="0" type="stmt"/>
        <line num="68" count="0" type="stmt"/>
        <line num="69" count="0" type="stmt"/>
        <line num="71" count="0" type="stmt"/>
        <line num="72" count="0" type="cond" truecount="0" falsecount="5"/>
        <line num="73" count="0" type="stmt"/>
        <line num="76" count="0" type="stmt"/>
        <line num="77" count="0" type="stmt"/>
        <line num="79" count="0" type="stmt"/>
        <line num="83" count="0" type="stmt"/>
        <line num="89" count="0" type="stmt"/>
        <line num="90" count="0" type="stmt"/>
        <line num="93" count="0" type="stmt"/>
        <line num="94" count="0" type="stmt"/>
        <line num="100" count="0" type="stmt"/>
        <line num="101" count="0" type="stmt"/>
        <line num="104" count="0" type="stmt"/>
        <line num="105" count="0" type="stmt"/>
        <line num="106" count="0" type="stmt"/>
        <line num="109" count="0" type="stmt"/>
        <line num="110" count="0" type="stmt"/>
        <line num="113" count="0" type="stmt"/>
      </file>
    </package>
    <package name="src.lib.services.queue.workers">
      <metrics statements="121" coveredstatements="0" conditionals="59" coveredconditionals="0" methods="9" coveredmethods="0"/>
      <file name="pdf-extractor.worker.ts" path="/Users/mac/prismy-minimal/src/lib/services/queue/workers/pdf-extractor.worker.ts">
        <metrics statements="42" coveredstatements="0" conditionals="10" coveredconditionals="0" methods="7" coveredmethods="0"/>
        <line num="1" count="0" type="stmt"/>
        <line num="2" count="0" type="stmt"/>
        <line num="3" count="0" type="stmt"/>
        <line num="4" count="0" type="stmt"/>
        <line num="6" count="0" type="stmt"/>
        <line num="9" count="0" type="cond" truecount="0" falsecount="2"/>
        <line num="14" count="0" type="stmt"/>
        <line num="21" count="0" type="stmt"/>
        <line num="22" count="0" type="stmt"/>
        <line num="25" count="0" type="stmt"/>
        <line num="26" count="0" type="stmt"/>
        <line num="27" count="0" type="stmt"/>
        <line num="31" count="0" type="stmt"/>
        <line num="34" count="0" type="stmt"/>
        <line num="36" count="0" type="stmt"/>
        <line num="38" count="0" type="stmt"/>
        <line num="40" count="0" type="cond" truecount="0" falsecount="2"/>
        <line num="45" count="0" type="stmt"/>
        <line num="47" count="0" type="stmt"/>
        <line num="48" count="0" type="stmt"/>
        <line num="51" count="0" type="stmt"/>
        <line num="55" count="0" type="cond" truecount="0" falsecount="1"/>
        <line num="57" count="0" type="stmt"/>
        <line num="61" count="0" type="stmt"/>
        <line num="72" count="0" type="stmt"/>
        <line num="74" count="0" type="stmt"/>
        <line num="85" count="0" type="stmt"/>
        <line num="86" count="0" type="stmt"/>
        <line num="101" count="0" type="stmt"/>
        <line num="102" count="0" type="stmt"/>
        <line num="103" count="0" type="cond" truecount="0" falsecount="1"/>
        <line num="104" count="0" type="stmt"/>
        <line num="108" count="0" type="stmt"/>
        <line num="109" count="0" type="stmt"/>
        <line num="112" count="0" type="stmt"/>
        <line num="113" count="0" type="stmt"/>
        <line num="116" count="0" type="stmt"/>
        <line num="119" count="0" type="stmt"/>
        <line num="120" count="0" type="stmt"/>
        <line num="121" count="0" type="stmt"/>
        <line num="122" count="0" type="stmt"/>
        <line num="123" count="0" type="stmt"/>
      </file>
      <file name="translation.worker.ts" path="/Users/mac/prismy-minimal/src/lib/services/queue/workers/translation.worker.ts">
        <metrics statements="79" coveredstatements="0" conditionals="49" coveredconditionals="0" methods="2" coveredmethods="0"/>
        <line num="3" count="0" type="stmt"/>
        <line num="4" count="0" type="stmt"/>
        <line num="5" count="0" type="stmt"/>
        <line num="6" count="0" type="stmt"/>
        <line num="9" count="0" type="stmt"/>
        <line num="15" count="0" type="stmt"/>
        <line num="16" count="0" type="stmt"/>
        <line num="18" count="0" type="stmt"/>
        <line num="20" count="0" type="cond" truecount="0" falsecount="3"/>
        <line num="21" count="0" type="cond" truecount="0" falsecount="3"/>
        <line num="24" count="0" type="stmt"/>
        <line num="27" count="0" type="cond" truecount="0" falsecount="4"/>
        <line num="28" count="0" type="stmt"/>
        <line num="29" count="0" type="stmt"/>
        <line num="32" count="0" type="cond" truecount="0" falsecount="1"/>
        <line num="34" count="0" type="cond" truecount="0" falsecount="2"/>
        <line num="35" count="0" type="cond" truecount="0" falsecount="2"/>
        <line num="38" count="0" type="stmt"/>
        <line num="40" count="0" type="stmt"/>
        <line num="44" count="0" type="cond" truecount="0" falsecount="3"/>
        <line num="45" count="0" type="stmt"/>
        <line num="49" count="0" type="stmt"/>
        <line num="51" count="0" type="cond" truecount="0" falsecount="3"/>
        <line num="52" count="0" type="stmt"/>
        <line num="55" count="0" type="stmt"/>
        <line num="56" count="0" type="stmt"/>
        <line num="58" count="0" type="stmt"/>
        <line num="59" count="0" type="stmt"/>
        <line num="61" count="0" type="stmt"/>
        <line num="64" count="0" type="stmt"/>
        <line num="68" count="0" type="cond" truecount="0" falsecount="4"/>
        <line num="69" count="0" type="stmt"/>
        <line num="72" count="0" type="stmt"/>
        <line num="75" count="0" type="stmt"/>
        <line num="85" count="0" type="stmt"/>
        <line num="86" count="0" type="cond" truecount="0" falsecount="1"/>
        <line num="87" count="0" type="stmt"/>
        <line num="92" count="0" type="cond" truecount="0" falsecount="4"/>
        <line num="94" count="0" type="stmt"/>
        <line num="95" count="0" type="stmt"/>
        <line num="97" count="0" type="stmt"/>
        <line num="98" count="0" type="stmt"/>
        <line num="100" count="0" type="stmt"/>
        <line num="101" count="0" type="stmt"/>
        <line num="104" count="0" type="stmt"/>
        <line num="105" count="0" type="stmt"/>
        <line num="109" count="0" type="cond" truecount="0" falsecount="1"/>
        <line num="110" count="0" type="stmt"/>
        <line num="114" count="0" type="stmt"/>
        <line num="115" count="0" type="stmt"/>
        <line num="117" count="0" type="stmt"/>
        <line num="118" count="0" type="stmt"/>
        <line num="121" count="0" type="stmt"/>
        <line num="122" count="0" type="stmt"/>
        <line num="124" count="0" type="stmt"/>
        <line num="126" count="0" type="stmt"/>
        <line num="128" count="0" type="stmt"/>
        <line num="129" count="0" type="stmt"/>
        <line num="131" count="0" type="cond" truecount="0" falsecount="2"/>
        <line num="132" count="0" type="stmt"/>
        <line num="133" count="0" type="stmt"/>
        <line num="134" count="0" type="cond" truecount="0" falsecount="3"/>
        <line num="135" count="0" type="cond" truecount="0" falsecount="3"/>
        <line num="136" count="0" type="stmt"/>
        <line num="140" count="0" type="cond" truecount="0" falsecount="3"/>
        <line num="141" count="0" type="stmt"/>
        <line num="142" count="0" type="stmt"/>
        <line num="146" count="0" type="stmt"/>
        <line num="150" count="0" type="stmt"/>
        <line num="156" count="0" type="stmt"/>
        <line num="162" count="0" type="stmt"/>
        <line num="165" count="0" type="stmt"/>
        <line num="178" count="0" type="stmt"/>
        <line num="183" count="0" type="stmt"/>
        <line num="184" count="0" type="stmt"/>
        <line num="186" count="0" type="stmt"/>
        <line num="196" count="0" type="stmt"/>
        <line num="199" count="0" type="stmt"/>
        <line num="214" count="0" type="stmt"/>
      </file>
    </package>
    <package name="src.lib.services.simple-chunker">
      <metrics statements="55" coveredstatements="0" conditionals="24" coveredconditionals="0" methods="3" coveredmethods="0"/>
      <file name="index.ts" path="/Users/mac/prismy-minimal/src/lib/services/simple-chunker/index.ts">
        <metrics statements="55" coveredstatements="0" conditionals="24" coveredconditionals="0" methods="3" coveredmethods="0"/>
        <line num="10" count="0" type="stmt"/>
        <line num="13" count="0" type="stmt"/>
        <line num="22" count="0" type="stmt"/>
        <line num="23" count="0" type="stmt"/>
        <line num="24" count="0" type="stmt"/>
        <line num="25" count="0" type="stmt"/>
        <line num="27" count="0" type="stmt"/>
        <line num="28" count="0" type="stmt"/>
        <line num="29" count="0" type="stmt"/>
        <line num="31" count="0" type="stmt"/>
        <line num="33" count="0" type="stmt"/>
        <line num="34" count="0" type="cond" truecount="0" falsecount="1"/>
        <line num="35" count="0" type="stmt"/>
        <line num="36" count="0" type="cond" truecount="0" falsecount="1"/>
        <line num="37" count="0" type="stmt"/>
        <line num="42" count="0" type="stmt"/>
        <line num="45" count="0" type="cond" truecount="0" falsecount="3"/>
        <line num="46" count="0" type="stmt"/>
        <line num="47" count="0" type="stmt"/>
        <line num="48" count="0" type="stmt"/>
        <line num="51" count="0" type="stmt"/>
        <line num="59" count="0" type="stmt"/>
        <line num="60" count="0" type="stmt"/>
        <line num="61" count="0" type="stmt"/>
        <line num="64" count="0" type="stmt"/>
        <line num="72" count="0" type="stmt"/>
        <line num="73" count="0" type="stmt"/>
        <line num="75" count="0" type="stmt"/>
        <line num="76" count="0" type="stmt"/>
        <line num="77" count="0" type="stmt"/>
        <line num="79" count="0" type="stmt"/>
        <line num="80" count="0" type="stmt"/>
        <line num="83" count="0" type="cond" truecount="0" falsecount="2"/>
        <line num="85" count="0" type="cond" truecount="0" falsecount="1"/>
        <line num="86" count="0" type="stmt"/>
        <line num="92" count="0" type="stmt"/>
        <line num="93" count="0" type="stmt"/>
        <line num="97" count="0" type="stmt"/>
        <line num="98" count="0" type="stmt"/>
        <line num="99" count="0" type="stmt"/>
        <line num="100" count="0" type="cond" truecount="0" falsecount="4"/>
        <line num="101" count="0" type="stmt"/>
        <line num="107" count="0" type="stmt"/>
        <line num="108" count="0" type="stmt"/>
        <line num="110" count="0" type="cond" truecount="0" falsecount="2"/>
        <line num="111" count="0" type="stmt"/>
        <line num="114" count="0" type="cond" truecount="0" falsecount="2"/>
        <line num="116" count="0" type="stmt"/>
        <line num="122" count="0" type="stmt"/>
        <line num="123" count="0" type="stmt"/>
        <line num="126" count="0" type="cond" truecount="0" falsecount="2"/>
        <line num="127" count="0" type="stmt"/>
        <line num="132" count="0" type="cond" truecount="0" falsecount="1"/>
        <line num="133" count="0" type="stmt"/>
        <line num="141" count="0" type="stmt"/>
      </file>
    </package>
    <package name="src.lib.services.translation">
      <metrics statements="65" coveredstatements="0" conditionals="34" coveredconditionals="0" methods="14" coveredmethods="0"/>
      <file name="translation.service.ts" path="/Users/mac/prismy-minimal/src/lib/services/translation/translation.service.ts">
        <metrics statements="65" coveredstatements="0" conditionals="34" coveredconditionals="0" methods="14" coveredmethods="0"/>
        <line num="2" count="0" type="stmt"/>
        <line num="4" count="0" type="stmt"/>
        <line num="43" count="0" type="stmt"/>
        <line num="47" count="0" type="stmt"/>
        <line num="57" count="0" type="stmt"/>
        <line num="59" count="0" type="stmt"/>
        <line num="61" count="0" type="stmt"/>
        <line num="62" count="0" type="stmt"/>
        <line num="68" count="0" type="stmt"/>
        <line num="71" count="0" type="stmt"/>
        <line num="79" count="0" type="stmt"/>
        <line num="82" count="0" type="stmt"/>
        <line num="88" count="0" type="stmt"/>
        <line num="91" count="0" type="stmt"/>
        <line num="104" count="0" type="stmt"/>
        <line num="105" count="0" type="cond" truecount="0" falsecount="2"/>
        <line num="114" count="0" type="stmt"/>
        <line num="125" count="0" type="cond" truecount="0" falsecount="2"/>
        <line num="128" count="0" type="stmt"/>
        <line num="131" count="0" type="stmt"/>
        <line num="132" count="0" type="stmt"/>
        <line num="134" count="0" type="stmt"/>
        <line num="135" count="0" type="stmt"/>
        <line num="138" count="0" type="stmt"/>
        <line num="141" count="0" type="cond" truecount="0" falsecount="1"/>
        <line num="142" count="0" type="cond" truecount="0" falsecount="2"/>
        <line num="146" count="0" type="stmt"/>
        <line num="156" count="0" type="stmt"/>
        <line num="163" count="0" type="cond" truecount="0" falsecount="4"/>
        <line num="166" count="0" type="stmt"/>
        <line num="167" count="0" type="stmt"/>
        <line num="168" count="0" type="stmt"/>
        <line num="169" count="0" type="stmt"/>
        <line num="170" count="0" type="stmt"/>
        <line num="174" count="0" type="stmt"/>
        <line num="175" count="0" type="stmt"/>
        <line num="176" count="0" type="stmt"/>
        <line num="177" count="0" type="stmt"/>
        <line num="178" count="0" type="stmt"/>
        <line num="182" count="0" type="stmt"/>
        <line num="183" count="0" type="stmt"/>
        <line num="184" count="0" type="stmt"/>
        <line num="185" count="0" type="stmt"/>
        <line num="186" count="0" type="stmt"/>
        <line num="189" count="0" type="stmt"/>
        <line num="192" count="0" type="stmt"/>
        <line num="212" count="0" type="stmt"/>
        <line num="222" count="0" type="stmt"/>
        <line num="224" count="0" type="cond" truecount="0" falsecount="1"/>
        <line num="225" count="0" type="cond" truecount="0" falsecount="2"/>
        <line num="228" count="0" type="stmt"/>
        <line num="240" count="0" type="stmt"/>
        <line num="250" count="0" type="stmt"/>
        <line num="252" count="0" type="cond" truecount="0" falsecount="1"/>
        <line num="253" count="0" type="cond" truecount="0" falsecount="2"/>
        <line num="256" count="0" type="stmt"/>
        <line num="270" count="0" type="stmt"/>
        <line num="280" count="0" type="stmt"/>
        <line num="282" count="0" type="cond" truecount="0" falsecount="1"/>
        <line num="283" count="0" type="cond" truecount="0" falsecount="2"/>
        <line num="286" count="0" type="stmt"/>
        <line num="298" count="0" type="cond" truecount="0" falsecount="4"/>
        <line num="301" count="0" type="stmt"/>
        <line num="302" count="0" type="stmt"/>
        <line num="310" count="0" type="stmt"/>
      </file>
    </package>
    <package name="src.lib.utils">
      <metrics statements="1" coveredstatements="0" conditionals="0" coveredconditionals="0" methods="0" coveredmethods="0"/>
      <file name="is-vercel.ts" path="/Users/mac/prismy-minimal/src/lib/utils/is-vercel.ts">
        <metrics statements="1" coveredstatements="0" conditionals="0" coveredconditionals="0" methods="0" coveredmethods="0"/>
        <line num="1" count="0" type="stmt"/>
      </file>
    </package>
    <package name="src.middleware">
      <metrics statements="22" coveredstatements="19" conditionals="5" coveredconditionals="4" methods="1" coveredmethods="1"/>
      <file name="auth.ts" path="/Users/mac/prismy-minimal/src/middleware/auth.ts">
        <metrics statements="22" coveredstatements="19" conditionals="5" coveredconditionals="4" methods="1" coveredmethods="1"/>
        <line num="1" count="1" type="stmt"/>
        <line num="2" count="1" type="stmt"/>
        <line num="4" count="6" type="stmt"/>
        <line num="8" count="6" type="stmt"/>
        <line num="11" count="6" type="cond" truecount="2" falsecount="0"/>
        <line num="14" count="6" type="cond" truecount="1" falsecount="0"/>
        <line num="15" count="1" type="stmt"/>
        <line num="22" count="5" type="stmt"/>
        <line num="24" count="5" type="cond" truecount="1" falsecount="0"/>
        <line num="25" count="1" type="stmt"/>
        <line num="32" count="4" type="stmt"/>
        <line num="37" count="4" type="cond" truecount="0" falsecount="1"/>
        <line num="38" count="0" type="stmt"/>
        <line num="50" count="4" type="stmt"/>
        <line num="52" count="4" type="stmt"/>
        <line num="53" count="4" type="stmt"/>
        <line num="54" count="4" type="stmt"/>
        <line num="56" count="0" type="stmt"/>
        <line num="57" count="0" type="stmt"/>
        <line num="60" count="4" type="stmt"/>
        <line num="61" count="4" type="stmt"/>
        <line num="73" count="4" type="stmt"/>
      </file>
    </package>
    <package name="src.test-utils">
      <metrics statements="17" coveredstatements="9" conditionals="27" coveredconditionals="13" methods="3" coveredmethods="3"/>
      <file name="mock-request.ts" path="/Users/mac/prismy-minimal/src/test-utils/mock-request.ts">
        <metrics statements="4" coveredstatements="4" conditionals="13" coveredconditionals="9" methods="2" coveredmethods="2"/>
        <line num="3" count="6" type="cond" truecount="0" falsecount="1"/>
        <line num="9" count="6" type="cond" truecount="2" falsecount="0"/>
        <line num="11" count="6" type="stmt"/>
        <line num="19" count="4" type="cond" truecount="1" falsecount="1"/>
      </file>
      <file name="read-json.ts" path="/Users/mac/prismy-minimal/src/test-utils/read-json.ts">
        <metrics statements="13" coveredstatements="5" conditionals="14" coveredconditionals="4" methods="1" coveredmethods="1"/>
        <line num="2" count="6" type="stmt"/>
        <line num="4" count="6" type="stmt"/>
        <line num="5" count="6" type="cond" truecount="1" falsecount="1"/>
        <line num="8" count="6" type="cond" truecount="3" falsecount="0"/>
        <line num="9" count="6" type="stmt"/>
        <line num="13" count="0" type="cond" truecount="0" falsecount="3"/>
        <line num="14" count="0" type="stmt"/>
        <line num="18" count="0" type="cond" truecount="0" falsecount="3"/>
        <line num="19" count="0" type="stmt"/>
        <line num="20" count="0" type="stmt"/>
        <line num="24" count="0" type="cond" truecount="0" falsecount="3"/>
        <line num="25" count="0" type="stmt"/>
        <line num="28" count="0" type="stmt"/>
      </file>
    </package>
  </project>
</coverage>
