{"/Users/mac/prismy-minimal/src/instrumentation-client.ts": {"path":"/Users/mac/prismy-minimal/src/instrumentation-client.ts","statementMap":{"0":{"start":{"line":17,"column":13},"end":{"line":17,"column":39}},"1":{"start":{"line":5,"column":24},"end":{"line":5,"column":null}},"2":{"start":{"line":7,"column":0},"end":{"line":15,"column":null}},"3":{"start":{"line":17,"column":39},"end":{"line":17,"column":74}}},"fnMap":{},"branchMap":{},"s":{"0":0,"1":0,"2":0,"3":0},"f":{},"b":{}}
,"/Users/mac/prismy-minimal/src/instrumentation.ts": {"path":"/Users/mac/prismy-minimal/src/instrumentation.ts","statementMap":{"0":{"start":{"line":13,"column":13},"end":{"line":13,"column":27}},"1":{"start":{"line":3,"column":22},"end":{"line":3,"column":30}},"2":{"start":{"line":1,"column":24},"end":{"line":1,"column":null}},"3":{"start":{"line":4,"column":2},"end":{"line":6,"column":null}},"4":{"start":{"line":5,"column":4},"end":{"line":5,"column":null}},"5":{"start":{"line":5,"column":10},"end":{"line":5,"column":null}},"6":{"start":{"line":8,"column":2},"end":{"line":10,"column":null}},"7":{"start":{"line":9,"column":4},"end":{"line":9,"column":null}},"8":{"start":{"line":9,"column":10},"end":{"line":9,"column":null}},"9":{"start":{"line":13,"column":30},"end":{"line":13,"column":56}}},"fnMap":{"0":{"name":"register","decl":{"start":{"line":3,"column":22},"end":{"line":3,"column":30}},"loc":{"start":{"line":3,"column":22},"end":{"line":11,"column":null}}},"1":{"name":"(anonymous_7)","decl":{"start":{"line":5,"column":10},"end":{"line":5,"column":17}},"loc":{"start":{"line":5,"column":10},"end":{"line":5,"column":null}}},"2":{"name":"(anonymous_8)","decl":{"start":{"line":9,"column":10},"end":{"line":9,"column":17}},"loc":{"start":{"line":9,"column":10},"end":{"line":9,"column":null}}}},"branchMap":{"0":{"loc":{"start":{"line":4,"column":2},"end":{"line":6,"column":null}},"type":"if","locations":[{"start":{"line":4,"column":2},"end":{"line":6,"column":null}}]},"1":{"loc":{"start":{"line":8,"column":2},"end":{"line":10,"column":null}},"type":"if","locations":[{"start":{"line":8,"column":2},"end":{"line":10,"column":null}}]}},"s":{"0":0,"1":0,"2":0,"3":0,"4":0,"5":0,"6":0,"7":0,"8":0,"9":0},"f":{"0":0,"1":0,"2":0},"b":{"0":[0],"1":[0]}}
,"/Users/mac/prismy-minimal/src/app/global-error.tsx": {"path":"/Users/mac/prismy-minimal/src/app/global-error.tsx","statementMap":{"0":{"start":{"line":7,"column":24},"end":{"line":7,"column":36}},"1":{"start":{"line":3,"column":24},"end":{"line":3,"column":null}},"2":{"start":{"line":4,"column":22},"end":{"line":4,"column":null}},"3":{"start":{"line":5,"column":26},"end":{"line":5,"column":null}},"4":{"start":{"line":8,"column":2},"end":{"line":10,"column":null}},"5":{"start":{"line":9,"column":4},"end":{"line":9,"column":null}}},"fnMap":{"0":{"name":"GlobalError","decl":{"start":{"line":7,"column":24},"end":{"line":7,"column":36}},"loc":{"start":{"line":7,"column":85},"end":{"line":23,"column":null}}},"1":{"name":"(anonymous_6)","decl":{"start":{"line":8,"column":12},"end":{"line":8,"column":null}},"loc":{"start":{"line":8,"column":12},"end":{"line":10,"column":5}}}},"branchMap":{},"s":{"0":0,"1":0,"2":0,"3":0,"4":0,"5":0},"f":{"0":0,"1":0},"b":{}}
,"/Users/mac/prismy-minimal/src/app/api-test/page.tsx": {"path":"/Users/mac/prismy-minimal/src/app/api-test/page.tsx","statementMap":{"0":{"start":{"line":5,"column":24},"end":{"line":5,"column":null}},"1":{"start":{"line":3,"column":25},"end":{"line":3,"column":null}},"2":{"start":{"line":6,"column":28},"end":{"line":6,"column":null}},"3":{"start":{"line":7,"column":30},"end":{"line":7,"column":null}},"4":{"start":{"line":8,"column":32},"end":{"line":8,"column":null}},"5":{"start":{"line":10,"column":23},"end":{"line":28,"column":null}},"6":{"start":{"line":11,"column":4},"end":{"line":11,"column":null}},"7":{"start":{"line":12,"column":4},"end":{"line":27,"column":null}},"8":{"start":{"line":13,"column":18},"end":{"line":17,"column":null}},"9":{"start":{"line":19,"column":19},"end":{"line":19,"column":null}},"10":{"start":{"line":20,"column":6},"end":{"line":22,"column":null}},"11":{"start":{"line":21,"column":8},"end":{"line":21,"column":null}},"12":{"start":{"line":24,"column":6},"end":{"line":24,"column":null}},"13":{"start":{"line":26,"column":6},"end":{"line":26,"column":null}},"14":{"start":{"line":41,"column":31},"end":{"line":41,"column":null}}},"fnMap":{"0":{"name":"ApiTestPage","decl":{"start":{"line":5,"column":24},"end":{"line":5,"column":null}},"loc":{"start":{"line":5,"column":24},"end":{"line":78,"column":null}}},"1":{"name":"(anonymous_2)","decl":{"start":{"line":10,"column":23},"end":{"line":10,"column":null}},"loc":{"start":{"line":10,"column":23},"end":{"line":28,"column":null}}},"2":{"name":"(anonymous_3)","decl":{"start":{"line":41,"column":24},"end":{"line":41,"column":25}},"loc":{"start":{"line":41,"column":31},"end":{"line":41,"column":null}}}},"branchMap":{"0":{"loc":{"start":{"line":20,"column":6},"end":{"line":22,"column":null}},"type":"if","locations":[{"start":{"line":20,"column":6},"end":{"line":22,"column":null}}]},"1":{"loc":{"start":{"line":49,"column":22},"end":{"line":49,"column":null}},"type":"binary-expr","locations":[{"start":{"line":49,"column":22},"end":{"line":49,"column":33}},{"start":{"line":49,"column":33},"end":{"line":49,"column":null}}]},"2":{"loc":{"start":{"line":52,"column":13},"end":{"line":52,"column":null}},"type":"cond-expr","locations":[{"start":{"line":52,"column":23},"end":{"line":52,"column":39}},{"start":{"line":52,"column":39},"end":{"line":52,"column":null}}]},"3":{"loc":{"start":{"line":55,"column":11},"end":{"line":55,"column":null}},"type":"binary-expr","locations":[{"start":{"line":55,"column":11},"end":{"line":55,"column":null}}]}},"s":{"0":0,"1":0,"2":0,"3":0,"4":0,"5":0,"6":0,"7":0,"8":0,"9":0,"10":0,"11":0,"12":0,"13":0,"14":0},"f":{"0":0,"1":0,"2":0},"b":{"0":[0],"1":[0,0],"2":[0,0],"3":[0]}}
,"/Users/mac/prismy-minimal/src/app/api/admin/queues/route.ts": {"path":"/Users/mac/prismy-minimal/src/app/api/admin/queues/route.ts","statementMap":{"0":{"start":{"line":28,"column":22},"end":{"line":28,"column":26}},"1":{"start":{"line":1,"column":42},"end":{"line":1,"column":null}},"2":{"start":{"line":2,"column":33},"end":{"line":2,"column":null}},"3":{"start":{"line":6,"column":21},"end":{"line":6,"column":null}},"4":{"start":{"line":8,"column":2},"end":{"line":15,"column":null}},"5":{"start":{"line":9,"column":4},"end":{"line":14,"column":null}},"6":{"start":{"line":17,"column":28},"end":{"line":17,"column":52}},"7":{"start":{"line":18,"column":22},"end":{"line":18,"column":null}},"8":{"start":{"line":19,"column":31},"end":{"line":19,"column":null}},"9":{"start":{"line":21,"column":2},"end":{"line":23,"column":null}},"10":{"start":{"line":22,"column":4},"end":{"line":22,"column":null}},"11":{"start":{"line":25,"column":2},"end":{"line":25,"column":null}},"12":{"start":{"line":29,"column":23},"end":{"line":29,"column":null}},"13":{"start":{"line":30,"column":2},"end":{"line":30,"column":null}},"14":{"start":{"line":30,"column":20},"end":{"line":30,"column":null}},"15":{"start":{"line":32,"column":2},"end":{"line":239,"column":null}},"16":{"start":{"line":34,"column":58},"end":{"line":40,"column":null}},"17":{"start":{"line":43,"column":17},"end":{"line":43,"column":null}},"18":{"start":{"line":45,"column":21},"end":{"line":56,"column":null}},"19":{"start":{"line":46,"column":31},"end":{"line":56,"column":null}},"20":{"start":{"line":60,"column":17},"end":{"line":229,"column":5}},"21":{"start":{"line":203,"column":36},"end":{"line":217,"column":15}},"22":{"start":{"line":231,"column":4},"end":{"line":235,"column":null}},"23":{"start":{"line":237,"column":4},"end":{"line":237,"column":null}},"24":{"start":{"line":238,"column":4},"end":{"line":238,"column":null}}},"fnMap":{"0":{"name":"requireAuth","decl":{"start":{"line":5,"column":9},"end":{"line":5,"column":21}},"loc":{"start":{"line":5,"column":41},"end":{"line":26,"column":null}}},"1":{"name":"GET","decl":{"start":{"line":28,"column":22},"end":{"line":28,"column":26}},"loc":{"start":{"line":28,"column":46},"end":{"line":240,"column":null}}},"2":{"name":"(anonymous_3)","decl":{"start":{"line":46,"column":15},"end":{"line":46,"column":22}},"loc":{"start":{"line":46,"column":31},"end":{"line":56,"column":null}}},"3":{"name":"(anonymous_4)","decl":{"start":{"line":203,"column":29},"end":{"line":203,"column":36}},"loc":{"start":{"line":203,"column":36},"end":{"line":217,"column":15}}}},"branchMap":{"0":{"loc":{"start":{"line":8,"column":2},"end":{"line":15,"column":null}},"type":"if","locations":[{"start":{"line":8,"column":2},"end":{"line":15,"column":null}}]},"1":{"loc":{"start":{"line":8,"column":6},"end":{"line":8,"column":55}},"type":"binary-expr","locations":[{"start":{"line":8,"column":6},"end":{"line":8,"column":21}},{"start":{"line":8,"column":21},"end":{"line":8,"column":55}}]},"2":{"loc":{"start":{"line":21,"column":2},"end":{"line":23,"column":null}},"type":"if","locations":[{"start":{"line":21,"column":2},"end":{"line":23,"column":null}}]},"3":{"loc":{"start":{"line":21,"column":6},"end":{"line":21,"column":57}},"type":"binary-expr","locations":[{"start":{"line":21,"column":6},"end":{"line":21,"column":30}},{"start":{"line":21,"column":30},"end":{"line":21,"column":57}}]},"4":{"loc":{"start":{"line":30,"column":2},"end":{"line":30,"column":null}},"type":"if","locations":[{"start":{"line":30,"column":2},"end":{"line":30,"column":null}}]},"5":{"loc":{"start":{"line":207,"column":24},"end":{"line":207,"column":51}},"type":"binary-expr","locations":[{"start":{"line":207,"column":24},"end":{"line":207,"column":41}},{"start":{"line":207,"column":45},"end":{"line":207,"column":51}}]},"6":{"loc":{"start":{"line":210,"column":64},"end":{"line":210,"column":82}},"type":"binary-expr","locations":[{"start":{"line":210,"column":64},"end":{"line":210,"column":76}},{"start":{"line":210,"column":80},"end":{"line":210,"column":82}}]},"7":{"loc":{"start":{"line":212,"column":22},"end":{"line":212,"column":40}},"type":"binary-expr","locations":[{"start":{"line":212,"column":22},"end":{"line":212,"column":34}},{"start":{"line":212,"column":38},"end":{"line":212,"column":40}}]},"8":{"loc":{"start":{"line":215,"column":24},"end":{"line":215,"column":48}},"type":"binary-expr","locations":[{"start":{"line":215,"column":24},"end":{"line":215,"column":40}},{"start":{"line":215,"column":44},"end":{"line":215,"column":48}}]}},"s":{"0":0,"1":0,"2":0,"3":0,"4":0,"5":0,"6":0,"7":0,"8":0,"9":0,"10":0,"11":0,"12":0,"13":0,"14":0,"15":0,"16":0,"17":0,"18":0,"19":0,"20":0,"21":0,"22":0,"23":0,"24":0},"f":{"0":0,"1":0,"2":0,"3":0},"b":{"0":[0],"1":[0,0],"2":[0],"3":[0,0],"4":[0],"5":[0,0],"6":[0,0],"7":[0,0],"8":[0,0]}}
,"/Users/mac/prismy-minimal/src/app/api/admin/queues/debug/route.ts": {"path":"/Users/mac/prismy-minimal/src/app/api/admin/queues/debug/route.ts","statementMap":{"0":{"start":{"line":4,"column":22},"end":{"line":4,"column":26}},"1":{"start":{"line":1,"column":42},"end":{"line":1,"column":null}},"2":{"start":{"line":2,"column":33},"end":{"line":2,"column":null}},"3":{"start":{"line":5,"column":2},"end":{"line":29,"column":null}},"4":{"start":{"line":7,"column":19},"end":{"line":7,"column":null}},"5":{"start":{"line":10,"column":20},"end":{"line":10,"column":null}},"6":{"start":{"line":13,"column":23},"end":{"line":13,"column":null}},"7":{"start":{"line":14,"column":4},"end":{"line":16,"column":null}},"8":{"start":{"line":15,"column":6},"end":{"line":15,"column":null}},"9":{"start":{"line":19,"column":26},"end":{"line":19,"column":null}},"10":{"start":{"line":21,"column":4},"end":{"line":26,"column":null}},"11":{"start":{"line":28,"column":4},"end":{"line":28,"column":null}}},"fnMap":{"0":{"name":"GET","decl":{"start":{"line":4,"column":22},"end":{"line":4,"column":26}},"loc":{"start":{"line":4,"column":46},"end":{"line":30,"column":null}}}},"branchMap":{},"s":{"0":0,"1":0,"2":0,"3":0,"4":0,"5":0,"6":0,"7":0,"8":0,"9":0,"10":0,"11":0},"f":{"0":0},"b":{}}
,"/Users/mac/prismy-minimal/src/app/api/auth/create-key/route.ts": {"path":"/Users/mac/prismy-minimal/src/app/api/auth/create-key/route.ts","statementMap":{"0":{"start":{"line":7,"column":22},"end":{"line":7,"column":27}},"1":{"start":{"line":1,"column":42},"end":{"line":1,"column":null}},"2":{"start":{"line":2,"column":29},"end":{"line":2,"column":null}},"3":{"start":{"line":3,"column":31},"end":{"line":3,"column":null}},"4":{"start":{"line":5,"column":15},"end":{"line":5,"column":null}},"5":{"start":{"line":8,"column":2},"end":{"line":56,"column":null}},"6":{"start":{"line":9,"column":43},"end":{"line":9,"column":null}},"7":{"start":{"line":11,"column":4},"end":{"line":16,"column":null}},"8":{"start":{"line":12,"column":6},"end":{"line":14,"column":null}},"9":{"start":{"line":19,"column":15},"end":{"line":21,"column":null}},"10":{"start":{"line":23,"column":4},"end":{"line":27,"column":null}},"11":{"start":{"line":24,"column":6},"end":{"line":26,"column":null}},"12":{"start":{"line":30,"column":19},"end":{"line":30,"column":null}},"13":{"start":{"line":33,"column":16},"end":{"line":41,"column":null}},"14":{"start":{"line":43,"column":4},"end":{"line":48,"column":null}},"15":{"start":{"line":51,"column":4},"end":{"line":51,"column":null}},"16":{"start":{"line":52,"column":4},"end":{"line":54,"column":null}}},"fnMap":{"0":{"name":"POST","decl":{"start":{"line":7,"column":22},"end":{"line":7,"column":27}},"loc":{"start":{"line":7,"column":47},"end":{"line":57,"column":null}}}},"branchMap":{"0":{"loc":{"start":{"line":9,"column":25},"end":{"line":9,"column":38}},"type":"default-arg","locations":[{"start":{"line":9,"column":32},"end":{"line":9,"column":38}}]},"1":{"loc":{"start":{"line":11,"column":4},"end":{"line":16,"column":null}},"type":"if","locations":[{"start":{"line":11,"column":4},"end":{"line":16,"column":null}}]},"2":{"loc":{"start":{"line":23,"column":4},"end":{"line":27,"column":null}},"type":"if","locations":[{"start":{"line":23,"column":4},"end":{"line":27,"column":null}}]},"3":{"loc":{"start":{"line":39,"column":19},"end":{"line":39,"column":null}},"type":"cond-expr","locations":[{"start":{"line":39,"column":37},"end":{"line":39,"column":43}},{"start":{"line":39,"column":43},"end":{"line":39,"column":null}}]},"4":{"loc":{"start":{"line":39,"column":43},"end":{"line":39,"column":null}},"type":"cond-expr","locations":[{"start":{"line":39,"column":60},"end":{"line":39,"column":67}},{"start":{"line":39,"column":67},"end":{"line":39,"column":null}}]}},"s":{"0":0,"1":0,"2":0,"3":0,"4":0,"5":0,"6":0,"7":0,"8":0,"9":0,"10":0,"11":0,"12":0,"13":0,"14":0,"15":0,"16":0},"f":{"0":0},"b":{"0":[0],"1":[0],"2":[0],"3":[0,0],"4":[0,0]}}
,"/Users/mac/prismy-minimal/src/app/api/extraction-status/[jobId]/route.ts": {"path":"/Users/mac/prismy-minimal/src/app/api/extraction-status/[jobId]/route.ts","statementMap":{"0":{"start":{"line":3,"column":22},"end":{"line":3,"column":null}},"1":{"start":{"line":1,"column":42},"end":{"line":1,"column":null}},"2":{"start":{"line":7,"column":2},"end":{"line":42,"column":null}},"3":{"start":{"line":8,"column":22},"end":{"line":8,"column":null}},"4":{"start":{"line":10,"column":32},"end":{"line":10,"column":null}},"5":{"start":{"line":10,"column":38},"end":{"line":10,"column":null}},"6":{"start":{"line":12,"column":16},"end":{"line":12,"column":null}},"7":{"start":{"line":14,"column":4},"end":{"line":16,"column":null}},"8":{"start":{"line":15,"column":6},"end":{"line":15,"column":null}},"9":{"start":{"line":18,"column":18},"end":{"line":18,"column":null}},"10":{"start":{"line":20,"column":4},"end":{"line":31,"column":null}},"11":{"start":{"line":21,"column":21},"end":{"line":21,"column":36}},"12":{"start":{"line":22,"column":6},"end":{"line":30,"column":null}},"13":{"start":{"line":33,"column":4},"end":{"line":37,"column":null}},"14":{"start":{"line":40,"column":4},"end":{"line":40,"column":null}},"15":{"start":{"line":41,"column":4},"end":{"line":41,"column":null}}},"fnMap":{"0":{"name":"GET","decl":{"start":{"line":3,"column":22},"end":{"line":3,"column":null}},"loc":{"start":{"line":5,"column":52},"end":{"line":43,"column":null}}},"1":{"name":"(anonymous_5)","decl":{"start":{"line":10,"column":38},"end":{"line":10,"column":45}},"loc":{"start":{"line":10,"column":38},"end":{"line":10,"column":null}}}},"branchMap":{"0":{"loc":{"start":{"line":14,"column":4},"end":{"line":16,"column":null}},"type":"if","locations":[{"start":{"line":14,"column":4},"end":{"line":16,"column":null}}]},"1":{"loc":{"start":{"line":20,"column":4},"end":{"line":31,"column":null}},"type":"if","locations":[{"start":{"line":20,"column":4},"end":{"line":31,"column":null}}]},"2":{"loc":{"start":{"line":36,"column":16},"end":{"line":36,"column":null}},"type":"binary-expr","locations":[{"start":{"line":36,"column":16},"end":{"line":36,"column":28}},{"start":{"line":36,"column":32},"end":{"line":36,"column":null}}]}},"s":{"0":0,"1":0,"2":0,"3":0,"4":0,"5":0,"6":0,"7":0,"8":0,"9":0,"10":0,"11":0,"12":0,"13":0,"14":0,"15":0},"f":{"0":0,"1":0},"b":{"0":[0],"1":[0],"2":[0,0]}}
,"/Users/mac/prismy-minimal/src/app/api/health/route.ts": {"path":"/Users/mac/prismy-minimal/src/app/api/health/route.ts","statementMap":{"0":{"start":{"line":5,"column":22},"end":{"line":5,"column":25}},"1":{"start":{"line":14,"column":22},"end":{"line":14,"column":26}},"2":{"start":{"line":1,"column":13},"end":{"line":1,"column":20}},"3":{"start":{"line":3,"column":29},"end":{"line":3,"column":null}},"4":{"start":{"line":1,"column":23},"end":{"line":1,"column":null}},"5":{"start":{"line":6,"column":2},"end":{"line":11,"column":null}},"6":{"start":{"line":15,"column":2},"end":{"line":15,"column":null}}},"fnMap":{"0":{"name":"GET","decl":{"start":{"line":5,"column":22},"end":{"line":5,"column":25}},"loc":{"start":{"line":5,"column":22},"end":{"line":12,"column":null}}},"1":{"name":"HEAD","decl":{"start":{"line":14,"column":22},"end":{"line":14,"column":26}},"loc":{"start":{"line":14,"column":22},"end":{"line":16,"column":null}}}},"branchMap":{},"s":{"0":2,"1":0,"2":0,"3":1,"4":1,"5":2,"6":0},"f":{"0":2,"1":0},"b":{}}
,"/Users/mac/prismy-minimal/src/app/api/sentry-example-api/route.ts": {"path":"/Users/mac/prismy-minimal/src/app/api/sentry-example-api/route.ts","statementMap":{"0":{"start":{"line":11,"column":16},"end":{"line":11,"column":19}},"1":{"start":{"line":3,"column":13},"end":{"line":3,"column":20}},"2":{"start":{"line":1,"column":29},"end":{"line":1,"column":null}},"3":{"start":{"line":3,"column":23},"end":{"line":3,"column":null}},"4":{"start":{"line":6,"column":4},"end":{"line":6,"column":null}},"5":{"start":{"line":7,"column":4},"end":{"line":7,"column":null}},"6":{"start":{"line":12,"column":2},"end":{"line":12,"column":null}},"7":{"start":{"line":13,"column":2},"end":{"line":13,"column":null}}},"fnMap":{"0":{"name":"(anonymous_3)","decl":{"start":{"line":5,"column":2},"end":{"line":5,"column":14}},"loc":{"start":{"line":5,"column":43},"end":{"line":8,"column":null}}},"1":{"name":"GET","decl":{"start":{"line":11,"column":16},"end":{"line":11,"column":19}},"loc":{"start":{"line":11,"column":16},"end":{"line":14,"column":null}}}},"branchMap":{},"s":{"0":0,"1":0,"2":0,"3":0,"4":0,"5":0,"6":0,"7":0},"f":{"0":0,"1":0},"b":{}}
,"/Users/mac/prismy-minimal/src/app/api/translate/route.ts": {"path":"/Users/mac/prismy-minimal/src/app/api/translate/route.ts","statementMap":{"0":{"start":{"line":92,"column":22},"end":{"line":92,"column":25}},"1":{"start":{"line":110,"column":22},"end":{"line":110,"column":26}},"2":{"start":{"line":3,"column":13},"end":{"line":3,"column":20}},"3":{"start":{"line":2,"column":13},"end":{"line":2,"column":20}},"4":{"start":{"line":5,"column":29},"end":{"line":5,"column":null}},"5":{"start":{"line":6,"column":19},"end":{"line":6,"column":null}},"6":{"start":{"line":7,"column":19},"end":{"line":7,"column":null}},"7":{"start":{"line":2,"column":23},"end":{"line":2,"column":null}},"8":{"start":{"line":3,"column":23},"end":{"line":3,"column":null}},"9":{"start":{"line":32,"column":17},"end":{"line":41,"column":null}},"10":{"start":{"line":43,"column":50},"end":{"line":71,"column":null}},"11":{"start":{"line":74,"column":15},"end":{"line":76,"column":null}},"12":{"start":{"line":79,"column":14},"end":{"line":79,"column":null}},"13":{"start":{"line":79,"column":30},"end":{"line":79,"column":null}},"14":{"start":{"line":79,"column":53},"end":{"line":79,"column":null}},"15":{"start":{"line":86,"column":25},"end":{"line":86,"column":null}},"16":{"start":{"line":87,"column":22},"end":{"line":87,"column":null}},"17":{"start":{"line":88,"column":2},"end":{"line":88,"column":null}},"18":{"start":{"line":93,"column":2},"end":{"line":106,"column":null}},"19":{"start":{"line":111,"column":20},"end":{"line":111,"column":null}},"20":{"start":{"line":113,"column":2},"end":{"line":298,"column":null}},"21":{"start":{"line":114,"column":4},"end":{"line":119,"column":null}},"22":{"start":{"line":115,"column":6},"end":{"line":117,"column":null}},"23":{"start":{"line":121,"column":17},"end":{"line":121,"column":null}},"24":{"start":{"line":129,"column":8},"end":{"line":129,"column":null}},"25":{"start":{"line":132,"column":4},"end":{"line":137,"column":null}},"26":{"start":{"line":133,"column":6},"end":{"line":135,"column":null}},"27":{"start":{"line":139,"column":21},"end":{"line":139,"column":null}},"28":{"start":{"line":140,"column":19},"end":{"line":140,"column":64}},"29":{"start":{"line":142,"column":4},"end":{"line":150,"column":null}},"30":{"start":{"line":143,"column":6},"end":{"line":148,"column":null}},"31":{"start":{"line":152,"column":27},"end":{"line":152,"column":null}},"32":{"start":{"line":154,"column":4},"end":{"line":154,"column":null}},"33":{"start":{"line":155,"column":4},"end":{"line":155,"column":null}},"34":{"start":{"line":156,"column":4},"end":{"line":156,"column":null}},"35":{"start":{"line":157,"column":4},"end":{"line":157,"column":null}},"36":{"start":{"line":158,"column":4},"end":{"line":158,"column":null}},"37":{"start":{"line":161,"column":31},"end":{"line":161,"column":null}},"38":{"start":{"line":161,"column":37},"end":{"line":161,"column":null}},"39":{"start":{"line":162,"column":27},"end":{"line":162,"column":null}},"40":{"start":{"line":164,"column":32},"end":{"line":169,"column":null}},"41":{"start":{"line":171,"column":4},"end":{"line":171,"column":null}},"42":{"start":{"line":172,"column":4},"end":{"line":172,"column":null}},"43":{"start":{"line":175,"column":24},"end":{"line":175,"column":null}},"44":{"start":{"line":175,"column":78},"end":{"line":175,"column":96}},"45":{"start":{"line":176,"column":4},"end":{"line":176,"column":null}},"46":{"start":{"line":178,"column":4},"end":{"line":180,"column":null}},"47":{"start":{"line":179,"column":6},"end":{"line":179,"column":null}},"48":{"start":{"line":182,"column":25},"end":{"line":187,"column":null}},"49":{"start":{"line":189,"column":35},"end":{"line":189,"column":null}},"50":{"start":{"line":190,"column":21},"end":{"line":190,"column":null}},"51":{"start":{"line":191,"column":23},"end":{"line":191,"column":null}},"52":{"start":{"line":193,"column":18},"end":{"line":193,"column":null}},"53":{"start":{"line":196,"column":4},"end":{"line":241,"column":null}},"54":{"start":{"line":196,"column":17},"end":{"line":196,"column":20}},"55":{"start":{"line":197,"column":25},"end":{"line":197,"column":null}},"56":{"start":{"line":198,"column":23},"end":{"line":198,"column":null}},"57":{"start":{"line":199,"column":23},"end":{"line":199,"column":null}},"58":{"start":{"line":200,"column":27},"end":{"line":200,"column":null}},"59":{"start":{"line":202,"column":6},"end":{"line":202,"column":null}},"60":{"start":{"line":204,"column":28},"end":{"line":230,"column":null}},"61":{"start":{"line":207,"column":29},"end":{"line":207,"column":null}},"62":{"start":{"line":208,"column":10},"end":{"line":229,"column":null}},"63":{"start":{"line":209,"column":36},"end":{"line":209,"column":null}},"64":{"start":{"line":211,"column":32},"end":{"line":222,"column":null}},"65":{"start":{"line":224,"column":12},"end":{"line":224,"column":null}},"66":{"start":{"line":225,"column":12},"end":{"line":225,"column":null}},"67":{"start":{"line":226,"column":12},"end":{"line":226,"column":null}},"68":{"start":{"line":228,"column":12},"end":{"line":228,"column":null}},"69":{"start":{"line":232,"column":6},"end":{"line":232,"column":null}},"70":{"start":{"line":235,"column":6},"end":{"line":240,"column":null}},"71":{"start":{"line":236,"column":25},"end":{"line":236,"column":49}},"72":{"start":{"line":237,"column":22},"end":{"line":237,"column":null}},"73":{"start":{"line":238,"column":8},"end":{"line":238,"column":null}},"74":{"start":{"line":239,"column":8},"end":{"line":239,"column":null}},"75":{"start":{"line":243,"column":29},"end":{"line":243,"column":null}},"76":{"start":{"line":244,"column":27},"end":{"line":244,"column":null}},"77":{"start":{"line":246,"column":4},"end":{"line":246,"column":null}},"78":{"start":{"line":247,"column":4},"end":{"line":247,"column":null}},"79":{"start":{"line":248,"column":4},"end":{"line":248,"column":null}},"80":{"start":{"line":250,"column":4},"end":{"line":268,"column":null}},"81":{"start":{"line":271,"column":4},"end":{"line":271,"column":null}},"82":{"start":{"line":273,"column":4},"end":{"line":278,"column":null}},"83":{"start":{"line":274,"column":6},"end":{"line":276,"column":null}},"84":{"start":{"line":280,"column":4},"end":{"line":285,"column":null}},"85":{"start":{"line":281,"column":6},"end":{"line":283,"column":null}},"86":{"start":{"line":287,"column":4},"end":{"line":292,"column":null}},"87":{"start":{"line":288,"column":6},"end":{"line":290,"column":null}},"88":{"start":{"line":294,"column":4},"end":{"line":296,"column":null}},"89":{"start":{"line":313,"column":2},"end":{"line":315,"column":null}},"90":{"start":{"line":314,"column":4},"end":{"line":314,"column":null}},"91":{"start":{"line":317,"column":26},"end":{"line":317,"column":null}},"92":{"start":{"line":319,"column":2},"end":{"line":330,"column":null}},"93":{"start":{"line":320,"column":4},"end":{"line":326,"column":null}},"94":{"start":{"line":321,"column":6},"end":{"line":321,"column":null}},"95":{"start":{"line":322,"column":11},"end":{"line":326,"column":null}},"96":{"start":{"line":323,"column":6},"end":{"line":323,"column":null}},"97":{"start":{"line":324,"column":11},"end":{"line":326,"column":null}},"98":{"start":{"line":325,"column":6},"end":{"line":325,"column":null}},"99":{"start":{"line":328,"column":4},"end":{"line":328,"column":null}},"100":{"start":{"line":328,"column":21},"end":{"line":328,"column":null}},"101":{"start":{"line":329,"column":4},"end":{"line":329,"column":null}},"102":{"start":{"line":329,"column":22},"end":{"line":329,"column":null}},"103":{"start":{"line":332,"column":2},"end":{"line":344,"column":null}},"104":{"start":{"line":334,"column":6},"end":{"line":334,"column":null}},"105":{"start":{"line":335,"column":6},"end":{"line":335,"column":null}},"106":{"start":{"line":337,"column":6},"end":{"line":337,"column":null}},"107":{"start":{"line":338,"column":6},"end":{"line":338,"column":null}},"108":{"start":{"line":340,"column":6},"end":{"line":341,"column":null}},"109":{"start":{"line":343,"column":6},"end":{"line":343,"column":null}},"110":{"start":{"line":346,"column":2},"end":{"line":346,"column":null}},"111":{"start":{"line":374,"column":2},"end":{"line":410,"column":null}},"112":{"start":{"line":374,"column":21},"end":{"line":374,"column":24}},"113":{"start":{"line":375,"column":4},"end":{"line":409,"column":null}},"114":{"start":{"line":376,"column":6},"end":{"line":385,"column":null}},"115":{"start":{"line":387,"column":6},"end":{"line":387,"column":null}},"116":{"start":{"line":389,"column":6},"end":{"line":402,"column":null}},"117":{"start":{"line":390,"column":8},"end":{"line":394,"column":null}},"118":{"start":{"line":391,"column":10},"end":{"line":391,"column":null}},"119":{"start":{"line":392,"column":10},"end":{"line":392,"column":null}},"120":{"start":{"line":393,"column":10},"end":{"line":393,"column":null}},"121":{"start":{"line":396,"column":26},"end":{"line":396,"column":null}},"122":{"start":{"line":397,"column":25},"end":{"line":397,"column":null}},"123":{"start":{"line":399,"column":8},"end":{"line":399,"column":null}},"124":{"start":{"line":400,"column":8},"end":{"line":400,"column":null}},"125":{"start":{"line":401,"column":8},"end":{"line":401,"column":null}},"126":{"start":{"line":404,"column":6},"end":{"line":408,"column":null}},"127":{"start":{"line":405,"column":24},"end":{"line":405,"column":null}},"128":{"start":{"line":406,"column":8},"end":{"line":406,"column":null}},"129":{"start":{"line":407,"column":8},"end":{"line":407,"column":null}},"130":{"start":{"line":412,"column":2},"end":{"line":412,"column":null}},"131":{"start":{"line":434,"column":19},"end":{"line":434,"column":null}},"132":{"start":{"line":436,"column":2},"end":{"line":438,"column":null}},"133":{"start":{"line":437,"column":4},"end":{"line":437,"column":null}},"134":{"start":{"line":440,"column":2},"end":{"line":442,"column":null}},"135":{"start":{"line":441,"column":4},"end":{"line":441,"column":null}},"136":{"start":{"line":444,"column":21},"end":{"line":452,"column":null}},"137":{"start":{"line":454,"column":2},"end":{"line":454,"column":null}}},"fnMap":{"0":{"name":"(anonymous_9)","decl":{"start":{"line":79,"column":14},"end":{"line":79,"column":15}},"loc":{"start":{"line":79,"column":30},"end":{"line":79,"column":null}}},"1":{"name":"(anonymous_10)","decl":{"start":{"line":79,"column":42},"end":{"line":79,"column":53}},"loc":{"start":{"line":79,"column":53},"end":{"line":79,"column":null}}},"2":{"name":"calculateDynamicDelay","decl":{"start":{"line":81,"column":9},"end":{"line":81,"column":null}},"loc":{"start":{"line":84,"column":20},"end":{"line":89,"column":null}}},"3":{"name":"GET","decl":{"start":{"line":92,"column":22},"end":{"line":92,"column":25}},"loc":{"start":{"line":92,"column":22},"end":{"line":107,"column":null}}},"4":{"name":"POST","decl":{"start":{"line":110,"column":22},"end":{"line":110,"column":26}},"loc":{"start":{"line":110,"column":43},"end":{"line":299,"column":null}}},"5":{"name":"(anonymous_14)","decl":{"start":{"line":161,"column":37},"end":{"line":161,"column":44}},"loc":{"start":{"line":161,"column":37},"end":{"line":161,"column":null}}},"6":{"name":"(anonymous_15)","decl":{"start":{"line":175,"column":62},"end":{"line":175,"column":63}},"loc":{"start":{"line":175,"column":78},"end":{"line":175,"column":96}}},"7":{"name":"(anonymous_16)","decl":{"start":{"line":206,"column":13},"end":{"line":206,"column":14}},"loc":{"start":{"line":206,"column":21},"end":{"line":230,"column":null}}},"8":{"name":"(anonymous_17)","decl":{"start":{"line":208,"column":23},"end":{"line":208,"column":null}},"loc":{"start":{"line":208,"column":23},"end":{"line":229,"column":null}}},"9":{"name":"buildSystemPrompt","decl":{"start":{"line":302,"column":9},"end":{"line":302,"column":27}},"loc":{"start":{"line":312,"column":1},"end":{"line":347,"column":null}}},"10":{"name":"translateChunkWithRetry","decl":{"start":{"line":349,"column":15},"end":{"line":349,"column":39}},"loc":{"start":{"line":371,"column":1},"end":{"line":413,"column":null}}},"11":{"name":"translateChunk","decl":{"start":{"line":415,"column":15},"end":{"line":415,"column":30}},"loc":{"start":{"line":433,"column":1},"end":{"line":455,"column":null}}}},"branchMap":{"0":{"loc":{"start":{"line":75,"column":10},"end":{"line":75,"column":null}},"type":"binary-expr","locations":[{"start":{"line":75,"column":10},"end":{"line":75,"column":36}},{"start":{"line":75,"column":40},"end":{"line":75,"column":null}}]},"1":{"loc":{"start":{"line":114,"column":4},"end":{"line":119,"column":null}},"type":"if","locations":[{"start":{"line":114,"column":4},"end":{"line":119,"column":null}}]},"2":{"loc":{"start":{"line":123,"column":6},"end":{"line":123,"column":15}},"type":"default-arg","locations":[{"start":{"line":123,"column":13},"end":{"line":123,"column":15}}]},"3":{"loc":{"start":{"line":124,"column":6},"end":{"line":124,"column":23}},"type":"default-arg","locations":[{"start":{"line":124,"column":19},"end":{"line":124,"column":23}}]},"4":{"loc":{"start":{"line":125,"column":6},"end":{"line":125,"column":23}},"type":"default-arg","locations":[{"start":{"line":125,"column":13},"end":{"line":125,"column":23}}]},"5":{"loc":{"start":{"line":126,"column":6},"end":{"line":126,"column":23}},"type":"default-arg","locations":[{"start":{"line":126,"column":18},"end":{"line":126,"column":23}}]},"6":{"loc":{"start":{"line":127,"column":6},"end":{"line":127,"column":24}},"type":"default-arg","locations":[{"start":{"line":127,"column":20},"end":{"line":127,"column":24}}]},"7":{"loc":{"start":{"line":128,"column":6},"end":{"line":128,"column":31}},"type":"default-arg","locations":[{"start":{"line":128,"column":27},"end":{"line":128,"column":31}}]},"8":{"loc":{"start":{"line":132,"column":4},"end":{"line":137,"column":null}},"type":"if","locations":[{"start":{"line":132,"column":4},"end":{"line":137,"column":null}}]},"9":{"loc":{"start":{"line":140,"column":19},"end":{"line":140,"column":64}},"type":"binary-expr","locations":[{"start":{"line":140,"column":19},"end":{"line":140,"column":40}},{"start":{"line":140,"column":44},"end":{"line":140,"column":64}}]},"10":{"loc":{"start":{"line":142,"column":4},"end":{"line":150,"column":null}},"type":"if","locations":[{"start":{"line":142,"column":4},"end":{"line":150,"column":null}}]},"11":{"loc":{"start":{"line":152,"column":27},"end":{"line":152,"column":null}},"type":"binary-expr","locations":[{"start":{"line":152,"column":27},"end":{"line":152,"column":55}},{"start":{"line":152,"column":55},"end":{"line":152,"column":null}}]},"12":{"loc":{"start":{"line":167,"column":17},"end":{"line":167,"column":null}},"type":"cond-expr","locations":[{"start":{"line":167,"column":40},"end":{"line":167,"column":46}},{"start":{"line":167,"column":46},"end":{"line":167,"column":null}}]},"13":{"loc":{"start":{"line":167,"column":46},"end":{"line":167,"column":null}},"type":"cond-expr","locations":[{"start":{"line":167,"column":72},"end":{"line":167,"column":79}},{"start":{"line":167,"column":79},"end":{"line":167,"column":null}}]},"14":{"loc":{"start":{"line":168,"column":15},"end":{"line":168,"column":null}},"type":"cond-expr","locations":[{"start":{"line":168,"column":40},"end":{"line":168,"column":46}},{"start":{"line":168,"column":46},"end":{"line":168,"column":null}}]},"15":{"loc":{"start":{"line":175,"column":24},"end":{"line":175,"column":null}},"type":"binary-expr","locations":[{"start":{"line":175,"column":24},"end":{"line":175,"column":48}},{"start":{"line":175,"column":48},"end":{"line":175,"column":null}}]},"16":{"loc":{"start":{"line":178,"column":4},"end":{"line":180,"column":null}},"type":"if","locations":[{"start":{"line":178,"column":4},"end":{"line":180,"column":null}}]},"17":{"loc":{"start":{"line":209,"column":36},"end":{"line":209,"column":null}},"type":"cond-expr","locations":[{"start":{"line":209,"column":53},"end":{"line":209,"column":97}},{"start":{"line":209,"column":97},"end":{"line":209,"column":null}}]},"18":{"loc":{"start":{"line":235,"column":6},"end":{"line":240,"column":null}},"type":"if","locations":[{"start":{"line":235,"column":6},"end":{"line":240,"column":null}}]},"19":{"loc":{"start":{"line":257,"column":14},"end":{"line":257,"column":null}},"type":"cond-expr","locations":[{"start":{"line":257,"column":34},"end":{"line":257,"column":46}},{"start":{"line":257,"column":46},"end":{"line":257,"column":null}}]},"20":{"loc":{"start":{"line":265,"column":26},"end":{"line":265,"column":null}},"type":"binary-expr","locations":[{"start":{"line":265,"column":26},"end":{"line":265,"column":47}},{"start":{"line":265,"column":47},"end":{"line":265,"column":null}}]},"21":{"loc":{"start":{"line":266,"column":13},"end":{"line":266,"column":null}},"type":"cond-expr","locations":[{"start":{"line":266,"column":27},"end":{"line":266,"column":54}},{"start":{"line":266,"column":54},"end":{"line":266,"column":null}}]},"22":{"loc":{"start":{"line":273,"column":4},"end":{"line":278,"column":null}},"type":"if","locations":[{"start":{"line":273,"column":4},"end":{"line":278,"column":null}}]},"23":{"loc":{"start":{"line":280,"column":4},"end":{"line":285,"column":null}},"type":"if","locations":[{"start":{"line":280,"column":4},"end":{"line":285,"column":null}}]},"24":{"loc":{"start":{"line":287,"column":4},"end":{"line":292,"column":null}},"type":"if","locations":[{"start":{"line":287,"column":4},"end":{"line":292,"column":null}}]},"25":{"loc":{"start":{"line":295,"column":31},"end":{"line":295,"column":69}},"type":"binary-expr","locations":[{"start":{"line":295,"column":31},"end":{"line":295,"column":44}},{"start":{"line":295,"column":48},"end":{"line":295,"column":69}}]},"26":{"loc":{"start":{"line":313,"column":2},"end":{"line":315,"column":null}},"type":"if","locations":[{"start":{"line":313,"column":2},"end":{"line":315,"column":null}}]},"27":{"loc":{"start":{"line":319,"column":2},"end":{"line":330,"column":null}},"type":"if","locations":[{"start":{"line":319,"column":2},"end":{"line":330,"column":null}}]},"28":{"loc":{"start":{"line":320,"column":4},"end":{"line":326,"column":null}},"type":"if","locations":[{"start":{"line":320,"column":4},"end":{"line":326,"column":null}},{"start":{"line":322,"column":11},"end":{"line":326,"column":null}}]},"29":{"loc":{"start":{"line":322,"column":11},"end":{"line":326,"column":null}},"type":"if","locations":[{"start":{"line":322,"column":11},"end":{"line":326,"column":null}},{"start":{"line":324,"column":11},"end":{"line":326,"column":null}}]},"30":{"loc":{"start":{"line":324,"column":11},"end":{"line":326,"column":null}},"type":"if","locations":[{"start":{"line":324,"column":11},"end":{"line":326,"column":null}}]},"31":{"loc":{"start":{"line":328,"column":4},"end":{"line":328,"column":null}},"type":"if","locations":[{"start":{"line":328,"column":4},"end":{"line":328,"column":null}}]},"32":{"loc":{"start":{"line":329,"column":4},"end":{"line":329,"column":null}},"type":"if","locations":[{"start":{"line":329,"column":4},"end":{"line":329,"column":null}}]},"33":{"loc":{"start":{"line":332,"column":2},"end":{"line":344,"column":null}},"type":"switch","locations":[{"start":{"line":333,"column":4},"end":{"line":335,"column":null}},{"start":{"line":336,"column":4},"end":{"line":338,"column":null}},{"start":{"line":339,"column":4},"end":{"line":343,"column":null}}]},"34":{"loc":{"start":{"line":389,"column":6},"end":{"line":402,"column":null}},"type":"if","locations":[{"start":{"line":389,"column":6},"end":{"line":402,"column":null}}]},"35":{"loc":{"start":{"line":390,"column":8},"end":{"line":394,"column":null}},"type":"if","locations":[{"start":{"line":390,"column":8},"end":{"line":394,"column":null}}]},"36":{"loc":{"start":{"line":390,"column":12},"end":{"line":390,"column":49}},"type":"binary-expr","locations":[{"start":{"line":390,"column":12},"end":{"line":390,"column":34}},{"start":{"line":390,"column":34},"end":{"line":390,"column":49}}]},"37":{"loc":{"start":{"line":397,"column":25},"end":{"line":397,"column":null}},"type":"cond-expr","locations":[{"start":{"line":397,"column":37},"end":{"line":397,"column":71}},{"start":{"line":397,"column":71},"end":{"line":397,"column":null}}]},"38":{"loc":{"start":{"line":404,"column":6},"end":{"line":408,"column":null}},"type":"if","locations":[{"start":{"line":404,"column":6},"end":{"line":408,"column":null}}]},"39":{"loc":{"start":{"line":436,"column":2},"end":{"line":438,"column":null}},"type":"if","locations":[{"start":{"line":436,"column":2},"end":{"line":438,"column":null}}]},"40":{"loc":{"start":{"line":436,"column":6},"end":{"line":436,"column":41}},"type":"binary-expr","locations":[{"start":{"line":436,"column":6},"end":{"line":436,"column":25}},{"start":{"line":436,"column":25},"end":{"line":436,"column":41}}]},"41":{"loc":{"start":{"line":440,"column":2},"end":{"line":442,"column":null}},"type":"if","locations":[{"start":{"line":440,"column":2},"end":{"line":442,"column":null}}]},"42":{"loc":{"start":{"line":440,"column":6},"end":{"line":440,"column":45}},"type":"binary-expr","locations":[{"start":{"line":440,"column":6},"end":{"line":440,"column":28}},{"start":{"line":440,"column":28},"end":{"line":440,"column":45}}]},"43":{"loc":{"start":{"line":454,"column":9},"end":{"line":454,"column":null}},"type":"binary-expr","locations":[{"start":{"line":454,"column":9},"end":{"line":454,"column":52}},{"start":{"line":454,"column":52},"end":{"line":454,"column":null}}]}},"s":{"0":0,"1":0,"2":0,"3":0,"4":0,"5":0,"6":0,"7":0,"8":0,"9":0,"10":0,"11":0,"12":0,"13":0,"14":0,"15":0,"16":0,"17":0,"18":0,"19":0,"20":0,"21":0,"22":0,"23":0,"24":0,"25":0,"26":0,"27":0,"28":0,"29":0,"30":0,"31":0,"32":0,"33":0,"34":0,"35":0,"36":0,"37":0,"38":0,"39":0,"40":0,"41":0,"42":0,"43":0,"44":0,"45":0,"46":0,"47":0,"48":0,"49":0,"50":0,"51":0,"52":0,"53":0,"54":0,"55":0,"56":0,"57":0,"58":0,"59":0,"60":0,"61":0,"62":0,"63":0,"64":0,"65":0,"66":0,"67":0,"68":0,"69":0,"70":0,"71":0,"72":0,"73":0,"74":0,"75":0,"76":0,"77":0,"78":0,"79":0,"80":0,"81":0,"82":0,"83":0,"84":0,"85":0,"86":0,"87":0,"88":0,"89":0,"90":0,"91":0,"92":0,"93":0,"94":0,"95":0,"96":0,"97":0,"98":0,"99":0,"100":0,"101":0,"102":0,"103":0,"104":0,"105":0,"106":0,"107":0,"108":0,"109":0,"110":0,"111":0,"112":0,"113":0,"114":0,"115":0,"116":0,"117":0,"118":0,"119":0,"120":0,"121":0,"122":0,"123":0,"124":0,"125":0,"126":0,"127":0,"128":0,"129":0,"130":0,"131":0,"132":0,"133":0,"134":0,"135":0,"136":0,"137":0},"f":{"0":0,"1":0,"2":0,"3":0,"4":0,"5":0,"6":0,"7":0,"8":0,"9":0,"10":0,"11":0},"b":{"0":[0,0],"1":[0],"2":[0],"3":[0],"4":[0],"5":[0],"6":[0],"7":[0],"8":[0],"9":[0,0],"10":[0],"11":[0,0],"12":[0,0],"13":[0,0],"14":[0,0],"15":[0,0],"16":[0],"17":[0,0],"18":[0],"19":[0,0],"20":[0,0],"21":[0,0],"22":[0],"23":[0],"24":[0],"25":[0,0],"26":[0],"27":[0],"28":[0,0],"29":[0,0],"30":[0],"31":[0],"32":[0],"33":[0,0,0],"34":[0],"35":[0],"36":[0,0],"37":[0,0],"38":[0],"39":[0],"40":[0,0],"41":[0],"42":[0,0],"43":[0,0]}}
,"/Users/mac/prismy-minimal/src/app/api/translate-async/route.ts": {"path":"/Users/mac/prismy-minimal/src/app/api/translate-async/route.ts","statementMap":{"0":{"start":{"line":6,"column":22},"end":{"line":6,"column":27}},"1":{"start":{"line":1,"column":42},"end":{"line":1,"column":null}},"2":{"start":{"line":2,"column":25},"end":{"line":2,"column":null}},"3":{"start":{"line":3,"column":29},"end":{"line":3,"column":null}},"4":{"start":{"line":4,"column":24},"end":{"line":4,"column":null}},"5":{"start":{"line":7,"column":2},"end":{"line":77,"column":null}},"6":{"start":{"line":8,"column":4},"end":{"line":76,"column":null}},"7":{"start":{"line":9,"column":23},"end":{"line":9,"column":null}},"8":{"start":{"line":10,"column":19},"end":{"line":10,"column":null}},"9":{"start":{"line":11,"column":29},"end":{"line":11,"column":null}},"10":{"start":{"line":12,"column":17},"end":{"line":12,"column":null}},"11":{"start":{"line":15,"column":25},"end":{"line":15,"column":null}},"12":{"start":{"line":16,"column":6},"end":{"line":19,"column":null}},"13":{"start":{"line":17,"column":8},"end":{"line":17,"column":null}},"14":{"start":{"line":18,"column":8},"end":{"line":18,"column":null}},"15":{"start":{"line":21,"column":6},"end":{"line":26,"column":null}},"16":{"start":{"line":22,"column":8},"end":{"line":24,"column":null}},"17":{"start":{"line":29,"column":6},"end":{"line":34,"column":null}},"18":{"start":{"line":30,"column":8},"end":{"line":32,"column":null}},"19":{"start":{"line":36,"column":23},"end":{"line":36,"column":32}},"20":{"start":{"line":37,"column":26},"end":{"line":37,"column":null}},"21":{"start":{"line":38,"column":21},"end":{"line":38,"column":null}},"22":{"start":{"line":41,"column":6},"end":{"line":41,"column":null}},"23":{"start":{"line":44,"column":20},"end":{"line":52,"column":null}},"24":{"start":{"line":54,"column":6},"end":{"line":59,"column":null}},"25":{"start":{"line":62,"column":6},"end":{"line":62,"column":null}},"26":{"start":{"line":64,"column":6},"end":{"line":70,"column":null}},"27":{"start":{"line":72,"column":6},"end":{"line":74,"column":null}}},"fnMap":{"0":{"name":"POST","decl":{"start":{"line":6,"column":22},"end":{"line":6,"column":27}},"loc":{"start":{"line":6,"column":47},"end":{"line":78,"column":null}}},"1":{"name":"(anonymous_5)","decl":{"start":{"line":7,"column":27},"end":{"line":7,"column":34}},"loc":{"start":{"line":7,"column":39},"end":{"line":77,"column":null}}}},"branchMap":{"0":{"loc":{"start":{"line":11,"column":29},"end":{"line":11,"column":null}},"type":"binary-expr","locations":[{"start":{"line":11,"column":29},"end":{"line":11,"column":73}},{"start":{"line":11,"column":73},"end":{"line":11,"column":null}}]},"1":{"loc":{"start":{"line":12,"column":17},"end":{"line":12,"column":null}},"type":"binary-expr","locations":[{"start":{"line":12,"column":17},"end":{"line":12,"column":51}},{"start":{"line":12,"column":51},"end":{"line":12,"column":60}},{"start":{"line":12,"column":64},"end":{"line":12,"column":null}}]},"2":{"loc":{"start":{"line":16,"column":6},"end":{"line":19,"column":null}},"type":"if","locations":[{"start":{"line":16,"column":6},"end":{"line":19,"column":null}}]},"3":{"loc":{"start":{"line":21,"column":6},"end":{"line":26,"column":null}},"type":"if","locations":[{"start":{"line":21,"column":6},"end":{"line":26,"column":null}}]},"4":{"loc":{"start":{"line":29,"column":6},"end":{"line":34,"column":null}},"type":"if","locations":[{"start":{"line":29,"column":6},"end":{"line":34,"column":null}}]},"5":{"loc":{"start":{"line":29,"column":10},"end":{"line":29,"column":52}},"type":"binary-expr","locations":[{"start":{"line":29,"column":10},"end":{"line":29,"column":30}},{"start":{"line":29,"column":30},"end":{"line":29,"column":52}}]},"6":{"loc":{"start":{"line":57,"column":23},"end":{"line":57,"column":null}},"type":"cond-expr","locations":[{"start":{"line":57,"column":42},"end":{"line":57,"column":50}},{"start":{"line":57,"column":50},"end":{"line":57,"column":null}}]},"7":{"loc":{"start":{"line":57,"column":50},"end":{"line":57,"column":null}},"type":"cond-expr","locations":[{"start":{"line":57,"column":72},"end":{"line":57,"column":81}},{"start":{"line":57,"column":81},"end":{"line":57,"column":null}}]},"8":{"loc":{"start":{"line":73,"column":17},"end":{"line":73,"column":79}},"type":"cond-expr","locations":[{"start":{"line":73,"column":42},"end":{"line":73,"column":55}},{"start":{"line":73,"column":58},"end":{"line":73,"column":79}}]}},"s":{"0":6,"1":1,"2":1,"3":1,"4":1,"5":6,"6":4,"7":4,"8":4,"9":4,"10":4,"11":4,"12":4,"13":1,"14":1,"15":4,"16":1,"17":3,"18":1,"19":2,"20":2,"21":2,"22":2,"23":2,"24":2,"25":0,"26":0,"27":0},"f":{"0":6,"1":4},"b":{"0":[4,0],"1":[4,0,0],"2":[1],"3":[1],"4":[1],"5":[3,1],"6":[2,0],"7":[0,0],"8":[0,0]}}
,"/Users/mac/prismy-minimal/src/app/api/translation-status/[jobId]/route.ts": {"path":"/Users/mac/prismy-minimal/src/app/api/translation-status/[jobId]/route.ts","statementMap":{"0":{"start":{"line":3,"column":22},"end":{"line":3,"column":null}},"1":{"start":{"line":1,"column":42},"end":{"line":1,"column":null}},"2":{"start":{"line":7,"column":2},"end":{"line":62,"column":null}},"3":{"start":{"line":8,"column":22},"end":{"line":8,"column":null}},"4":{"start":{"line":11,"column":33},"end":{"line":11,"column":null}},"5":{"start":{"line":11,"column":39},"end":{"line":11,"column":null}},"6":{"start":{"line":13,"column":16},"end":{"line":13,"column":null}},"7":{"start":{"line":15,"column":4},"end":{"line":20,"column":null}},"8":{"start":{"line":16,"column":6},"end":{"line":18,"column":null}},"9":{"start":{"line":22,"column":18},"end":{"line":22,"column":null}},"10":{"start":{"line":23,"column":21},"end":{"line":23,"column":33}},"11":{"start":{"line":26,"column":4},"end":{"line":35,"column":null}},"12":{"start":{"line":27,"column":21},"end":{"line":27,"column":36}},"13":{"start":{"line":28,"column":6},"end":{"line":34,"column":null}},"14":{"start":{"line":38,"column":4},"end":{"line":46,"column":null}},"15":{"start":{"line":39,"column":6},"end":{"line":45,"column":null}},"16":{"start":{"line":49,"column":4},"end":{"line":54,"column":null}},"17":{"start":{"line":57,"column":4},"end":{"line":57,"column":null}},"18":{"start":{"line":58,"column":4},"end":{"line":60,"column":null}}},"fnMap":{"0":{"name":"GET","decl":{"start":{"line":3,"column":22},"end":{"line":3,"column":null}},"loc":{"start":{"line":5,"column":52},"end":{"line":63,"column":null}}},"1":{"name":"(anonymous_5)","decl":{"start":{"line":11,"column":39},"end":{"line":11,"column":46}},"loc":{"start":{"line":11,"column":39},"end":{"line":11,"column":null}}}},"branchMap":{"0":{"loc":{"start":{"line":15,"column":4},"end":{"line":20,"column":null}},"type":"if","locations":[{"start":{"line":15,"column":4},"end":{"line":20,"column":null}}]},"1":{"loc":{"start":{"line":26,"column":4},"end":{"line":35,"column":null}},"type":"if","locations":[{"start":{"line":26,"column":4},"end":{"line":35,"column":null}}]},"2":{"loc":{"start":{"line":38,"column":4},"end":{"line":46,"column":null}},"type":"if","locations":[{"start":{"line":38,"column":4},"end":{"line":46,"column":null}}]},"3":{"loc":{"start":{"line":42,"column":18},"end":{"line":42,"column":null}},"type":"binary-expr","locations":[{"start":{"line":42,"column":18},"end":{"line":42,"column":30}},{"start":{"line":42,"column":30},"end":{"line":42,"column":null}}]},"4":{"loc":{"start":{"line":52,"column":16},"end":{"line":52,"column":null}},"type":"binary-expr","locations":[{"start":{"line":52,"column":16},"end":{"line":52,"column":28}},{"start":{"line":52,"column":28},"end":{"line":52,"column":null}}]}},"s":{"0":0,"1":0,"2":0,"3":0,"4":0,"5":0,"6":0,"7":0,"8":0,"9":0,"10":0,"11":0,"12":0,"13":0,"14":0,"15":0,"16":0,"17":0,"18":0},"f":{"0":0,"1":0},"b":{"0":[0],"1":[0],"2":[0],"3":[0,0],"4":[0,0]}}
,"/Users/mac/prismy-minimal/src/app/api/upload/route.ts": {"path":"/Users/mac/prismy-minimal/src/app/api/upload/route.ts","statementMap":{"0":{"start":{"line":5,"column":22},"end":{"line":5,"column":26}},"1":{"start":{"line":122,"column":13},"end":{"line":122,"column":19}},"2":{"start":{"line":1,"column":42},"end":{"line":1,"column":null}},"3":{"start":{"line":2,"column":39},"end":{"line":2,"column":null}},"4":{"start":{"line":3,"column":23},"end":{"line":3,"column":null}},"5":{"start":{"line":6,"column":1},"end":{"line":119,"column":null}},"6":{"start":{"line":7,"column":20},"end":{"line":7,"column":null}},"7":{"start":{"line":8,"column":16},"end":{"line":8,"column":null}},"8":{"start":{"line":10,"column":3},"end":{"line":12,"column":null}},"9":{"start":{"line":11,"column":5},"end":{"line":11,"column":null}},"10":{"start":{"line":15,"column":3},"end":{"line":17,"column":null}},"11":{"start":{"line":16,"column":5},"end":{"line":16,"column":null}},"12":{"start":{"line":20,"column":20},"end":{"line":20,"column":null}},"13":{"start":{"line":23,"column":26},"end":{"line":23,"column":null}},"14":{"start":{"line":24,"column":3},"end":{"line":30,"column":null}},"15":{"start":{"line":25,"column":5},"end":{"line":29,"column":null}},"16":{"start":{"line":33,"column":14},"end":{"line":33,"column":null}},"17":{"start":{"line":34,"column":3},"end":{"line":101,"column":null}},"18":{"start":{"line":35,"column":5},"end":{"line":35,"column":null}},"19":{"start":{"line":36,"column":5},"end":{"line":36,"column":null}},"20":{"start":{"line":37,"column":5},"end":{"line":37,"column":null}},"21":{"start":{"line":38,"column":5},"end":{"line":38,"column":null}},"22":{"start":{"line":41,"column":5},"end":{"line":66,"column":null}},"23":{"start":{"line":42,"column":35},"end":{"line":42,"column":null}},"24":{"start":{"line":42,"column":41},"end":{"line":42,"column":null}},"25":{"start":{"line":44,"column":22},"end":{"line":44,"column":null}},"26":{"start":{"line":45,"column":26},"end":{"line":45,"column":null}},"27":{"start":{"line":47,"column":19},"end":{"line":51,"column":null}},"28":{"start":{"line":53,"column":7},"end":{"line":53,"column":null}},"29":{"start":{"line":55,"column":7},"end":{"line":65,"column":null}},"30":{"start":{"line":69,"column":5},"end":{"line":69,"column":null}},"31":{"start":{"line":71,"column":5},"end":{"line":71,"column":null}},"32":{"start":{"line":72,"column":5},"end":{"line":72,"column":null}},"33":{"start":{"line":75,"column":5},"end":{"line":75,"column":null}},"34":{"start":{"line":78,"column":5},"end":{"line":84,"column":null}},"35":{"start":{"line":79,"column":7},"end":{"line":83,"column":null}},"36":{"start":{"line":87,"column":23},"end":{"line":87,"column":29}},"37":{"start":{"line":88,"column":5},"end":{"line":90,"column":null}},"38":{"start":{"line":89,"column":7},"end":{"line":89,"column":null}},"39":{"start":{"line":93,"column":5},"end":{"line":93,"column":null}},"40":{"start":{"line":94,"column":5},"end":{"line":94,"column":null}},"41":{"start":{"line":95,"column":5},"end":{"line":100,"column":null}},"42":{"start":{"line":103,"column":3},"end":{"line":111,"column":null}},"43":{"start":{"line":114,"column":3},"end":{"line":114,"column":null}},"44":{"start":{"line":115,"column":3},"end":{"line":117,"column":null}},"45":{"start":{"line":122,"column":22},"end":{"line":126,"column":null}}},"fnMap":{"0":{"name":"POST","decl":{"start":{"line":5,"column":22},"end":{"line":5,"column":26}},"loc":{"start":{"line":5,"column":47},"end":{"line":120,"column":null}}},"1":{"name":"(anonymous_7)","decl":{"start":{"line":42,"column":41},"end":{"line":42,"column":48}},"loc":{"start":{"line":42,"column":41},"end":{"line":42,"column":null}}}},"branchMap":{"0":{"loc":{"start":{"line":10,"column":3},"end":{"line":12,"column":null}},"type":"if","locations":[{"start":{"line":10,"column":3},"end":{"line":12,"column":null}}]},"1":{"loc":{"start":{"line":15,"column":3},"end":{"line":17,"column":null}},"type":"if","locations":[{"start":{"line":15,"column":3},"end":{"line":17,"column":null}}]},"2":{"loc":{"start":{"line":24,"column":3},"end":{"line":30,"column":null}},"type":"if","locations":[{"start":{"line":24,"column":3},"end":{"line":30,"column":null}}]},"3":{"loc":{"start":{"line":41,"column":5},"end":{"line":66,"column":null}},"type":"if","locations":[{"start":{"line":41,"column":5},"end":{"line":66,"column":null}}]},"4":{"loc":{"start":{"line":78,"column":5},"end":{"line":84,"column":null}},"type":"if","locations":[{"start":{"line":78,"column":5},"end":{"line":84,"column":null}}]},"5":{"loc":{"start":{"line":88,"column":5},"end":{"line":90,"column":null}},"type":"if","locations":[{"start":{"line":88,"column":5},"end":{"line":90,"column":null}}]}},"s":{"0":0,"1":0,"2":0,"3":0,"4":0,"5":0,"6":0,"7":0,"8":0,"9":0,"10":0,"11":0,"12":0,"13":0,"14":0,"15":0,"16":0,"17":0,"18":0,"19":0,"20":0,"21":0,"22":0,"23":0,"24":0,"25":0,"26":0,"27":0,"28":0,"29":0,"30":0,"31":0,"32":0,"33":0,"34":0,"35":0,"36":0,"37":0,"38":0,"39":0,"40":0,"41":0,"42":0,"43":0,"44":0,"45":0},"f":{"0":0,"1":0},"b":{"0":[0],"1":[0],"2":[0],"3":[0],"4":[0],"5":[0]}}
,"/Users/mac/prismy-minimal/src/bin/start-worker.ts": {"path":"/Users/mac/prismy-minimal/src/bin/start-worker.ts","statementMap":{"0":{"start":{"line":2,"column":24},"end":{"line":2,"column":null}},"1":{"start":{"line":3,"column":17},"end":{"line":3,"column":null}},"2":{"start":{"line":9,"column":7},"end":{"line":9,"column":null}},"3":{"start":{"line":10,"column":7},"end":{"line":10,"column":null}},"4":{"start":{"line":5,"column":0},"end":{"line":5,"column":null}},"5":{"start":{"line":6,"column":0},"end":{"line":6,"column":null}},"6":{"start":{"line":12,"column":0},"end":{"line":12,"column":null}},"7":{"start":{"line":13,"column":0},"end":{"line":13,"column":null}},"8":{"start":{"line":14,"column":0},"end":{"line":14,"column":null}},"9":{"start":{"line":16,"column":0},"end":{"line":19,"column":null}},"10":{"start":{"line":17,"column":2},"end":{"line":17,"column":null}},"11":{"start":{"line":18,"column":2},"end":{"line":18,"column":null}}},"fnMap":{"0":{"name":"(anonymous_4)","decl":{"start":{"line":16,"column":21},"end":{"line":16,"column":null}},"loc":{"start":{"line":16,"column":21},"end":{"line":19,"column":null}}}},"branchMap":{"0":{"loc":{"start":{"line":13,"column":31},"end":{"line":13,"column":null}},"type":"binary-expr","locations":[{"start":{"line":13,"column":31},"end":{"line":13,"column":51}},{"start":{"line":13,"column":55},"end":{"line":13,"column":null}}]},"1":{"loc":{"start":{"line":14,"column":30},"end":{"line":14,"column":null}},"type":"cond-expr","locations":[{"start":{"line":14,"column":59},"end":{"line":14,"column":72}},{"start":{"line":14,"column":72},"end":{"line":14,"column":null}}]}},"s":{"0":0,"1":0,"2":0,"3":0,"4":0,"5":0,"6":0,"7":0,"8":0,"9":0,"10":0,"11":0},"f":{"0":0},"b":{"0":[0,0],"1":[0,0]}}
,"/Users/mac/prismy-minimal/src/bin/worker.ts": {"path":"/Users/mac/prismy-minimal/src/bin/worker.ts","statementMap":{"0":{"start":{"line":2,"column":24},"end":{"line":2,"column":null}},"1":{"start":{"line":3,"column":17},"end":{"line":3,"column":null}},"2":{"start":{"line":4,"column":30},"end":{"line":4,"column":null}},"3":{"start":{"line":8,"column":19},"end":{"line":8,"column":null}},"4":{"start":{"line":9,"column":18},"end":{"line":9,"column":null}},"5":{"start":{"line":12,"column":0},"end":{"line":12,"column":null}},"6":{"start":{"line":13,"column":0},"end":{"line":13,"column":null}},"7":{"start":{"line":16,"column":0},"end":{"line":20,"column":null}},"8":{"start":{"line":17,"column":2},"end":{"line":17,"column":null}},"9":{"start":{"line":18,"column":2},"end":{"line":18,"column":null}},"10":{"start":{"line":19,"column":2},"end":{"line":19,"column":null}},"11":{"start":{"line":22,"column":19},"end":{"line":22,"column":null}},"12":{"start":{"line":23,"column":0},"end":{"line":23,"column":null}},"13":{"start":{"line":26,"column":2},"end":{"line":49,"column":null}},"14":{"start":{"line":28,"column":4},"end":{"line":32,"column":null}},"15":{"start":{"line":29,"column":6},"end":{"line":29,"column":null}},"16":{"start":{"line":30,"column":6},"end":{"line":30,"column":null}},"17":{"start":{"line":30,"column":12},"end":{"line":30,"column":null}},"18":{"start":{"line":31,"column":6},"end":{"line":31,"column":null}},"19":{"start":{"line":35,"column":4},"end":{"line":39,"column":null}},"20":{"start":{"line":36,"column":6},"end":{"line":36,"column":null}},"21":{"start":{"line":37,"column":6},"end":{"line":37,"column":null}},"22":{"start":{"line":37,"column":12},"end":{"line":37,"column":null}},"23":{"start":{"line":38,"column":6},"end":{"line":38,"column":null}},"24":{"start":{"line":41,"column":4},"end":{"line":41,"column":null}},"25":{"start":{"line":42,"column":4},"end":{"line":42,"column":null}},"26":{"start":{"line":43,"column":4},"end":{"line":43,"column":null}},"27":{"start":{"line":44,"column":4},"end":{"line":44,"column":null}},"28":{"start":{"line":47,"column":4},"end":{"line":47,"column":null}},"29":{"start":{"line":48,"column":4},"end":{"line":48,"column":null}},"30":{"start":{"line":53,"column":0},"end":{"line":56,"column":null}},"31":{"start":{"line":54,"column":2},"end":{"line":54,"column":null}},"32":{"start":{"line":55,"column":2},"end":{"line":55,"column":null}},"33":{"start":{"line":58,"column":0},"end":{"line":61,"column":null}},"34":{"start":{"line":59,"column":2},"end":{"line":59,"column":null}},"35":{"start":{"line":60,"column":2},"end":{"line":60,"column":null}},"36":{"start":{"line":64,"column":0},"end":{"line":64,"column":null}}},"fnMap":{"0":{"name":"startWorkers","decl":{"start":{"line":25,"column":15},"end":{"line":25,"column":null}},"loc":{"start":{"line":25,"column":15},"end":{"line":50,"column":null}}},"1":{"name":"(anonymous_4)","decl":{"start":{"line":30,"column":12},"end":{"line":30,"column":19}},"loc":{"start":{"line":30,"column":12},"end":{"line":30,"column":null}}},"2":{"name":"(anonymous_5)","decl":{"start":{"line":37,"column":12},"end":{"line":37,"column":19}},"loc":{"start":{"line":37,"column":12},"end":{"line":37,"column":null}}},"3":{"name":"(anonymous_6)","decl":{"start":{"line":53,"column":21},"end":{"line":53,"column":null}},"loc":{"start":{"line":53,"column":21},"end":{"line":56,"column":null}}},"4":{"name":"(anonymous_7)","decl":{"start":{"line":58,"column":22},"end":{"line":58,"column":null}},"loc":{"start":{"line":58,"column":22},"end":{"line":61,"column":null}}}},"branchMap":{"0":{"loc":{"start":{"line":16,"column":0},"end":{"line":20,"column":null}},"type":"if","locations":[{"start":{"line":16,"column":0},"end":{"line":20,"column":null}}]},"1":{"loc":{"start":{"line":22,"column":19},"end":{"line":22,"column":null}},"type":"binary-expr","locations":[{"start":{"line":22,"column":19},"end":{"line":22,"column":42}},{"start":{"line":22,"column":46},"end":{"line":22,"column":null}}]},"2":{"loc":{"start":{"line":28,"column":4},"end":{"line":32,"column":null}},"type":"if","locations":[{"start":{"line":28,"column":4},"end":{"line":32,"column":null}}]},"3":{"loc":{"start":{"line":28,"column":8},"end":{"line":28,"column":62}},"type":"binary-expr","locations":[{"start":{"line":28,"column":8},"end":{"line":28,"column":40}},{"start":{"line":28,"column":40},"end":{"line":28,"column":62}}]},"4":{"loc":{"start":{"line":35,"column":4},"end":{"line":39,"column":null}},"type":"if","locations":[{"start":{"line":35,"column":4},"end":{"line":39,"column":null}}]},"5":{"loc":{"start":{"line":35,"column":8},"end":{"line":35,"column":64}},"type":"binary-expr","locations":[{"start":{"line":35,"column":8},"end":{"line":35,"column":42}},{"start":{"line":35,"column":42},"end":{"line":35,"column":64}}]},"6":{"loc":{"start":{"line":42,"column":35},"end":{"line":42,"column":null}},"type":"binary-expr","locations":[{"start":{"line":42,"column":35},"end":{"line":42,"column":55}},{"start":{"line":42,"column":59},"end":{"line":42,"column":null}}]},"7":{"loc":{"start":{"line":43,"column":34},"end":{"line":43,"column":null}},"type":"cond-expr","locations":[{"start":{"line":43,"column":63},"end":{"line":43,"column":76}},{"start":{"line":43,"column":76},"end":{"line":43,"column":null}}]},"8":{"loc":{"start":{"line":44,"column":33},"end":{"line":44,"column":null}},"type":"binary-expr","locations":[{"start":{"line":44,"column":33},"end":{"line":44,"column":54}},{"start":{"line":44,"column":58},"end":{"line":44,"column":null}}]}},"s":{"0":0,"1":0,"2":0,"3":0,"4":0,"5":0,"6":0,"7":0,"8":0,"9":0,"10":0,"11":0,"12":0,"13":0,"14":0,"15":0,"16":0,"17":0,"18":0,"19":0,"20":0,"21":0,"22":0,"23":0,"24":0,"25":0,"26":0,"27":0,"28":0,"29":0,"30":0,"31":0,"32":0,"33":0,"34":0,"35":0,"36":0},"f":{"0":0,"1":0,"2":0,"3":0,"4":0},"b":{"0":[0],"1":[0,0],"2":[0],"3":[0,0],"4":[0],"5":[0,0],"6":[0,0],"7":[0,0],"8":[0,0]}}
,"/Users/mac/prismy-minimal/src/components/AsyncTranslationButton.tsx": {"path":"/Users/mac/prismy-minimal/src/components/AsyncTranslationButton.tsx","statementMap":{"0":{"start":{"line":14,"column":16},"end":{"line":14,"column":39}},"1":{"start":{"line":3,"column":36},"end":{"line":3,"column":null}},"2":{"start":{"line":4,"column":23},"end":{"line":4,"column":null}},"3":{"start":{"line":21,"column":35},"end":{"line":21,"column":null}},"4":{"start":{"line":22,"column":27},"end":{"line":22,"column":null}},"5":{"start":{"line":23,"column":29},"end":{"line":23,"column":null}},"6":{"start":{"line":24,"column":35},"end":{"line":24,"column":null}},"7":{"start":{"line":26,"column":1},"end":{"line":63,"column":null}},"8":{"start":{"line":27,"column":3},"end":{"line":27,"column":null}},"9":{"start":{"line":27,"column":29},"end":{"line":27,"column":null}},"10":{"start":{"line":29,"column":19},"end":{"line":29,"column":null}},"11":{"start":{"line":31,"column":20},"end":{"line":60,"column":12}},"12":{"start":{"line":32,"column":5},"end":{"line":59,"column":null}},"13":{"start":{"line":33,"column":24},"end":{"line":33,"column":null}},"14":{"start":{"line":34,"column":20},"end":{"line":34,"column":null}},"15":{"start":{"line":37,"column":23},"end":{"line":37,"column":null}},"16":{"start":{"line":38,"column":23},"end":{"line":38,"column":null}},"17":{"start":{"line":39,"column":23},"end":{"line":39,"column":null}},"18":{"start":{"line":40,"column":23},"end":{"line":40,"column":78}},"19":{"start":{"line":43,"column":7},"end":{"line":45,"column":null}},"20":{"start":{"line":44,"column":9},"end":{"line":44,"column":null}},"21":{"start":{"line":47,"column":7},"end":{"line":56,"column":null}},"22":{"start":{"line":48,"column":9},"end":{"line":48,"column":null}},"23":{"start":{"line":49,"column":9},"end":{"line":49,"column":null}},"24":{"start":{"line":50,"column":9},"end":{"line":50,"column":null}},"25":{"start":{"line":51,"column":9},"end":{"line":51,"column":null}},"26":{"start":{"line":52,"column":14},"end":{"line":56,"column":null}},"27":{"start":{"line":53,"column":9},"end":{"line":53,"column":null}},"28":{"start":{"line":54,"column":9},"end":{"line":54,"column":null}},"29":{"start":{"line":55,"column":9},"end":{"line":55,"column":null}},"30":{"start":{"line":58,"column":7},"end":{"line":58,"column":null}},"31":{"start":{"line":62,"column":3},"end":{"line":62,"column":null}},"32":{"start":{"line":62,"column":16},"end":{"line":62,"column":null}},"33":{"start":{"line":65,"column":25},"end":{"line":97,"column":null}},"34":{"start":{"line":66,"column":3},"end":{"line":66,"column":null}},"35":{"start":{"line":67,"column":3},"end":{"line":67,"column":null}},"36":{"start":{"line":69,"column":3},"end":{"line":96,"column":null}},"37":{"start":{"line":70,"column":22},"end":{"line":80,"column":null}},"38":{"start":{"line":82,"column":18},"end":{"line":82,"column":null}},"39":{"start":{"line":84,"column":5},"end":{"line":91,"column":null}},"40":{"start":{"line":85,"column":7},"end":{"line":85,"column":null}},"41":{"start":{"line":86,"column":7},"end":{"line":86,"column":null}},"42":{"start":{"line":87,"column":7},"end":{"line":87,"column":null}},"43":{"start":{"line":89,"column":7},"end":{"line":89,"column":null}},"44":{"start":{"line":90,"column":7},"end":{"line":90,"column":null}},"45":{"start":{"line":93,"column":5},"end":{"line":93,"column":null}},"46":{"start":{"line":94,"column":5},"end":{"line":94,"column":null}},"47":{"start":{"line":95,"column":5},"end":{"line":95,"column":null}}},"fnMap":{"0":{"name":"AsyncTranslationButton","decl":{"start":{"line":14,"column":16},"end":{"line":14,"column":39}},"loc":{"start":{"line":20,"column":30},"end":{"line":160,"column":null}}},"1":{"name":"(anonymous_2)","decl":{"start":{"line":26,"column":11},"end":{"line":26,"column":null}},"loc":{"start":{"line":26,"column":11},"end":{"line":63,"column":4}}},"2":{"name":"(anonymous_3)","decl":{"start":{"line":31,"column":32},"end":{"line":31,"column":null}},"loc":{"start":{"line":31,"column":32},"end":{"line":60,"column":6}}},"3":{"name":"(anonymous_4)","decl":{"start":{"line":62,"column":10},"end":{"line":62,"column":16}},"loc":{"start":{"line":62,"column":16},"end":{"line":62,"column":null}}},"4":{"name":"(anonymous_5)","decl":{"start":{"line":65,"column":25},"end":{"line":65,"column":null}},"loc":{"start":{"line":65,"column":25},"end":{"line":97,"column":null}}}},"branchMap":{"0":{"loc":{"start":{"line":27,"column":3},"end":{"line":27,"column":null}},"type":"if","locations":[{"start":{"line":27,"column":3},"end":{"line":27,"column":null}}]},"1":{"loc":{"start":{"line":27,"column":7},"end":{"line":27,"column":29}},"type":"binary-expr","locations":[{"start":{"line":27,"column":7},"end":{"line":27,"column":17}},{"start":{"line":27,"column":17},"end":{"line":27,"column":29}}]},"2":{"loc":{"start":{"line":40,"column":23},"end":{"line":40,"column":78}},"type":"cond-expr","locations":[{"start":{"line":40,"column":37},"end":{"line":40,"column":62}},{"start":{"line":40,"column":65},"end":{"line":40,"column":78}}]},"3":{"loc":{"start":{"line":43,"column":7},"end":{"line":45,"column":null}},"type":"if","locations":[{"start":{"line":43,"column":7},"end":{"line":45,"column":null}}]},"4":{"loc":{"start":{"line":47,"column":7},"end":{"line":56,"column":null}},"type":"if","locations":[{"start":{"line":47,"column":7},"end":{"line":56,"column":null}},{"start":{"line":52,"column":14},"end":{"line":56,"column":null}}]},"5":{"loc":{"start":{"line":47,"column":11},"end":{"line":47,"column":53}},"type":"binary-expr","locations":[{"start":{"line":47,"column":11},"end":{"line":47,"column":42}},{"start":{"line":47,"column":42},"end":{"line":47,"column":53}}]},"6":{"loc":{"start":{"line":52,"column":14},"end":{"line":56,"column":null}},"type":"if","locations":[{"start":{"line":52,"column":14},"end":{"line":56,"column":null}}]},"7":{"loc":{"start":{"line":54,"column":30},"end":{"line":54,"column":61}},"type":"binary-expr","locations":[{"start":{"line":54,"column":30},"end":{"line":54,"column":40}},{"start":{"line":54,"column":44},"end":{"line":54,"column":61}}]},"8":{"loc":{"start":{"line":84,"column":5},"end":{"line":91,"column":null}},"type":"if","locations":[{"start":{"line":84,"column":5},"end":{"line":91,"column":null}},{"start":{"line":88,"column":12},"end":{"line":91,"column":null}}]},"9":{"loc":{"start":{"line":103,"column":17},"end":{"line":103,"column":null}},"type":"binary-expr","locations":[{"start":{"line":103,"column":17},"end":{"line":103,"column":29}},{"start":{"line":103,"column":29},"end":{"line":103,"column":null}}]},"10":{"loc":{"start":{"line":107,"column":8},"end":{"line":107,"column":null}},"type":"cond-expr","locations":[{"start":{"line":107,"column":20},"end":{"line":107,"column":38}},{"start":{"line":107,"column":38},"end":{"line":107,"column":null}}]},"11":{"loc":{"start":{"line":110,"column":6},"end":{"line":110,"column":null}},"type":"binary-expr","locations":[{"start":{"line":110,"column":6},"end":{"line":110,"column":null}}]},"12":{"loc":{"start":{"line":115,"column":11},"end":{"line":115,"column":35}},"type":"binary-expr","locations":[{"start":{"line":115,"column":11},"end":{"line":115,"column":35}},{"start":{"line":115,"column":35},"end":{"line":115,"column":63}}]},"13":{"loc":{"start":{"line":119,"column":17},"end":{"line":123,"column":null}},"type":"cond-expr","locations":[{"start":{"line":120,"column":21},"end":{"line":120,"column":null}},{"start":{"line":121,"column":21},"end":{"line":123,"column":null}}]},"14":{"loc":{"start":{"line":121,"column":21},"end":{"line":123,"column":null}},"type":"cond-expr","locations":[{"start":{"line":122,"column":21},"end":{"line":122,"column":null}},{"start":{"line":123,"column":21},"end":{"line":123,"column":null}}]},"15":{"loc":{"start":{"line":126,"column":36},"end":{"line":126,"column":69}},"type":"binary-expr","locations":[{"start":{"line":126,"column":36},"end":{"line":126,"column":60}},{"start":{"line":126,"column":64},"end":{"line":126,"column":69}}]},"16":{"loc":{"start":{"line":131,"column":18},"end":{"line":131,"column":50}},"type":"binary-expr","locations":[{"start":{"line":131,"column":18},"end":{"line":131,"column":42}},{"start":{"line":131,"column":46},"end":{"line":131,"column":50}}]},"17":{"loc":{"start":{"line":138,"column":10},"end":{"line":138,"column":null}},"type":"binary-expr","locations":[{"start":{"line":138,"column":10},"end":{"line":138,"column":null}}]},"18":{"loc":{"start":{"line":148,"column":10},"end":{"line":148,"column":null}},"type":"binary-expr","locations":[{"start":{"line":148,"column":10},"end":{"line":148,"column":null}}]}},"s":{"0":0,"1":0,"2":0,"3":0,"4":0,"5":0,"6":0,"7":0,"8":0,"9":0,"10":0,"11":0,"12":0,"13":0,"14":0,"15":0,"16":0,"17":0,"18":0,"19":0,"20":0,"21":0,"22":0,"23":0,"24":0,"25":0,"26":0,"27":0,"28":0,"29":0,"30":0,"31":0,"32":0,"33":0,"34":0,"35":0,"36":0,"37":0,"38":0,"39":0,"40":0,"41":0,"42":0,"43":0,"44":0,"45":0,"46":0,"47":0},"f":{"0":0,"1":0,"2":0,"3":0,"4":0},"b":{"0":[0],"1":[0,0],"2":[0,0],"3":[0],"4":[0,0],"5":[0,0],"6":[0],"7":[0,0],"8":[0,0],"9":[0,0],"10":[0,0],"11":[0],"12":[0,0],"13":[0,0],"14":[0,0],"15":[0,0],"16":[0,0],"17":[0],"18":[0]}}
,"/Users/mac/prismy-minimal/src/components/FileUpload.tsx": {"path":"/Users/mac/prismy-minimal/src/components/FileUpload.tsx","statementMap":{"0":{"start":{"line":10,"column":24},"end":{"line":10,"column":35}},"1":{"start":{"line":3,"column":33},"end":{"line":3,"column":null}},"2":{"start":{"line":11,"column":38},"end":{"line":11,"column":null}},"3":{"start":{"line":12,"column":19},"end":{"line":12,"column":null}},"4":{"start":{"line":14,"column":21},"end":{"line":22,"column":null}},"5":{"start":{"line":15,"column":4},"end":{"line":15,"column":null}},"6":{"start":{"line":16,"column":4},"end":{"line":16,"column":null}},"7":{"start":{"line":17,"column":4},"end":{"line":21,"column":null}},"8":{"start":{"line":18,"column":6},"end":{"line":18,"column":null}},"9":{"start":{"line":19,"column":11},"end":{"line":21,"column":null}},"10":{"start":{"line":20,"column":6},"end":{"line":20,"column":null}},"11":{"start":{"line":24,"column":21},"end":{"line":32,"column":null}},"12":{"start":{"line":25,"column":4},"end":{"line":25,"column":null}},"13":{"start":{"line":26,"column":4},"end":{"line":26,"column":null}},"14":{"start":{"line":27,"column":4},"end":{"line":27,"column":null}},"15":{"start":{"line":29,"column":4},"end":{"line":31,"column":null}},"16":{"start":{"line":30,"column":6},"end":{"line":30,"column":null}},"17":{"start":{"line":34,"column":23},"end":{"line":39,"column":null}},"18":{"start":{"line":35,"column":4},"end":{"line":35,"column":null}},"19":{"start":{"line":36,"column":4},"end":{"line":38,"column":null}},"20":{"start":{"line":37,"column":6},"end":{"line":37,"column":null}},"21":{"start":{"line":48,"column":21},"end":{"line":48,"column":null}}},"fnMap":{"0":{"name":"FileUpload","decl":{"start":{"line":10,"column":24},"end":{"line":10,"column":35}},"loc":{"start":{"line":10,"column":77},"end":{"line":87,"column":null}}},"1":{"name":"(anonymous_2)","decl":{"start":{"line":14,"column":21},"end":{"line":14,"column":22}},"loc":{"start":{"line":14,"column":22},"end":{"line":22,"column":null}}},"2":{"name":"(anonymous_3)","decl":{"start":{"line":24,"column":21},"end":{"line":24,"column":22}},"loc":{"start":{"line":24,"column":22},"end":{"line":32,"column":null}}},"3":{"name":"(anonymous_4)","decl":{"start":{"line":34,"column":23},"end":{"line":34,"column":24}},"loc":{"start":{"line":34,"column":24},"end":{"line":39,"column":null}}},"4":{"name":"(anonymous_5)","decl":{"start":{"line":48,"column":15},"end":{"line":48,"column":21}},"loc":{"start":{"line":48,"column":21},"end":{"line":48,"column":null}}}},"branchMap":{"0":{"loc":{"start":{"line":17,"column":4},"end":{"line":21,"column":null}},"type":"if","locations":[{"start":{"line":17,"column":4},"end":{"line":21,"column":null}},{"start":{"line":19,"column":11},"end":{"line":21,"column":null}}]},"1":{"loc":{"start":{"line":17,"column":8},"end":{"line":17,"column":57}},"type":"binary-expr","locations":[{"start":{"line":17,"column":8},"end":{"line":17,"column":34}},{"start":{"line":17,"column":34},"end":{"line":17,"column":57}}]},"2":{"loc":{"start":{"line":19,"column":11},"end":{"line":21,"column":null}},"type":"if","locations":[{"start":{"line":19,"column":11},"end":{"line":21,"column":null}}]},"3":{"loc":{"start":{"line":29,"column":4},"end":{"line":31,"column":null}},"type":"if","locations":[{"start":{"line":29,"column":4},"end":{"line":31,"column":null}}]},"4":{"loc":{"start":{"line":29,"column":8},"end":{"line":29,"column":55}},"type":"binary-expr","locations":[{"start":{"line":29,"column":8},"end":{"line":29,"column":28}},{"start":{"line":29,"column":32},"end":{"line":29,"column":55}}]},"5":{"loc":{"start":{"line":36,"column":4},"end":{"line":38,"column":null}},"type":"if","locations":[{"start":{"line":36,"column":4},"end":{"line":38,"column":null}}]},"6":{"loc":{"start":{"line":36,"column":8},"end":{"line":36,"column":43}},"type":"binary-expr","locations":[{"start":{"line":36,"column":8},"end":{"line":36,"column":22}},{"start":{"line":36,"column":26},"end":{"line":36,"column":43}}]},"7":{"loc":{"start":{"line":43,"column":32},"end":{"line":43,"column":65}},"type":"cond-expr","locations":[{"start":{"line":43,"column":45},"end":{"line":43,"column":61}},{"start":{"line":43,"column":61},"end":{"line":43,"column":65}}]},"8":{"loc":{"start":{"line":50,"column":30},"end":{"line":50,"column":96}},"type":"cond-expr","locations":[{"start":{"line":50,"column":43},"end":{"line":50,"column":73}},{"start":{"line":50,"column":73},"end":{"line":50,"column":96}}]},"9":{"loc":{"start":{"line":54,"column":16},"end":{"line":54,"column":null}},"type":"cond-expr","locations":[{"start":{"line":54,"column":26},"end":{"line":54,"column":42}},{"start":{"line":54,"column":42},"end":{"line":54,"column":null}}]},"10":{"loc":{"start":{"line":56,"column":20},"end":{"line":56,"column":null}},"type":"cond-expr","locations":[{"start":{"line":56,"column":33},"end":{"line":56,"column":53}},{"start":{"line":56,"column":53},"end":{"line":56,"column":null}}]}},"s":{"0":0,"1":0,"2":0,"3":0,"4":0,"5":0,"6":0,"7":0,"8":0,"9":0,"10":0,"11":0,"12":0,"13":0,"14":0,"15":0,"16":0,"17":0,"18":0,"19":0,"20":0,"21":0},"f":{"0":0,"1":0,"2":0,"3":0,"4":0},"b":{"0":[0,0],"1":[0,0],"2":[0],"3":[0],"4":[0,0],"5":[0],"6":[0,0],"7":[0,0],"8":[0,0],"9":[0,0],"10":[0,0]}}
,"/Users/mac/prismy-minimal/src/components/TranslationForm.tsx": {"path":"/Users/mac/prismy-minimal/src/components/TranslationForm.tsx","statementMap":{"0":{"start":{"line":12,"column":24},"end":{"line":12,"column":null}},"1":{"start":{"line":3,"column":49},"end":{"line":3,"column":null}},"2":{"start":{"line":13,"column":28},"end":{"line":13,"column":null}},"3":{"start":{"line":14,"column":30},"end":{"line":14,"column":null}},"4":{"start":{"line":15,"column":26},"end":{"line":15,"column":null}},"5":{"start":{"line":16,"column":38},"end":{"line":16,"column":null}},"6":{"start":{"line":17,"column":44},"end":{"line":17,"column":null}},"7":{"start":{"line":18,"column":28},"end":{"line":18,"column":null}},"8":{"start":{"line":19,"column":34},"end":{"line":19,"column":null}},"9":{"start":{"line":20,"column":48},"end":{"line":20,"column":null}},"10":{"start":{"line":21,"column":40},"end":{"line":21,"column":null}},"11":{"start":{"line":22,"column":40},"end":{"line":22,"column":null}},"12":{"start":{"line":23,"column":42},"end":{"line":23,"column":null}},"13":{"start":{"line":24,"column":28},"end":{"line":24,"column":null}},"14":{"start":{"line":25,"column":42},"end":{"line":25,"column":null}},"15":{"start":{"line":26,"column":68},"end":{"line":26,"column":null}},"16":{"start":{"line":28,"column":19},"end":{"line":47,"column":null}},"17":{"start":{"line":49,"column":20},"end":{"line":58,"column":null}},"18":{"start":{"line":61,"column":20},"end":{"line":75,"column":null}},"19":{"start":{"line":62,"column":18},"end":{"line":62,"column":null}},"20":{"start":{"line":63,"column":4},"end":{"line":67,"column":null}},"21":{"start":{"line":68,"column":4},"end":{"line":68,"column":null}},"22":{"start":{"line":69,"column":4},"end":{"line":69,"column":null}},"23":{"start":{"line":71,"column":4},"end":{"line":74,"column":null}},"24":{"start":{"line":72,"column":6},"end":{"line":72,"column":null}},"25":{"start":{"line":73,"column":6},"end":{"line":73,"column":null}},"26":{"start":{"line":73,"column":23},"end":{"line":73,"column":39}},"27":{"start":{"line":78,"column":2},"end":{"line":84,"column":null}},"28":{"start":{"line":79,"column":4},"end":{"line":83,"column":null}},"29":{"start":{"line":80,"column":6},"end":{"line":82,"column":null}},"30":{"start":{"line":81,"column":8},"end":{"line":81,"column":null}},"31":{"start":{"line":86,"column":24},"end":{"line":117,"column":null}},"32":{"start":{"line":87,"column":22},"end":{"line":87,"column":null}},"33":{"start":{"line":89,"column":21},"end":{"line":114,"column":null}},"34":{"start":{"line":90,"column":6},"end":{"line":113,"column":null}},"35":{"start":{"line":91,"column":25},"end":{"line":91,"column":null}},"36":{"start":{"line":92,"column":21},"end"
[...]
,"column":41}},"19":{"start":{"line":131,"column":4},"end":{"line":144,"column":null}},"20":{"start":{"line":131,"column":17},"end":{"line":131,"column":20}},"21":{"start":{"line":132,"column":20},"end":{"line":132,"column":null}},"22":{"start":{"line":134,"column":27},"end":{"line":135,"column":null}},"23":{"start":{"line":135,"column":27},"end":{"line":135,"column":null}},"24":{"start":{"line":138,"column":6},"end":{"line":138,"column":null}},"25":{"start":{"line":141,"column":6},"end":{"line":143,"column":null}},"26":{"start":{"line":142,"column":8},"end":{"line":142,"column":null}},"27":{"start":{"line":146,"column":4},"end":{"line":146,"column":null}},"28":{"start":{"line":156,"column":4},"end":{"line":156,"column":null}},"29":{"start":{"line":163,"column":4},"end":{"line":190,"column":null}},"30":{"start":{"line":166,"column":28},"end":{"line":166,"column":null}},"31":{"start":{"line":167,"column":8},"end":{"line":167,"column":null}},"32":{"start":{"line":168,"column":8},"end":{"line":168,"column":null}},"33":{"start":{"line":169,"column":8},"end":{"line":169,"column":null}},"34":{"start":{"line":170,"column":8},"end":{"line":170,"column":null}},"35":{"start":{"line":174,"column":31},"end":{"line":174,"column":null}},"36":{"start":{"line":175,"column":8},"end":{"line":175,"column":null}},"37":{"start":{"line":176,"column":8},"end":{"line":176,"column":null}},"38":{"start":{"line":177,"column":8},"end":{"line":177,"column":null}},"39":{"start":{"line":178,"column":8},"end":{"line":178,"column":null}},"40":{"start":{"line":182,"column":30},"end":{"line":182,"column":null}},"41":{"start":{"line":183,"column":8},"end":{"line":183,"column":null}},"42":{"start":{"line":184,"column":8},"end":{"line":184,"column":null}},"43":{"start":{"line":185,"column":8},"end":{"line":185,"column":null}},"44":{"start":{"line":186,"column":8},"end":{"line":186,"column":null}},"45":{"start":{"line":189,"column":8},"end":{"line":189,"column":null}},"46":{"start":{"line":192,"column":4},"end":{"line":201,"column":null}},"47":{"start":{"line":212,"column":19},"end":{"line":220,"column":null}},"48":{"start":{"line":222,"column":15},"end":{"line":222,"column":null}},"49":{"start":{"line":224,"column":2},"end":{"line":226,"column":null}},"50":{"start":{"line":225,"column":4},"end":{"line":225,"column":null}},"51":{"start":{"line":228,"column":2},"end":{"line":230,"column":null}},"52":{"start":{"line":240,"column":19},"end":{"line":248,"column":null}},"53":{"start":{"line":250,"column":15},"end":{"line":250,"column":null}},"54":{"start":{"line":252,"column":2},"end":{"line":254,"column":null}},"55":{"start":{"line":253,"column":4},"end":{"line":253,"column":null}},"56":{"start":{"line":256,"column":2},"end":{"line":260,"column":null}},"57":{"start":{"line":270,"column":19},"end":{"line":278,"column":null}},"58":{"start":{"line":280,"column":15},"end":{"line":280,"column":null}},"59":{"start":{"line":282,"column":2},"end":{"line":284,"column":null}},"60":{"start":{"line":283,"column":4},"end":{"line":283,"column":null}},"61":{"start":{"line":286,"column":2},"end":{"line":290,"column":null}},"62":{"start":{"line":298,"column":19},"end":{"line":298,"column":null}},"63":{"start":{"line":298,"column":41},"end":{"line":298,"column":null}},"64":{"start":{"line":301,"column":4},"end":{"line":303,"column":null}},"65":{"start":{"line":302,"column":20},"end":{"line":302,"column":43}},"66":{"start":{"line":310,"column":4},"end":{"line":310,"column":null}},"67":{"start":{"line":310,"column":34},"end":{"line":310,"column":null}}},"fnMap":{"0":{"name":"(anonymous_2)","decl":{"start":{"line":46,"column":2},"end":{"line":46,"column":16}},"loc":{"start":{"line":46,"column":16},"end":{"line":48,"column":null}}},"1":{"name":"(anonymous_3)","decl":{"start":{"line":53,"column":2},"end":{"line":53,"column":8}},"loc":{"start":{"line":56,"column":32},"end":{"line":107,"column":null}}},"2":{"name":"(anonymous_4)","decl":{"start":{"line":112,"column":2},"end":{"line":112,"column":25}},"loc":{"start":{"line":112,"column":74},"end":{"line":115,"column":null}}},"3":{"name":"(anonymous_5)","decl":{"start":{"line":120,"column":2},"end":{"line":120,"column":16}},"loc":{"start":{"line":123,"column":32},"end":{"line":147,"column":null}}},"4":{"name":"(anonymous_6)","decl":{"start":{"line":135,"column":18},"end":{"line":135,"column":27}},"loc":{"start":{"line":135,"column":27},"end":{"line":135,"column":null}}},"5":{"name":"(anonymous_7)","decl":{"start":{"line":152,"column":2},"end":{"line":152,"column":16}},"loc":{"start":{"line":155,"column":30},"end":{"line":202,"column":null}}},"6":{"name":"(anonymous_8)","decl":{"start":{"line":207,"column":2},"end":{"line":207,"column":16}},"loc":{"start":{"line":210,"column":29},"end":{"line":231,"column":null}}},"7":{"name":"(anonymous_9)","decl":{"start":{"line":236,"column":2},"end":{"line":236,"column":16}},"loc":{"start":{"line":239,"column":60},"end":{"line":261,"column":null}}},"8":{"name":"(anonymous_10)","decl":{"start":{"line":266,"column":2},"end":{"line":266,"column":16}},"loc":{"start":{"line":269,"column":60},"end":{"line":291,"column":null}}},"9":{"name":"(anonymous_11)","decl":{"start":{"line":296,"column":2},"end":{"line":296,"column":31}},"loc":{"start":{"line":296,"column":67},"end":{"line":304,"column":null}}},"10":{"name":"(anonymous_12)","decl":{"start":{"line":298,"column":31},"end":{"line":298,"column":32}},"loc":{"start":{"line":298,"column":41},"end":{"line":298,"column":null}}},"11":{"name":"(anonymous_13)","decl":{"start":{"line":302,"column":11},"end":{"line":302,"column":20}},"loc":{"start":{"line":302,"column":20},"end":{"line":302,"column":43}}},"12":{"name":"(anonymous_14)","decl":{"start":{"line":309,"column":2},"end":{"line":309,"column":15}},"loc":{"start":{"line":309,"column":43},"end":{"line":311,"column":null}}},"13":{"name":"(anonymous_15)","decl":{"start":{"line":310,"column":23},"end":{"line":310,"column":34}},"loc":{"start":{"line":310,"column":34},"end":{"line":310,"column":null}}}},"branchMap":{"0":{"loc":{"start":{"line":105,"column":45},"end":{"line":105,"column":103}},"type":"cond-expr","locations":[{"start":{"line":105,"column":70},"end":{"line":105,"column":83}},{"start":{"line":105,"column":86},"end":{"line":105,"column":103}}]},"1":{"loc":{"start":{"line":125,"column":24},"end":{"line":126,"column":null}},"type":"cond-expr","locations":[{"start":{"line":125,"column":51},"end":{"line":125,"column":null}},{"start":{"line":126,"column":23},"end":{"line":126,"column":null}}]},"2":{"loc":{"start":{"line":126,"column":23},"end":{"line":126,"column":null}},"type":"cond-expr","locations":[{"start":{"line":126,"column":53},"end":{"line":126,"column":57}},{"start":{"line":126,"column":57},"end":{"line":126,"column":null}}]},"3":{"loc":{"start":{"line":141,"column":6},"end":{"line":143,"column":null}},"type":"if","locations":[{"start":{"line":141,"column":6},"end":{"line":143,"column":null}}]},"4":{"loc":{"start":{"line":142,"column":25},"end":{"line":142,"column":null}},"type":"cond-expr","locations":[{"start":{"line":142,"column":52},"end":{"line":142,"column":58}},{"start":{"line":142,"column":58},"end":{"line":142,"column":null}}]},"5":{"loc":{"start":{"line":163,"column":4},"end":{"line":190,"column":null}},"type":"switch","locations":[{"start":{"line":164,"column":6},"end":{"line":170,"column":null}},{"start":{"line":172,"column":6},"end":{"line":178,"column":null}},{"start":{"line":180,"column":6},"end":{"line":186,"column":null}},{"start":{"line":188,"column":6},"end":{"line":189,"column":null}}]},"6":{"loc":{"start":{"line":198,"column":20},"end":{"line":199,"column":null}},"type":"cond-expr","locations":[{"start":{"line":198,"column":49},"end":{"line":198,"column":null}},{"start":{"line":199,"column":20},"end":{"line":199,"column":null}}]},"7":{"loc":{"start":{"line":199,"column":20},"end":{"line":199,"column":null}},"type":"cond-expr","locations":[{"start":{"line":199,"column":50},"end":{"line":199,"column":57}},{"start":{"line":199,"column":57},"end":{"line":199,"column":null}}]},"8":{"loc":{"start":{"line":224,"column":2},"end":{"line":226,"column":null}},"type":"if","locations":[{"start":{"line":224,"column":2},"end":{"line":226,"column":null}}]},"9":{"loc":{"start":{"line":225,"column":20},"end":{"line":225,"column":null}},"type":"binary-expr","locations":[{"start":{"line":225,"column":20},"end":{"line":225,"column":30}},{"start":{"line":225,"column":34},"end":{"line":225,"column":null}}]},"10":{"loc":{"start":{"line":252,"column":2},"end":{"line":254,"column":null}},"type":"if","locations":[{"start":{"line":252,"column":2},"end":{"line":254,"column":null}}]},"11":{"loc":{"start":{"line":253,"column":20},"end":{"line":253,"column":null}},"type":"binary-expr","locations":[{"start":{"line":253,"column":20},"end":{"line":253,"column":30}},{"start":{"line":253,"column":34},"end":{"line":253,"column":null}}]},"12":{"loc":{"start":{"line":258,"column":11},"end":{"line":258,"column":null}},"type":"binary-expr","locations":[{"start":{"line":258,"column":11},"end":{"line":258,"column":21}},{"start":{"line":258,"column":25},"end":{"line":258,"column":null}}]},"13":{"loc":{"start":{"line":282,"column":2},"end":{"line":284,"column":null}},"type":"if","locations":[{"start":{"line":282,"column":2},"end":{"line":284,"column":null}}]},"14":{"loc":{"start":{"line":283,"column":20},"end":{"line":283,"column":null}},"type":"binary-expr","locations":[{"start":{"line":283,"column":20},"end":{"line":283,"column":30}},{"start":{"line":283,"column":34},"end":{"line":283,"column":null}}]},"15":{"loc":{"start":{"line":288,"column":11},"end":{"line":288,"column":null}},"type":"binary-expr","locations":[{"start":{"line":288,"column":11},"end":{"line":288,"column":21}},{"start":{"line":288,"column":25},"end":{"line":288,"column":null}}]},"16":{"loc":{"start":{"line":298,"column":42},"end":{"line":298,"column":73}},"type":"binary-expr","locations":[{"start":{"line":298,"column":42},"end":{"line":298,"column":63}},{"start":{"line":298,"column":67},"end":{"line":298,"column":73}}]},"17":{"loc":{"start":{"line":298,"column":73},"end":{"line":298,"column":null}},"type":"binary-expr","locations":[{"start":{"line":298,"column":73},"end":{"line":298,"column":94}},{"start":{"line":298,"column":98},"end":{"line":298,"column":null}}]}},"s":{"0":0,"1":0,"2":0,"3":0,"4":0,"5":0,"6":0,"7":0,"8":0,"9":0,"10":0,"11":0,"12":0,"13":0,"14":0,"15":0,"16":0,"17":0,"18":0,"19":0,"20":0,"21":0,"22":0,"23":0,"24":0,"25":0,"26":0,"27":0,"28":0,"29":0,"30":0,"31":0,"32":0,"33":0,"34":0,"35":0,"36":0,"37":0,"38":0,"39":0,"40":0,"41":0,"42":0,"43":0,"44":0,"45":0,"46":0,"47":0,"48":0,"49":0,"50":0,"51":0,"52":0,"53":0,"54":0,"55":0,"56":0,"57":0,"58":0,"59":0,"60":0,"61":0,"62":0,"63":0,"64":0,"65":0,"66":0,"67":0},"f":{"0":0,"1":0,"2":0,"3":0,"4":0,"5":0,"6":0,"7":0,"8":0,"9":0,"10":0,"11":0,"12":0,"13":0},"b":{"0":[0,0],"1":[0,0],"2":[0,0],"3":[0],"4":[0,0],"5":[0,0,0,0],"6":[0,0],"7":[0,0],"8":[0],"9":[0,0],"10":[0],"11":[0,0],"12":[0,0],"13":[0],"14":[0,0],"15":[0,0],"16":[0,0],"17":[0,0]}}
,"/Users/mac/prismy-minimal/src/lib/utils/is-vercel.ts": {"path":"/Users/mac/prismy-minimal/src/lib/utils/is-vercel.ts","statementMap":{"0":{"start":{"line":1,"column":13},"end":{"line":1,"column":24}},"1":{"start":{"line":1,"column":24},"end":{"line":1,"column":null}}},"fnMap":{},"branchMap":{},"s":{"0":0,"1":0},"f":{},"b":{}}
,"/Users/mac/prismy-minimal/src/middleware/auth.ts": {"path":"/Users/mac/prismy-minimal/src/middleware/auth.ts","statementMap":{"0":{"start":{"line":4,"column":22},"end":{"line":4,"column":null}},"1":{"start":{"line":1,"column":42},"end":{"line":1,"column":null}},"2":{"start":{"line":2,"column":64},"end":{"line":2,"column":null}},"3":{"start":{"line":8,"column":20},"end":{"line":8,"column":null}},"4":{"start":{"line":11,"column":17},"end":{"line":12,"column":null}},"5":{"start":{"line":14,"column":2},"end":{"line":19,"column":null}},"6":{"start":{"line":15,"column":4},"end":{"line":17,"column":null}},"7":{"start":{"line":22,"column":21},"end":{"line":22,"column":null}},"8":{"start":{"line":24,"column":2},"end":{"line":29,"column":null}},"9":{"start":{"line":25,"column":4},"end":{"line":27,"column":null}},"10":{"start":{"line":32,"column":22},"end":{"line":34,"column":null}},"11":{"start":{"line":37,"column":2},"end":{"line":46,"column":null}},"12":{"start":{"line":38,"column":4},"end":{"line":44,"column":null}},"13":{"start":{"line":50,"column":15},"end":{"line":50,"column":null}},"14":{"start":{"line":52,"column":2},"end":{"line":71,"column":null}},"15":{"start":{"line":53,"column":4},"end":{"line":53,"column":null}},"16":{"start":{"line":54,"column":4},"end":{"line":54,"column":null}},"17":{"start":{"line":56,"column":4},"end":{"line":56,"column":null}},"18":{"start":{"line":57,"column":4},"end":{"line":57,"column":null}},"19":{"start":{"line":60,"column":21},"end":{"line":60,"column":null}},"20":{"start":{"line":61,"column":4},"end":{"line":69,"column":null}},"21":{"start":{"line":73,"column":2},"end":{"line":73,"column":null}}},"fnMap":{"0":{"name":"withAuth","decl":{"start":{"line":4,"column":22},"end":{"line":4,"column":null}},"loc":{"start":{"line":6,"column":65},"end":{"line":74,"column":null}}}},"branchMap":{"0":{"loc":{"start":{"line":11,"column":17},"end":{"line":12,"column":null}},"type":"binary-expr","locations":[{"start":{"line":11,"column":17},"end":{"line":11,"column":null}},{"start":{"line":12,"column":17},"end":{"line":12,"column":null}}]},"1":{"loc":{"start":{"line":14,"column":2},"end":{"line":19,"column":null}},"type":"if","locations":[{"start":{"line":14,"column":2},"end":{"line":19,"column":null}}]},"2":{"loc":{"start":{"line":24,"column":2},"end":{"line":29,"column":null}},"type":"if","locations":[{"start":{"line":24,"column":2},"end":{"line":29,"column":null}}]},"3":{"loc":{"start":{"line":37,"column":2},"end":{"line":46,"column":null}},"type":"if","locations":[{"start":{"line":37,"column":2},"end":{"line":46,"column":null}}]}},"s":{"0":6,"1":1,"2":1,"3":6,"4":6,"5":6,"6":1,"7":5,"8":5,"9":1,"10":4,"11":4,"12":0,"13":4,"14":4,"15":4,"16":4,"17":0,"18":0,"19":4,"20":4,"21":4},"f":{"0":6},"b":{"0":[6,1],"1":[1],"2":[1],"3":[0]}}
,"/Users/mac/prismy-minimal/src/test-utils/mock-request.ts": {"path":"/Users/mac/prismy-minimal/src/test-utils/mock-request.ts","statementMap":{"0":{"start":{"line":3,"column":16},"end":{"line":3,"column":32}},"1":{"start":{"line":9,"column":18},"end":{"line":9,"column":null}},"2":{"start":{"line":11,"column":2},"end":{"line":20,"column":null}},"3":{"start":{"line":19,"column":26},"end":{"line":19,"column":null}}},"fnMap":{"0":{"name":"mockNextRequest","decl":{"start":{"line":3,"column":16},"end":{"line":3,"column":32}},"loc":{"start":{"line":8,"column":6},"end":{"line":21,"column":null}}},"1":{"name":"(anonymous_2)","decl":{"start":{"line":19,"column":14},"end":{"line":19,"column":26}},"loc":{"start":{"line":19,"column":26},"end":{"line":19,"column":null}}}},"branchMap":{"0":{"loc":{"start":{"line":3,"column":32},"end":{"line":8,"column":6}},"type":"default-arg","locations":[{"start":{"line":8,"column":4},"end":{"line":8,"column":6}}]},"1":{"loc":{"start":{"line":9,"column":30},"end":{"line":9,"column":null}},"type":"binary-expr","locations":[{"start":{"line":9,"column":30},"end":{"line":9,"column":42}},{"start":{"line":9,"column":46},"end":{"line":9,"column":null}}]},"2":{"loc":{"start":{"line":12,"column":12},"end":{"line":12,"column":null}},"type":"binary-expr","locations":[{"start":{"line":12,"column":12},"end":{"line":12,"column":23}},{"start":{"line":12,"column":27},"end":{"line":12,"column":null}}]},"3":{"loc":{"start":{"line":14,"column":10},"end":{"line":14,"column":null}},"type":"binary-expr","locations":[{"start":{"line":14,"column":10},"end":{"line":14,"column":19}},{"start":{"line":14,"column":23},"end":{"line":14,"column":null}}]},"4":{"loc":{"start":{"line":16,"column":16},"end":{"line":16,"column":null}},"type":"binary-expr","locations":[{"start":{"line":16,"column":16},"end":{"line":16,"column":29}},{"start":{"line":16,"column":33},"end":{"line":16,"column":null}}]},"5":{"loc":{"start":{"line":17,"column":36},"end":{"line":17,"column":77}},"type":"binary-expr","locations":[{"start":{"line":17,"column":36},"end":{"line":17,"column":49}},{"start":{"line":17,"column":53},"end":{"line":17,"column":77}}]},"6":{"loc":{"start":{"line":19,"column":26},"end":{"line":19,"column":null}},"type":"binary-expr","locations":[{"start":{"line":19,"column":26},"end":{"line":19,"column":35}},{"start":{"line":19,"column":39},"end":{"line":19,"column":null}}]}},"s":{"0":6,"1":6,"2":6,"3":4},"f":{"0":6,"1":4},"b":{"0":[0],"1":[6,1],"2":[6,0],"3":[6,0],"4":[6,6],"5":[6,6],"6":[4,0]}}
,"/Users/mac/prismy-minimal/src/test-utils/read-json.ts": {"path":"/Users/mac/prismy-minimal/src/test-utils/read-json.ts","statementMap":{"0":{"start":{"line":2,"column":22},"end":{"line":2,"column":31}},"1":{"start":{"line":4,"column":2},"end":{"line":4,"column":null}},"2":{"start":{"line":5,"column":2},"end":{"line":5,"column":null}},"3":{"start":{"line":8,"column":2},"end":{"line":10,"column":null}},"4":{"start":{"line":9,"column":4},"end":{"line":9,"column":null}},"5":{"start":{"line":13,"column":2},"end":{"line":15,"column":null}},"6":{"start":{"line":14,"column":4},"end":{"line":14,"column":null}},"7":{"start":{"line":18,"column":2},"end":{"line":21,"column":null}},"8":{"start":{"line":19,"column":17},"end":{"line":19,"column":null}},"9":{"start":{"line":20,"column":4},"end":{"line":20,"column":null}},"10":{"start":{"line":24,"column":2},"end":{"line":26,"column":null}},"11":{"start":{"line":25,"column":4},"end":{"line":25,"column":null}},"12":{"start":{"line":28,"column":2},"end":{"line":28,"column":null}}},"fnMap":{"0":{"name":"readJson","decl":{"start":{"line":2,"column":22},"end":{"line":2,"column":31}},"loc":{"start":{"line":2,"column":44},"end":{"line":29,"column":null}}}},"branchMap":{"0":{"loc":{"start":{"line":5,"column":50},"end":{"line":5,"column":null}},"type":"binary-expr","locations":[{"start":{"line":5,"column":50},"end":{"line":5,"column":62}},{"start":{"line":5,"column":62},"end":{"line":5,"column":null}}]},"1":{"loc":{"start":{"line":8,"column":2},"end":{"line":10,"column":null}},"type":"if","locations":[{"start":{"line":8,"column":2},"end":{"line":10,"column":null}}]},"2":{"loc":{"start":{"line":8,"column":6},"end":{"line":8,"column":55}},"type":"binary-expr","locations":[{"start":{"line":8,"column":6},"end":{"line":8,"column":18}},{"start":{"line":8,"column":18},"end":{"line":8,"column":55}}]},"3":{"loc":{"start":{"line":13,"column":2},"end":{"line":15,"column":null}},"type":"if","locations":[{"start":{"line":13,"column":2},"end":{"line":15,"column":null}}]},"4":{"loc":{"start":{"line":13,"column":6},"end":{"line":13,"column":48}},"type":"binary-expr","locations":[{"start":{"line":13,"column":6},"end":{"line":13,"column":18}},{"start":{"line":13,"column":18},"end":{"line":13,"column":48}}]},"5":{"loc":{"start":{"line":18,"column":2},"end":{"line":21,"column":null}},"type":"if","locations":[{"start":{"line":18,"column":2},"end":{"line":21,"column":null}}]},"6":{"loc":{"start":{"line":18,"column":6},"end":{"line":18,"column":55}},"type":"binary-expr","locations":[{"start":{"line":18,"column":6},"end":{"line":18,"column":18}},{"start":{"line":18,"column":18},"end":{"line":18,"column":55}}]},"7":{"loc":{"start":{"line":24,"column":2},"end":{"line":26,"column":null}},"type":"if","locations":[{"start":{"line":24,"column":2},"end":{"line":26,"column":null}}]},"8":{"loc":{"start":{"line":24,"column":6},"end":{"line":24,"column":31}},"type":"binary-expr","locations":[{"start":{"line":24,"column":6},"end":{"line":24,"column":18}},{"start":{"line":24,"column":18},"end":{"line":24,"column":31}}]}},"s":{"0":6,"1":6,"2":6,"3":6,"4":6,"5":0,"6":0,"7":0,"8":0,"9":0,"10":0,"11":0,"12":0},"f":{"0":6},"b":{"0":[6,0],"1":[6],"2":[6,6],"3":[0],"4":[0,0],"5":[0],"6":[0,0],"7":[0],"8":[0,0]}}
}
