TN:
SF:src/instrumentation-client.ts
FNF:0
FNH:0
DA:5,0
DA:7,0
DA:17,0
LF:3
LH:0
BRF:0
BRH:0
end_of_record
TN:
SF:src/instrumentation.ts
FN:3,register
FN:5,(anonymous_7)
FN:9,(anonymous_8)
FNF:3
FNH:0
FNDA:0,register
FNDA:0,(anonymous_7)
FNDA:0,(anonymous_8)
DA:1,0
DA:3,0
DA:4,0
DA:5,0
DA:8,0
DA:9,0
DA:13,0
LF:7
LH:0
BRDA:4,0,0,0
BRDA:8,1,0,0
BRF:2
BRH:0
end_of_record
TN:
SF:src/app/global-error.tsx
FN:7,GlobalError
FN:8,(anonymous_6)
FNF:2
FNH:0
FNDA:0,GlobalError
FNDA:0,(anonymous_6)
DA:3,0
DA:4,0
DA:5,0
DA:7,0
DA:8,0
DA:9,0
LF:6
LH:0
BRF:0
BRH:0
end_of_record
TN:
SF:src/app/api-test/page.tsx
FN:5,ApiTestPage
FN:10,(anonymous_2)
FN:41,(anonymous_3)
FNF:3
FNH:0
FNDA:0,ApiTestPage
FNDA:0,(anonymous_2)
FNDA:0,(anonymous_3)
DA:3,0
DA:5,0
DA:6,0
DA:7,0
DA:8,0
DA:10,0
DA:11,0
DA:12,0
DA:13,0
DA:19,0
DA:20,0
DA:21,0
DA:24,0
DA:26,0
DA:41,0
LF:15
LH:0
BRDA:20,0,0,0
BRDA:49,1,0,0
BRDA:49,1,1,0
BRDA:52,2,0,0
BRDA:52,2,1,0
BRDA:55,3,0,0
BRF:6
BRH:0
end_of_record
TN:
SF:src/app/api/admin/queues/route.ts
FN:5,requireAuth
FN:28,GET
FN:46,(anonymous_3)
FN:203,(anonymous_4)
FNF:4
FNH:0
FNDA:0,requireAuth
FNDA:0,GET
FNDA:0,(anonymous_3)
FNDA:0,(anonymous_4)
DA:1,0
DA:2,0
DA:6,0
DA:8,0
DA:9,0
DA:17,0
DA:18,0
DA:19,0
DA:21,0
DA:22,0
DA:25,0
DA:28,0
DA:29,0
DA:30,0
DA:32,0
DA:34,0
DA:43,0
DA:45,0
DA:46,0
DA:60,0
DA:203,0
DA:231,0
DA:237,0
DA:238,0
LF:24
LH:0
BRDA:8,0,0,0
BRDA:8,1,0,0
BRDA:8,1,1,0
BRDA:21,2,0,0
BRDA:21,3,0,0
BRDA:21,3,1,0
BRDA:30,4,0,0
BRDA:207,5,0,0
BRDA:207,5,1,0
BRDA:210,6,0,0
BRDA:210,6,1,0
BRDA:212,7,0,0
BRDA:212,7,1,0
BRDA:215,8,0,0
BRDA:215,8,1,0
BRF:15
BRH:0
end_of_record
TN:
SF:src/app/api/admin/queues/debug/route.ts
FN:4,GET
FNF:1
FNH:0
FNDA:0,GET
DA:1,0
DA:2,0
DA:4,0
DA:5,0
DA:7,0
DA:10,0
DA:13,0
DA:14,0
DA:15,0
DA:19,0
DA:21,0
DA:28,0
LF:12
LH:0
BRF:0
BRH:0
end_of_record
TN:
SF:src/app/api/auth/create-key/route.ts
FN:7,POST
FNF:1
FNH:0
FNDA:0,POST
DA:1,0
DA:2,0
DA:3,0
DA:5,0
DA:7,0
DA:8,0
DA:9,0
DA:11,0
DA:12,0
DA:19,0
DA:23,0
DA:24,0
DA:30,0
DA:33,0
DA:43,0
DA:51,0
DA:52,0
LF:17
LH:0
BRDA:9,0,0,0
BRDA:11,1,0,0
BRDA:23,2,0,0
BRDA:39,3,0,0
BRDA:39,3,1,0
BRDA:39,4,0,0
BRDA:39,4,1,0
BRF:7
BRH:0
end_of_record
TN:
SF:src/app/api/extraction-status/[jobId]/route.ts
FN:3,GET
FN:10,(anonymous_5)
FNF:2
FNH:0
FNDA:0,GET
FNDA:0,(anonymous_5)
DA:1,0
DA:3,0
DA:7,0
DA:8,0
DA:10,0
DA:12,0
DA:14,0
DA:15,0
DA:18,0
DA:20,0
DA:21,0
DA:22,0
DA:33,0
DA:40,0
DA:41,0
LF:15
LH:0
BRDA:14,0,0,0
BRDA:20,1,0,0
BRDA:36,2,0,0
BRDA:36,2,1,0
BRF:4
BRH:0
end_of_record
TN:
SF:src/app/api/health/route.ts
FN:5,GET
FN:14,HEAD
FNF:2
FNH:1
FNDA:2,GET
FNDA:0,HEAD
DA:1,1
DA:3,1
DA:5,2
DA:6,2
DA:14,0
DA:15,0
LF:6
LH:4
BRF:0
BRH:0
end_of_record
TN:
SF:src/app/api/sentry-example-api/route.ts
FN:5,(anonymous_3)
FN:11,GET
FNF:2
FNH:0
FNDA:0,(anonymous_3)
FNDA:0,GET
DA:1,0
DA:3,0
DA:6,0
DA:7,0
DA:11,0
DA:12,0
DA:13,0
LF:7
LH:0
BRF:0
BRH:0
end_of_record
TN:
SF:src/app/api/translate/route.ts
FN:79,(anonymous_9)
FN:79,(anonymous_10)
FN:81,calculateDynamicDelay
FN:92,GET
FN:110,POST
FN:161,(anonymous_14)
FN:175,(anonymous_15)
FN:206,(anonymous_16)
FN:208,(anonymous_17)
FN:302,buildSystemPrompt
FN:349,translateChunkWithRetry
FN:415,translateChunk
FNF:12
FNH:0
FNDA:0,(anonymous_9)
FNDA:0,(anonymous_10)
FNDA:0,calculateDynamicDelay
FNDA:0,GET
FNDA:0,POST
FNDA:0,(anonymous_14)
FNDA:0,(anonymous_15)
FNDA:0,(anonymous_16)
FNDA:0,(anonymous_17)
FNDA:0,buildSystemPrompt
FNDA:0,translateChunkWithRetry
FNDA:0,translateChunk
DA:2,0
DA:3,0
DA:5,0
DA:6,0
DA:7,0
DA:32,0
DA:43,0
DA:74,0
DA:79,0
DA:86,0
DA:87,0
DA:88,0
DA:92,0
DA:93,0
DA:110,0
DA:111,0
DA:113,0
DA:114,0
DA:115,0
DA:121,0
DA:129,0
DA:132,0
DA:133,0
DA:139,0
DA:140,0
DA:142,0
DA:143,0
DA:152,0
DA:154,0
DA:155,0
DA:156,0
DA:157,0
DA:158,0
DA:161,0
DA:162,0
DA:164,0
DA:171,0
DA:172,0
DA:175,0
DA:176,0
DA:178,0
DA:179,0
DA:182,0
DA:189,0
DA:190,0
DA:191,0
DA:193,0
DA:196,0
DA:197,0
DA:198,0
DA:199,0
DA:200,0
DA:202,0
DA:204,0
DA:207,0
DA:208,0
DA:209,0
DA:211,0
DA:224,0
DA:225,0
DA:226,0
DA:228,0
DA:232,0
DA:235,0
DA:236,0
DA:237,0
DA:238,0
DA:239,0
DA:243,0
DA:244,0
DA:246,0
DA:247,0
DA:248,0
DA:250,0
DA:271,0
DA:273,0
DA:274,0
DA:280,0
DA:281,0
DA:287,0
DA:288,0
DA:294,0
DA:313,0
DA:314,0
DA:317,0
DA:319,0
DA:320,0
DA:321,0
DA:322,0
DA:323,0
DA:324,0
DA:325,0
DA:328,0
DA:329,0
DA:332,0
DA:334,0
DA:335,0
DA:337,0
DA:338,0
DA:340,0
DA:343,0
DA:346,0
DA:374,0
DA:375,0
DA:376,0
DA:387,0
DA:389,0
DA:390,0
DA:391,0
DA:392,0
DA:393,0
DA:396,0
DA:397,0
DA:399,0
DA:400,0
DA:401,0
DA:404,0
DA:405,0
DA:406,0
DA:407,0
DA:412,0
DA:434,0
DA:436,0
DA:437,0
DA:440,0
DA:441,0
DA:444,0
DA:454,0
LF:128
LH:0
BRDA:75,0,0,0
BRDA:75,0,1,0
BRDA:114,1,0,0
BRDA:123,2,0,0
BRDA:124,3,0,0
BRDA:125,4,0,0
BRDA:126,5,0,0
BRDA:127,6,0,0
BRDA:128,7,0,0
BRDA:132,8,0,0
BRDA:140,9,0,0
BRDA:140,9,1,0
BRDA:142,10,0,0
BRDA:152,11,0,0
BRDA:152,11,1,0
BRDA:167,12,0,0
BRDA:167,12,1,0
BRDA:167,13,0,0
BRDA:167,13,1,0
BRDA:168,14,0,0
BRDA:168,14,1,0
BRDA:175,15,0,0
BRDA:175,15,1,0
BRDA:178,16,0,0
BRDA:209,17,0,0
BRDA:209,17,1,0
BRDA:235,18,0,0
BRDA:257,19,0,0
BRDA:257,19,1,0
BRDA:265,20,0,0
BRDA:265,20,1,0
BRDA:266,21,0,0
BRDA:266,21,1,0
BRDA:273,22,0,0
BRDA:280,23,0,0
BRDA:287,24,0,0
BRDA:295,25,0,0
BRDA:295,25,1,0
BRDA:313,26,0,0
BRDA:319,27,0,0
BRDA:320,28,0,0
BRDA:320,28,1,0
BRDA:322,29,0,0
BRDA:322,29,1,0
BRDA:324,30,0,0
BRDA:328,31,0,0
BRDA:329,32,0,0
BRDA:332,33,0,0
BRDA:332,33,1,0
BRDA:332,33,2,0
BRDA:389,34,0,0
BRDA:390,35,0,0
BRDA:390,36,0,0
BRDA:390,36,1,0
BRDA:397,37,0,0
BRDA:397,37,1,0
BRDA:404,38,0,0
BRDA:436,39,0,0
BRDA:436,40,0,0
BRDA:436,40,1,0
BRDA:440,41,0,0
BRDA:440,42,0,0
BRDA:440,42,1,0
BRDA:454,43,0,0
BRDA:454,43,1,0
BRF:65
BRH:0
end_of_record
TN:
SF:src/app/api/translate-async/route.ts
FN:6,POST
FN:7,(anonymous_5)
FNF:2
FNH:2
FNDA:6,POST
FNDA:4,(anonymous_5)
DA:1,1
DA:2,1
DA:3,1
DA:4,1
DA:6,6
DA:7,6
DA:8,4
DA:9,4
DA:10,4
DA:11,4
DA:12,4
DA:15,4
DA:16,4
DA:17,1
DA:18,1
DA:21,4
DA:22,1
DA:29,3
DA:30,1
DA:36,2
DA:37,2
DA:38,2
DA:41,2
DA:44,2
DA:54,2
DA:62,0
DA:64,0
DA:72,0
LF:28
LH:25
BRDA:11,0,0,4
BRDA:11,0,1,0
BRDA:12,1,0,4
BRDA:12,1,1,0
BRDA:12,1,2,0
BRDA:16,2,0,1
BRDA:21,3,0,1
BRDA:29,4,0,1
BRDA:29,5,0,3
BRDA:29,5,1,1
BRDA:57,6,0,2
BRDA:57,6,1,0
BRDA:57,7,0,0
BRDA:57,7,1,0
BRDA:73,8,0,0
BRDA:73,8,1,0
BRF:16
BRH:8
end_of_record
TN:
SF:src/app/api/translation-status/[jobId]/route.ts
FN:3,GET
FN:11,(anonymous_5)
FNF:2
FNH:0
FNDA:0,GET
FNDA:0,(anonymous_5)
DA:1,0
DA:3,0
DA:7,0
DA:8,0
DA:11,0
DA:13,0
DA:15,0
DA:16,0
DA:22,0
DA:23,0
DA:26,0
DA:27,0
DA:28,0
DA:38,0
DA:39,0
DA:49,0
DA:57,0
DA:58,0
LF:18
LH:0
BRDA:15,0,0,0
BRDA:26,1,0,0
BRDA:38,2,0,0
BRDA:42,3,0,0
BRDA:42,3,1,0
BRDA:52,4,0,0
BRDA:52,4,1,0
BRF:7
BRH:0
end_of_record
TN:
SF:src/app/api/upload/route.ts
FN:5,POST
FN:42,(anonymous_7)
FNF:2
FNH:0
FNDA:0,POST
FNDA:0,(anonymous_7)
DA:1,0
DA:2,0
DA:3,0
DA:5,0
DA:6,0
DA:7,0
DA:8,0
DA:10,0
DA:11,0
DA:15,0
DA:16,0
DA:20,0
DA:23,0
DA:24,0
DA:25,0
DA:33,0
DA:34,0
DA:35,0
DA:36,0
DA:37,0
DA:38,0
DA:41,0
DA:42,0
DA:44,0
DA:45,0
DA:47,0
DA:53,0
DA:55,0
DA:69,0
DA:71,0
DA:72,0
DA:75,0
DA:78,0
DA:79,0
DA:87,0
DA:88,0
DA:89,0
DA:93,0
DA:94,0
DA:95,0
DA:103,0
DA:114,0
DA:115,0
DA:122,0
LF:44
LH:0
BRDA:10,0,0,0
BRDA:15,1,0,0
BRDA:24,2,0,0
BRDA:41,3,0,0
BRDA:78,4,0,0
BRDA:88,5,0,0
BRF:6
BRH:0
end_of_record
TN:
SF:src/bin/start-worker.ts
FN:16,(anonymous_4)
FNF:1
FNH:0
FNDA:0,(anonymous_4)
DA:2,0
DA:3,0
DA:5,0
DA:6,0
DA:9,0
DA:10,0
DA:12,0
DA:13,0
DA:14,0
DA:16,0
DA:17,0
DA:18,0
LF:12
LH:0
BRDA:13,0,0,0
BRDA:13,0,1,0
BRDA:14,1,0,0
BRDA:14,1,1,0
BRF:4
BRH:0
end_of_record
TN:
SF:src/bin/worker.ts
FN:25,startWorkers
FN:30,(anonymous_4)
FN:37,(anonymous_5)
FN:53,(anonymous_6)
FN:58,(anonymous_7)
FNF:5
FNH:0
FNDA:0,startWorkers
FNDA:0,(anonymous_4)
FNDA:0,(anonymous_5)
FNDA:0,(anonymous_6)
FNDA:0,(anonymous_7)
DA:2,0
DA:3,0
DA:4,0
DA:8,0
DA:9,0
DA:12,0
DA:13,0
DA:16,0
DA:17,0
DA:18,0
DA:19,0
DA:22,0
DA:23,0
DA:26,0
DA:28,0
DA:29,0
DA:30,0
DA:31,0
DA:35,0
DA:36,0
DA:37,0
DA:38,0
DA:41,0
DA:42,0
DA:43,0
DA:44,0
DA:47,0
DA:48,0
DA:53,0
DA:54,0
DA:55,0
DA:58,0
DA:59,0
DA:60,0
DA:64,0
LF:35
LH:0
BRDA:16,0,0,0
BRDA:22,1,0,0
BRDA:22,1,1,0
BRDA:28,2,0,0
BRDA:28,3,0,0
BRDA:28,3,1,0
BRDA:35,4,0,0
BRDA:35,5,0,0
BRDA:35,5,1,0
BRDA:42,6,0,0
BRDA:42,6,1,0
BRDA:43,7,0,0
BRDA:43,7,1,0
BRDA:44,8,0,0
BRDA:44,8,1,0
BRF:15
BRH:0
end_of_record
TN:
SF:src/components/AsyncTranslationButton.tsx
FN:14,AsyncTranslationButton
FN:26,(anonymous_2)
FN:31,(anonymous_3)
FN:62,(anonymous_4)
FN:65,(anonymous_5)
FNF:5
FNH:0
FNDA:0,AsyncTranslationButton
FNDA:0,(anonymous_2)
FNDA:0,(anonymous_3)
FNDA:0,(anonymous_4)
FNDA:0,(anonymous_5)
DA:3,0
DA:4,0
DA:14,0
DA:21,0
DA:22,0
DA:23,0
DA:24,0
DA:26,0
DA:27,0
DA:29,0
DA:31,0
DA:32,0
DA:33,0
DA:34,0
DA:37,0
DA:38,0
DA:39,0
DA:40,0
DA:43,0
DA:44,0
DA:47,0
DA:48,0
DA:49,0
DA:50,0
DA:51,0
DA:52,0
DA:53,0
DA:54,0
DA:55,0
DA:58,0
DA:62,0
DA:65,0
DA:66,0
DA:67,0
DA:69,0
DA:70,0
DA:82,0
DA:84,0
DA:85,0
DA:86,0
DA:87,0
DA:89,0
DA:90,0
DA:93,0
DA:94,0
DA:95,0
LF:46
LH:0
BRDA:27,0,0,0
BRDA:27,1,0,0
BRDA:27,1,1,0
BRDA:40,2,0,0
BRDA:40,2,1,0
BRDA:43,3,0,0
BRDA:47,4,0,0
BRDA:47,4,1,0
BRDA:47,5,0,0
BRDA:47,5,1,0
BRDA:52,6,0,0
BRDA:54,7,0,0
BRDA:54,7,1,0
BRDA:84,8,0,0
BRDA:84,8,1,0
BRDA:103,9,0,0
BRDA:103,9,1,0
BRDA:107,10,0,0
BRDA:107,10,1,0
BRDA:110,11,0,0
BRDA:115,12,0,0
BRDA:115,12,1,0
BRDA:119,13,0,0
BRDA:119,13,1,0
BRDA:121,14,0,0
BRDA:121,14,1,0
BRDA:126,15,0,0
BRDA:126,15,1,0
BRDA:131,16,0,0
BRDA:131,16,1,0
BRDA:138,17,0,0
BRDA:148,18,0,0
BRF:32
BRH:0
end_of_record
TN:
SF:src/components/FileUpload.tsx
FN:10,FileUpload
FN:14,(anonymous_2)
FN:24,(anonymous_3)
FN:34,(anonymous_4)
FN:48,(anonymous_5)
FNF:5
FNH:0
FNDA:0,FileUpload
FNDA:0,(anonymous_2)
FNDA:0,(anonymous_3)
FNDA:0,(anonymous_4)
FNDA:0,(anonymous_5)
DA:3,0
DA:10,0
DA:11,0
DA:12,0
DA:14,0
DA:15,0
DA:16,0
DA:17,0
DA:18,0
DA:19,0
DA:20,0
DA:24,0
DA:25,0
DA:26,0
DA:27,0
DA:29,0
DA:30,0
DA:34,0
DA:35,0
DA:36,0
DA:37,0
DA:48,0
LF:22
LH:0
BRDA:17,0,0,0
BRDA:17,0,1,0
BRDA:17,1,0,0
BRDA:17,1,1,0
BRDA:19,2,0,0
BRDA:29,3,0,0
BRDA:29,4,0,0
BRDA:29,4,1,0
BRDA:36,5,0,0
BRDA:36,6,0,0
BRDA:36,6,1,0
BRDA:43,7,0,0
BRDA:43,7,1,0
BRDA:50,8,0,0
BRDA:50,8,1,0
BRDA:54,9,0,0
BRDA:54,9,1,0
BRDA:56,10,0,0
BRDA:56,10,1,0
BRF:19
BRH:0
end_of_record
TN:
SF:src/components/TranslationForm.tsx
FN:12,TranslationForm
FN:61,(anonymous_2)
FN:71,(anonymous_3)
FN:73,(anonymous_4)
FN:78,(anonymous_5)
FN:79,(anonymous_6)
FN:86,(anonymous_7)
FN:89,(anonymous_8)
FN:119,(anonymous_9)
FN:172,(anonymous_10)
FN:204,(anonymous_11)
FN:224,(anonymous_12)
FN:262,(anonymous_13)
FN:291,(anonymous_14)
FN:294,(anonymous_15)
FN:318,(anonymous_16)
FN:321,(anonymous_17)
FN:382,(anonymous_18)
FN:398,(anonymous_19)
FN:453,(anonymous_20)
FN:467,(anonymous_21)
FNF:21
FNH:0
FNDA:0,TranslationForm
FNDA:0,(anonymous_2)
FNDA:0,(anonymous_3)
FNDA:0,(anonymous_4)
FNDA:0,(anonymous_5)
FNDA:0,(anonymous_6)
FNDA:0,(anonymous_7)
FNDA:0,(anonymous_8)
FNDA:0,(anonymous_9)
FNDA:0,(anonymous_10)
FNDA:0,(anonymous_11)
FNDA:0,(anonymous_12)
FNDA:0,(anonymous_13)
FNDA:0,(anonymous_14)
FNDA:0,(anonymous_15)
FNDA:0,(anonymous_16)
FNDA:0,(anonymous_17)
FNDA:0,(anonymous_18)
FNDA:0,(anonymous_19)
FNDA:0,(anonymous_20)
FNDA:0,(anonymous_21)
DA:3,0
DA:12,0
DA:13,0
DA:14,0
DA:15,0
DA:16,0
DA:17,0
DA:18,0
DA:19,0
DA:20,0
DA:21,0
DA:22,0
DA:23,0
DA:24,0
DA:25,0
DA:26,0
DA:28,0
DA:49,0
DA:61,0
DA:62,0
DA:63,0
DA:68,0
DA:69,0
DA:71,0
DA:72,0
DA:73,0
DA:78,0
DA:79,0
DA:80,0
DA:81,0
DA:86,0
DA:87,0
DA:89,0
DA:90,0
DA:91,0
DA:92,0
DA:94,0
DA:95,0
DA:96,0
DA:97,0
DA:98,0
DA:99,0
DA:100,0
DA:101,0
DA:102,0
DA:103,0
DA:104,0
DA:105,0
DA:106,0
DA:107,0
DA:108,0
DA:109,0
DA:112,0
DA:116,0
DA:119,0
DA:120,0
DA:121,0
DA:122,0
DA:125,0
DA:126,0
DA:127,0
DA:128,0
DA:129,0
DA:131,0
DA:138,0
DA:139,0
DA:140,0
DA:146,0
DA:148,0
DA:149,0
DA:152,0
DA:153,0
DA:154,0
DA:155,0
DA:157,0
DA:158,0
DA:159,0
DA:160,0
DA:161,0
DA:165,0
DA:166,0
DA:167,0
DA:168,0
DA:172,0
DA:173,0
DA:174,0
DA:176,0
DA:177,0
DA:178,0
DA:179,0
DA:181,0
DA:182,0
DA:184,0
DA:189,0
DA:191,0
DA:192,0
DA:196,0
DA:197,0
DA:201,0
DA:202,0
DA:204,0
DA:205,0
DA:207,0
DA:208,0
DA:209,0
DA:211,0
DA:212,0
DA:213,0
DA:214,0
DA:219,0
DA:220,0
DA:223,0
DA:224,0
DA:225,0
DA:228,0
DA:229,0
DA:230,0
DA:231,0
DA:232,0
DA:233,0
DA:236,0
DA:237,0
DA:238,0
DA:244,0
DA:245,0
DA:250,0
DA:251,0
DA:255,0
DA:256,0
DA:257,0
DA:258,0
DA:262,0
DA:263,0
DA:264,0
DA:265,0
DA:266,0
DA:267,0
DA:268,0
DA:269,0
DA:270,0
DA:271,0
DA:272,0
DA:292,0
DA:294,0
DA:318,0
DA:322,0
DA:382,0
DA:398,0
DA:453,0
DA:467,0
LF:150
LH:0
BRDA:61,0,0,0
BRDA:64,1,0,0
BRDA:64,1,1,0
BRDA:65,2,0,0
BRDA:65,2,1,0
BRDA:80,3,0,0
BRDA:94,4,0,0
BRDA:94,4,1,0
BRDA:102,5,0,0
BRDA:102,5,1,0
BRDA:105,6,0,0
BRDA:105,6,1,0
BRDA:108,7,0,0
BRDA:119,8,0,0
BRDA:120,9,0,0
BRDA:139,10,0,0
BRDA:139,10,1,0
BRDA:148,11,0,0
BRDA:149,12,0,0
BRDA:149,12,1,0
BRDA:152,13,0,0
BRDA:152,13,1,0
BRDA:152,14,0,0
BRDA:152,14,1,0
BRDA:157,15,0,0
BRDA:157,15,1,0
BRDA:158,16,0,0
BRDA:158,16,1,0
BRDA:166,17,0,0
BRDA:166,17,1,0
BRDA:168,18,0,0
BRDA:168,18,1,0
BRDA:174,19,0,0
BRDA:191,20,0,0
BRDA:192,21,0,0
BRDA:192,21,1,0
BRDA:196,22,0,0
BRDA:196,22,1,0
BRDA:196,23,0,0
BRDA:196,23,1,0
BRDA:211,24,0,0
BRDA:211,24,1,0
BRDA:223,25,0,0
BRDA:223,26,0,0
BRDA:223,26,1,0
BRDA:228,27,0,0
BRDA:228,27,1,0
BRDA:231,28,0,0
BRDA:237,29,0,0
BRDA:237,29,1,0
BRDA:256,30,0,0
BRDA:256,30,1,0
BRDA:258,31,0,0
BRDA:258,31,1,0
BRDA:270,32,0,0
BRDA:297,33,0,0
BRDA:297,33,1,0
BRDA:340,34,0,0
BRDA:340,34,1,0
BRDA:344,35,0,0
BRDA:344,35,1,0
BRDA:348,36,0,0
BRDA:363,37,0,0
BRDA:363,37,1,0
BRDA:373,38,0,0
BRDA:404,39,0,0
BRDA:404,39,1,0
BRDA:419,40,0,0
BRDA:428,41,0,0
BRDA:444,42,0,0
BRDA:454,43,0,0
BRDA:454,43,1,0
BRDA:457,44,0,0
BRDA:457,44,1,0
BRDA:457,45,0,0
BRDA:457,45,1,0
BRDA:463,46,0,0
BRDA:463,46,1,0
BRDA:468,47,0,0
BRDA:468,47,1,0
BRDA:471,48,0,0
BRDA:471,48,1,0
BRDA:471,49,0,0
BRDA:471,49,1,0
BRDA:477,50,0,0
BRDA:477,50,1,0
BRF:86
BRH:0
end_of_record
TN:
SF:src/components/features/BatchUploader.tsx
FN:20,BatchUploader
FN:28,(anonymous_3)
FN:30,(anonymous_4)
FN:35,(anonymous_5)
FN:42,(anonymous_6)
FN:43,(anonymous_7)
FN:43,(anonymous_8)
FN:44,(anonymous_9)
FN:51,(anonymous_10)
FN:59,(anonymous_11)
FN:59,(anonymous_12)
FN:78,(anonymous_13)
FN:78,(anonymous_14)
FN:99,(anonymous_15)
FN:99,(anonymous_16)
FN:107,(anonymous_17)
FN:113,(anonymous_18)
FN:118,(anonymous_19)
FN:147,(anonymous_20)
FN:150,(anonymous_21)
FN:152,(anonymous_22)
FN:161,(anonymous_23)
FN:165,(anonymous_24)
FN:172,(anonymous_25)
FN:195,(anonymous_26)
FN:205,(anonymous_27)
FN:206,(anonymous_28)
FN:216,(anonymous_29)
FN:221,(anonymous_30)
FN:234,(anonymous_31)
FN:241,(anonymous_32)
FN:242,(anonymous_33)
FN:243,(anonymous_34)
FN:313,(anonymous_35)
FN:329,(anonymous_36)
FN:353,(anonymous_37)
FN:367,(anonymous_38)
FNF:37
FNH:0
FNDA:0,BatchUploader
FNDA:0,(anonymous_3)
FNDA:0,(anonymous_4)
FNDA:0,(anonymous_5)
FNDA:0,(anonymous_6)
FNDA:0,(anonymous_7)
FNDA:0,(anonymous_8)
FNDA:0,(anonymous_9)
FNDA:0,(anonymous_10)
FNDA:0,(anonymous_11)
FNDA:0,(anonymous_12)
FNDA:0,(anonymous_13)
FNDA:0,(anonymous_14)
FNDA:0,(anonymous_15)
FNDA:0,(anonymous_16)
FNDA:0,(anonymous_17)
FNDA:0,(anonymous_18)
FNDA:0,(anonymous_19)
FNDA:0,(anonymous_20)
FNDA:0,(anonymous_21)
FNDA:0,(anonymous_22)
FNDA:0,(anonymous_23)
FNDA:0,(anonymous_24)
FNDA:0,(anonymous_25)
FNDA:0,(anonymous_26)
FNDA:0,(anonymous_27)
FNDA:0,(anonymous_28)
FNDA:0,(anonymous_29)
FNDA:0,(anonymous_30)
FNDA:0,(anonymous_31)
FNDA:0,(anonymous_32)
FNDA:0,(anonymous_33)
FNDA:0,(anonymous_34)
FNDA:0,(anonymous_35)
FNDA:0,(anonymous_36)
FNDA:0,(anonymous_37)
FNDA:0,(anonymous_38)
DA:3,0
DA:4,0
DA:5,0
DA:6,0
DA:20,0
DA:21,0
DA:22,0
DA:23,0
DA:24,0
DA:25,0
DA:26,0
DA:28,0
DA:29,0
DA:30,0
DA:35,0
DA:37,0
DA:38,0
DA:42,0
DA:43,0
DA:44,0
DA:45,0
DA:46,0
DA:47,0
DA:51,0
DA:52,0
DA:53,0
DA:55,0
DA:56,0
DA:57,0
DA:59,0
DA:60,0
DA:63,0
DA:64,0
DA:65,0
DA:67,0
DA:72,0
DA:74,0
DA:75,0
DA:78,0
DA:79,0
DA:83,0
DA:84,0
DA:94,0
DA:95,0
DA:99,0
DA:100,0
DA:105,0
DA:107,0
DA:108,0
DA:109,0
DA:113,0
DA:114,0
DA:115,0
DA:118,0
DA:119,0
DA:121,0
DA:122,0
DA:123,0
DA:127,0
DA:140,0
DA:141,0
DA:143,0
DA:144,0
DA:147,0
DA:150,0
DA:151,0
DA:152,0
DA:155,0
DA:156,0
DA:161,0
DA:162,0
DA:163,0
DA:165,0
DA:167,0
DA:168,0
DA:169,0
DA:172,0
DA:173,0
DA:186,0
DA:187,0
DA:191,0
DA:195,0
DA:198,0
DA:200,0
DA:201,0
DA:202,0
DA:205,0
DA:206,0
DA:209,0
DA:210,0
DA:212,0
DA:216,0
DA:217,0
DA:218,0
DA:221,0
DA:222,0
DA:234,0
DA:235,0
DA:236,0
DA:237,0
DA:238,0
DA:241,0
DA:242,0
DA:243,0
DA:314,0
DA:315,0
DA:316,0
DA:330,0
DA:353,0
DA:367,0
LF:110
LH:0
BRDA:29,0,0,0
BRDA:29,0,1,0
BRDA:37,1,0,0
BRDA:57,2,0,0
BRDA:60,3,0,0
BRDA:60,3,1,0
BRDA:74,4,0,0
BRDA:75,5,0,0
BRDA:75,5,1,0
BRDA:79,6,0,0
BRDA:79,6,1,0
BRDA:83,7,0,0
BRDA:88,8,0,0
BRDA:88,8,1,0
BRDA:94,9,0,0
BRDA:94,9,1,0
BRDA:100,10,0,0
BRDA:100,10,1,0
BRDA:108,11,0,0
BRDA:108,12,0,0
BRDA:108,12,1,0
BRDA:119,13,0,0
BRDA:119,14,0,0
BRDA:119,14,1,0
BRDA:121,15,0,0
BRDA:122,16,0,0
BRDA:133,17,0,0
BRDA:133,17,1,0
BRDA:136,18,0,0
BRDA:136,18,1,0
BRDA:150,19,0,0
BRDA:150,20,0,0
BRDA:150,20,1,0
BRDA:165,21,0,0
BRDA:165,21,1,0
BRDA:167,22,0,0
BRDA:179,23,0,0
BRDA:179,23,1,0
BRDA:182,24,0,0
BRDA:182,24,1,0
BRDA:235,25,0,0
BRDA:236,26,0,0
BRDA:237,27,0,0
BRDA:251,28,0,0
BRDA:276,29,0,0
BRDA:276,29,1,0
BRDA:276,29,2,0
BRDA:286,30,0,0
BRDA:295,31,0,0
BRDA:295,31,1,0
BRDA:298,32,0,0
BRDA:311,33,0,0
BRDA:314,34,0,0
BRDA:327,35,0,0
BRDA:343,36,0,0
BRDA:343,36,1,0
BRDA:344,37,0,0
BRDA:344,37,1,0
BRDA:345,38,0,0
BRDA:345,38,1,0
BRDA:351,39,0,0
BRDA:351,39,1,0
BRDA:355,40,0,0
BRDA:355,40,1,0
BRDA:359,41,0,0
BRDA:359,41,1,0
BRDA:365,42,0,0
BRDA:365,42,1,0
BRDA:365,42,2,0
BRDA:380,43,0,0
BRDA:388,44,0,0
BRDA:395,45,0,0
BRDA:400,46,0,0
BRDA:405,47,0,0
BRF:74
BRH:0
end_of_record
TN:
SF:src/components/features/DocumentUploader.tsx
FN:15,DocumentUploader
FN:29,(anonymous_2)
FN:33,(anonymous_3)
FN:78,(anonymous_4)
FN:116,(anonymous_5)
FN:181,(anonymous_6)
FN:192,(anonymous_7)
FNF:7
FNH:0
FNDA:0,DocumentUploader
FNDA:0,(anonymous_2)
FNDA:0,(anonymous_3)
FNDA:0,(anonymous_4)
FNDA:0,(anonymous_5)
FNDA:0,(anonymous_6)
FNDA:0,(anonymous_7)
DA:3,0
DA:4,0
DA:15,0
DA:16,0
DA:17,0
DA:18,0
DA:19,0
DA:21,0
DA:29,0
DA:30,0
DA:33,0
DA:34,0
DA:35,0
DA:37,0
DA:38,0
DA:39,0
DA:41,0
DA:42,0
DA:43,0
DA:45,0
DA:50,0
DA:52,0
DA:53,0
DA:56,0
DA:57,0
DA:59,0
DA:60,0
DA:62,0
DA:79,0
DA:117,0
DA:118,0
DA:119,0
DA:182,0
DA:193,0
DA:194,0
DA:195,0
LF:36
LH:0
BRDA:30,0,0,0
BRDA:30,0,1,0
BRDA:35,1,0,0
BRDA:52,2,0,0
BRDA:53,3,0,0
BRDA:53,3,1,0
BRDA:53,3,2,0
BRDA:60,4,0,0
BRDA:60,4,1,0
BRDA:69,5,0,0
BRDA:69,5,1,0
BRDA:100,6,0,0
BRDA:110,7,0,0
BRDA:110,7,1,0
BRDA:128,8,0,0
BRDA:128,8,1,0
BRDA:128,8,2,0
BRDA:128,8,3,0
BRDA:141,9,0,0
BRDA:141,9,1,0
BRDA:146,10,0,0
BRDA:175,11,0,0
BRF:22
BRH:0
end_of_record
TN:
SF:src/components/features/TierSelector.tsx
FN:10,TierSelector
FN:37,(anonymous_2)
FN:40,(anonymous_3)
FNF:3
FNH:0
FNDA:0,TierSelector
FNDA:0,(anonymous_2)
FNDA:0,(anonymous_3)
DA:10,0
DA:11,0
DA:38,0
DA:40,0
LF:4
LH:0
BRDA:44,0,0,0
BRDA:44,0,1,0
BRDA:46,1,0,0
BRDA:46,1,1,0
BRF:4
BRH:0
end_of_record
TN:
SF:src/components/features/TranslationHistory.tsx
FN:16,TranslationHistory
FN:20,(anonymous_2)
FN:32,(anonymous_3)
FN:36,(anonymous_4)
FN:43,(anonymous_5)
FN:49,(anonymous_6)
FN:55,(anonymous_7)
FN:62,(anonymous_8)
FN:107,(anonymous_9)
FNF:9
FNH:0
FNDA:0,TranslationHistory
FNDA:0,(anonymous_2)
FNDA:0,(anonymous_3)
FNDA:0,(anonymous_4)
FNDA:0,(anonymous_5)
FNDA:0,(anonymous_6)
FNDA:0,(anonymous_7)
FNDA:0,(anonymous_8)
FNDA:0,(anonymous_9)
DA:3,0
DA:4,0
DA:16,0
DA:17,0
DA:18,0
DA:20,0
DA:21,0
DA:22,0
DA:23,0
DA:24,0
DA:25,0
DA:27,0
DA:32,0
DA:33,0
DA:36,0
DA:37,0
DA:38,0
DA:43,0
DA:44,0
DA:47,0
DA:49,0
DA:50,0
DA:51,0
DA:55,0
DA:56,0
DA:57,0
DA:58,0
DA:62,0
DA:63,0
DA:64,0
DA:67,0
DA:108,0
LF:32
LH:0
BRDA:22,0,0,0
BRDA:37,1,0,0
BRDA:56,2,0,0
BRDA:67,3,0,0
BRF:4
BRH:0
end_of_record
TN:
SF:src/components/features/TranslationResult.tsx
FN:10,TranslationResult
FN:13,(anonymous_2)
FN:17,(anonymous_3)
FN:21,(anonymous_4)
FN:103,(anonymous_5)
FNF:5
FNH:0
FNDA:0,TranslationResult
FNDA:0,(anonymous_2)
FNDA:0,(anonymous_3)
FNDA:0,(anonymous_4)
FNDA:0,(anonymous_5)
DA:3,0
DA:4,0
DA:10,0
DA:11,0
DA:13,0
DA:14,0
DA:15,0
DA:16,0
DA:17,0
DA:21,0
DA:22,0
DA:23,0
DA:24,0
DA:25,0
DA:26,0
DA:27,0
DA:28,0
DA:29,0
DA:30,0
DA:34,0
DA:104,0
LF:21
LH:0
BRDA:14,0,0,0
BRDA:22,1,0,0
BRDA:28,2,0,0
BRDA:28,2,1,0
BRDA:34,3,0,0
BRDA:71,4,0,0
BRDA:99,5,0,0
BRF:7
BRH:0
end_of_record
TN:
SF:src/components/features/TranslationSettings.tsx
FN:10,TranslationSettings
FN:52,(anonymous_2)
FN:73,(anonymous_3)
FN:76,(anonymous_4)
FN:90,(anonymous_5)
FN:95,(anonymous_6)
FN:119,(anonymous_7)
FNF:7
FNH:0
FNDA:0,TranslationSettings
FNDA:0,(anonymous_2)
FNDA:0,(anonymous_3)
FNDA:0,(anonymous_4)
FNDA:0,(anonymous_5)
FNDA:0,(anonymous_6)
FNDA:0,(anonymous_7)
DA:3,0
DA:4,0
DA:10,0
DA:11,0
DA:17,0
DA:28,0
DA:52,0
DA:53,0
DA:54,0
DA:55,0
DA:73,0
DA:77,0
DA:91,0
DA:92,0
DA:95,0
DA:119,0
LF:16
LH:0
BRDA:97,0,0,0
BRDA:97,0,1,0
BRF:2
BRH:0
end_of_record
TN:
SF:src/components/features/TranslationStatus.tsx
FN:11,TranslationStatus
FN:16,(anonymous_2)
FN:22,(anonymous_3)
FN:23,(anonymous_4)
FN:34,(anonymous_5)
FN:85,(anonymous_6)
FNF:6
FNH:0
FNDA:0,TranslationStatus
FNDA:0,(anonymous_2)
FNDA:0,(anonymous_3)
FNDA:0,(anonymous_4)
FNDA:0,(anonymous_5)
FNDA:0,(anonymous_6)
DA:3,0
DA:4,0
DA:11,0
DA:12,0
DA:13,0
DA:14,0
DA:16,0
DA:17,0
DA:19,0
DA:22,0
DA:23,0
DA:24,0
DA:25,0
DA:26,0
DA:27,0
DA:28,0
DA:30,0
DA:34,0
DA:37,0
DA:86,0
LF:20
LH:0
BRDA:17,0,0,0
BRDA:24,1,0,0
BRDA:37,2,0,0
BRDA:60,3,0,0
BRDA:66,4,0,0
BRDA:72,5,0,0
BRDA:81,6,0,0
BRF:7
BRH:0
end_of_record
TN:
SF:src/components/features/AsyncTranslation/AsyncTranslationButton.tsx
FN:14,AsyncTranslationButton
FN:24,(anonymous_2)
FN:46,(anonymous_3)
FN:47,(anonymous_4)
FNF:4
FNH:0
FNDA:0,AsyncTranslationButton
FNDA:0,(anonymous_2)
FNDA:0,(anonymous_3)
FNDA:0,(anonymous_4)
DA:3,0
DA:4,0
DA:5,0
DA:14,0
DA:20,0
DA:21,0
DA:22,0
DA:24,0
DA:25,0
DA:27,0
DA:29,0
DA:35,0
DA:36,0
DA:37,0
DA:38,0
DA:41,0
DA:42,0
DA:46,0
DA:47,0
DA:48,0
DA:49,0
DA:50,0
DA:52,0
DA:53,0
DA:54,0
DA:55,0
DA:56,0
DA:57,0
DA:58,0
DA:59,0
DA:60,0
DA:61,0
DA:64,0
LF:33
LH:0
BRDA:36,0,0,0
BRDA:52,1,0,0
BRDA:52,1,1,0
BRDA:56,2,0,0
BRDA:56,2,1,0
BRDA:60,3,0,0
BRDA:73,4,0,0
BRDA:73,4,1,0
BRDA:77,5,0,0
BRDA:77,5,1,0
BRDA:87,6,0,0
BRF:11
BRH:0
end_of_record
TN:
SF:src/components/ui/button.tsx
FN:10,(anonymous_1)
FNF:1
FNH:0
FNDA:0,(anonymous_1)
DA:1,0
DA:2,0
DA:9,0
DA:36,0
LF:4
LH:0
BRDA:10,0,0,0
BRDA:10,1,0,0
BRF:2
BRH:0
end_of_record
TN:
SF:src/components/ui/card.tsx
FN:7,(anonymous_1)
FNF:1
FNH:0
FNDA:0,(anonymous_1)
DA:1,0
DA:2,0
DA:6,0
DA:21,0
LF:4
LH:0
BRF:0
BRH:0
end_of_record
TN:
SF:src/lib/config.ts
FNF:0
FNH:0
DA:1,0
LF:1
LH:0
BRF:0
BRH:0
end_of_record
TN:
SF:src/lib/prisma.ts
FNF:0
FNH:0
DA:2,0
LF:1
LH:0
BRF:0
BRH:0
end_of_record
TN:
SF:src/lib/ai/analyzers/document.analyzer.ts
FN:8,(anonymous_2)
FN:14,(anonymous_3)
FN:54,(anonymous_4)
FNF:3
FNH:0
FNDA:0,(anonymous_2)
FNDA:0,(anonymous_3)
FNDA:0,(anonymous_4)
DA:1,0
DA:3,0
DA:5,0
DA:9,0
DA:16,0
DA:19,0
DA:41,0
DA:43,0
DA:57,0
LF:9
LH:0
BRDA:41,0,0,0
BRDA:41,0,1,0
BRDA:44,1,0,0
BRDA:44,1,1,0
BRDA:45,2,0,0
BRDA:45,2,1,0
BRDA:46,3,0,0
BRDA:46,3,1,0
BRDA:47,4,0,0
BRDA:47,4,1,0
BRDA:48,5,0,0
BRDA:48,5,1,0
BRDA:49,6,0,0
BRDA:49,6,1,0
BRDA:50,7,0,0
BRDA:50,7,1,0
BRF:16
BRH:0
end_of_record
TN:
SF:src/lib/ai/orchestrator/base.orchestrator.ts
FN:11,(anonymous_1)
FN:16,(anonymous_2)
FN:30,(anonymous_3)
FN:48,(anonymous_4)
FNF:4
FNH:0
FNDA:0,(anonymous_1)
FNDA:0,(anonymous_2)
FNDA:0,(anonymous_3)
FNDA:0,(anonymous_4)
DA:1,0
DA:2,0
DA:3,0
DA:6,0
DA:9,0
DA:12,0
DA:13,0
DA:17,0
DA:19,0
DA:20,0
DA:23,0
DA:24,0
DA:27,0
DA:28,0
DA:31,0
DA:32,0
DA:36,0
DA:43,0
DA:44,0
DA:49,0
DA:55,0
LF:21
LH:0
BRF:0
BRH:0
end_of_record
TN:
SF:src/lib/ai/orchestrator/processing.pipeline.ts
FN:9,(anonymous_1)
FN:11,(anonymous_2)
FNF:2
FNH:0
FNDA:0,(anonymous_1)
FNDA:0,(anonymous_2)
DA:8,0
DA:9,0
DA:12,0
DA:14,0
DA:17,0
DA:18,0
DA:21,0
DA:22,0
DA:25,0
DA:27,0
DA:37,0
DA:38,0
LF:12
LH:0
BRF:0
BRH:0
end_of_record
TN:
SF:src/lib/ai/strategies/base.strategy.ts
FN:13,(anonymous_1)
FN:19,(anonymous_2)
FN:24,(anonymous_3)
FNF:3
FNH:0
FNDA:0,(anonymous_1)
FNDA:0,(anonymous_2)
FNDA:0,(anonymous_3)
DA:10,0
DA:14,0
DA:21,0
DA:26,0
LF:4
LH:0
BRF:0
BRH:0
end_of_record
TN:
SF:src/lib/ai/strategies/general.strategy.ts
FN:8,(anonymous_2)
FN:15,(anonymous_3)
FNF:2
FNH:0
FNDA:0,(anonymous_2)
FNDA:0,(anonymous_3)
DA:1,0
DA:2,0
DA:5,0
DA:9,0
DA:10,0
DA:16,0
DA:19,0
DA:33,0
DA:34,0
LF:9
LH:0
BRDA:33,0,0,0
BRDA:33,0,1,0
BRF:2
BRH:0
end_of_record
TN:
SF:src/lib/ai/strategies/strategy.selector.ts
FN:23,(anonymous_1)
FNF:1
FNH:0
FNDA:0,(anonymous_1)
DA:3,0
DA:4,0
DA:13,0
DA:14,0
DA:28,0
DA:31,0
LF:6
LH:0
BRDA:28,0,0,0
BRDA:28,0,1,0
BRF:2
BRH:0
end_of_record
TN:
SF:src/lib/ai/strategies/technical.strategy.ts
FNF:0
FNH:0
DA:1,0
DA:3,0
LF:2
LH:0
BRF:0
BRH:0
end_of_record
TN:
SF:src/lib/api/translation.ts
FN:21,translateText
FNF:1
FNH:0
FNDA:0,translateText
DA:21,0
DA:22,0
DA:23,0
DA:29,0
DA:31,0
LF:5
LH:0
BRF:0
BRH:0
end_of_record
TN:
SF:src/lib/auth/api-key.ts
FN:8,generateApiKey
FN:14,validateApiKey
FN:58,trackApiRequest
FN:89,checkRateLimit
FNF:4
FNH:0
FNDA:0,generateApiKey
FNDA:0,validateApiKey
FNDA:0,trackApiRequest
FNDA:0,checkRateLimit
DA:1,0
DA:2,0
DA:3,0
DA:5,0
DA:8,0
DA:9,0
DA:10,0
DA:14,0
DA:15,0
DA:16,0
DA:26,0
DA:27,0
DA:31,0
DA:32,0
DA:36,0
DA:44,0
DA:52,0
DA:53,0
DA:58,0
DA:70,0
DA:71,0
DA:83,0
DA:84,0
DA:89,0
DA:90,0
DA:92,0
DA:99,0
LF:27
LH:0
BRDA:8,0,0,0
BRDA:9,1,0,0
BRDA:9,1,1,0
BRDA:26,2,0,0
BRDA:31,3,0,0
BRDA:31,4,0,0
BRDA:31,4,1,0
BRF:7
BRH:0
end_of_record
TN:
SF:src/lib/auth/auth.service.ts
FN:5,(anonymous_6)
FN:29,(anonymous_7)
FN:52,(anonymous_8)
FN:54,(anonymous_9)
FN:60,(anonymous_10)
FNF:5
FNH:5
FNDA:5,(anonymous_6)
FNDA:2,(anonymous_7)
FNDA:4,(anonymous_8)
FNDA:128,(anonymous_9)
FNDA:2,(anonymous_10)
DA:1,1
DA:2,1
DA:4,0
DA:6,5
DA:7,5
DA:12,4
DA:13,2
DA:17,2
DA:22,2
DA:24,1
DA:25,1
DA:39,2
DA:40,2
DA:48,1
DA:53,4
DA:54,4
DA:55,128
DA:57,4
DA:61,2
DA:65,2
DA:66,1
DA:69,1
DA:79,12
LF:23
LH:22
BRDA:12,0,0,2
BRDA:12,1,0,4
BRDA:12,1,1,3
BRDA:53,2,0,0
BRDA:53,2,1,4
BRDA:65,3,0,1
BRF:6
BRH:5
end_of_record
TN:
SF:src/lib/parsers/docx.ts
FN:3,parseDOCX
FNF:1
FNH:0
FNDA:0,parseDOCX
DA:1,0
DA:3,0
DA:4,0
DA:5,0
DA:6,0
DA:8,0
DA:9,0
LF:7
LH:0
BRF:0
BRH:0
end_of_record
TN:
SF:src/lib/parsers/index.ts
FN:3,parseFile
FN:19,getFileInfo
FN:36,formatFileSize
FNF:3
FNH:0
FNDA:0,parseFile
FNDA:0,getFileInfo
FNDA:0,formatFileSize
DA:1,0
DA:3,0
DA:4,0
DA:5,0
DA:7,0
DA:9,0
DA:10,0
DA:11,0
DA:12,0
DA:13,0
DA:15,0
DA:19,0
DA:20,0
DA:21,0
DA:23,0
DA:24,0
DA:25,0
DA:26,0
DA:28,0
DA:37,0
DA:38,0
DA:39,0
DA:40,0
DA:41,0
LF:24
LH:0
BRDA:7,0,0,0
BRDA:7,0,1,0
BRDA:10,1,0,0
BRDA:10,1,1,0
BRDA:10,2,0,0
BRDA:10,2,1,0
BRDA:12,3,0,0
BRDA:12,3,1,0
BRDA:23,4,0,0
BRDA:23,4,1,0
BRDA:24,5,0,0
BRDA:24,5,1,0
BRDA:25,6,0,0
BRDA:25,6,1,0
BRDA:26,7,0,0
BRDA:37,8,0,0
BRF:16
BRH:0
end_of_record
TN:
SF:src/lib/services/openai-translate.service.ts
FN:8,(anonymous_5)
FN:14,(anonymous_6)
FN:45,(anonymous_7)
FNF:3
FNH:0
FNDA:0,(anonymous_5)
FNDA:0,(anonymous_6)
FNDA:0,(anonymous_7)
DA:1,0
DA:2,0
DA:3,0
DA:5,0
DA:9,0
DA:19,0
DA:20,0
DA:22,0
DA:38,0
DA:40,0
DA:41,0
DA:46,0
DA:56,0
LF:13
LH:0
BRDA:17,0,0,0
BRDA:20,1,0,0
BRDA:20,1,1,0
BRDA:38,2,0,0
BRDA:38,2,1,0
BRDA:56,3,0,0
BRDA:56,3,1,0
BRF:7
BRH:0
end_of_record
TN:
SF:src/lib/services/chunker/chunker.service.ts
FN:11,(anonymous_1)
FN:18,(anonymous_2)
FN:40,(anonymous_3)
FN:52,(anonymous_4)
FNF:4
FNH:3
FNDA:9,(anonymous_1)
FNDA:10,(anonymous_2)
FNDA:10,(anonymous_3)
FNDA:0,(anonymous_4)
DA:2,1
DA:3,1
DA:8,1
DA:12,9
DA:13,9
DA:14,9
DA:15,9
DA:23,10
DA:25,10
DA:26,10
DA:27,0
DA:30,10
DA:38,10
DA:40,10
DA:42,10
DA:54,0
DA:56,0
DA:59,0
LF:18
LH:14
BRDA:26,0,0,0
BRDA:31,1,0,5
BRDA:31,1,1,5
BRDA:31,2,0,2
BRDA:31,2,1,3
BRDA:32,3,0,5
BRDA:32,3,1,5
BRDA:56,4,0,0
BRDA:56,4,1,0
BRDA:57,5,0,0
BRDA:57,5,1,0
BRF:11
BRH:6
end_of_record
TN:
SF:src/lib/services/chunker/index.ts
FNF:0
FNH:0
DA:2,1
LF:1
LH:1
BRF:0
BRH:0
end_of_record
TN:
SF:src/lib/services/chunker/src/index.ts
FN:14,(anonymous_4)
FN:26,(anonymous_5)
FNF:2
FNH:0
FNDA:0,(anonymous_4)
FNDA:0,(anonymous_5)
DA:1,0
DA:2,0
DA:7,0
DA:8,0
DA:19,0
DA:20,0
DA:22,0
DA:23,0
DA:27,0
DA:29,0
DA:36,0
DA:43,0
DA:53,0
LF:13
LH:0
BRDA:16,0,0,0
BRDA:27,1,0,0
BRDA:27,1,1,0
BRDA:27,1,2,0
BRF:4
BRH:0
end_of_record
TN:
SF:src/lib/services/chunker/src/strategies/base.strategy.ts
FNF:0
FNH:0
DA:32,0
LF:1
LH:0
BRF:0
BRH:0
end_of_record
TN:
SF:src/lib/services/chunker/src/strategies/basic.strategy.ts
FN:5,(anonymous_1)
FN:58,(anonymous_2)
FN:63,(anonymous_3)
FN:69,(anonymous_4)
FN:87,(anonymous_5)
FNF:5
FNH:0
FNDA:0,(anonymous_1)
FNDA:0,(anonymous_2)
FNDA:0,(anonymous_3)
FNDA:0,(anonymous_4)
FNDA:0,(anonymous_5)
DA:1,0
DA:2,0
DA:4,0
DA:6,0
DA:7,0
DA:9,0
DA:10,0
DA:11,0
DA:12,0
DA:14,0
DA:15,0
DA:17,0
DA:19,0
DA:27,0
DA:28,0
DA:29,0
DA:30,0
DA:32,0
DA:33,0
DA:35,0
DA:37,0
DA:38,0
DA:43,0
DA:44,0
DA:53,0
DA:55,0
DA:60,0
DA:64,0
DA:65,0
DA:66,0
DA:75,0
DA:88,0
DA:89,0
DA:90,0
DA:92,0
DA:93,0
LF:36
LH:0
BRDA:17,0,0,0
BRDA:17,0,1,0
BRDA:17,1,0,0
BRDA:17,1,1,0
BRDA:27,2,0,0
BRDA:27,2,1,0
BRDA:43,3,0,0
BRDA:60,4,0,0
BRDA:60,4,1,0
BRDA:89,5,0,0
BRDA:92,6,0,0
BRF:11
BRH:0
end_of_record
TN:
SF:src/lib/services/chunker/src/strategies/smart.strategy.ts
FN:4,(anonymous_4)
FN:26,(anonymous_5)
FN:46,(anonymous_6)
FN:59,(anonymous_7)
FN:66,(anonymous_8)
FN:68,(anonymous_9)
FN:71,(anonymous_10)
FN:76,(anonymous_11)
FN:82,(anonymous_12)
FN:89,(anonymous_13)
FN:96,(anonymous_14)
FN:114,(anonymous_15)
FN:121,(anonymous_16)
FN:154,(anonymous_17)
FN:173,(anonymous_18)
FN:178,(anonymous_19)
FN:183,(anonymous_20)
FNF:17
FNH:0
FNDA:0,(anonymous_4)
FNDA:0,(anonymous_5)
FNDA:0,(anonymous_6)
FNDA:0,(anonymous_7)
FNDA:0,(anonymous_8)
FNDA:0,(anonymous_9)
FNDA:0,(anonymous_10)
FNDA:0,(anonymous_11)
FNDA:0,(anonymous_12)
FNDA:0,(anonymous_13)
FNDA:0,(anonymous_14)
FNDA:0,(anonymous_15)
FNDA:0,(anonymous_16)
FNDA:0,(anonymous_17)
FNDA:0,(anonymous_18)
FNDA:0,(anonymous_19)
FNDA:0,(anonymous_20)
DA:1,0
DA:2,0
DA:4,0
DA:25,0
DA:27,0
DA:28,0
DA:29,0
DA:31,0
DA:32,0
DA:33,0
DA:34,0
DA:36,0
DA:37,0
DA:40,0
DA:41,0
DA:45,0
DA:47,0
DA:48,0
DA:60,0
DA:61,0
DA:62,0
DA:63,0
DA:65,0
DA:66,0
DA:68,0
DA:72,0
DA:73,0
DA:77,0
DA:78,0
DA:79,0
DA:83,0
DA:84,0
DA:85,0
DA:86,0
DA:90,0
DA:91,0
DA:95,0
DA:97,0
DA:98,0
DA:99,0
DA:100,0
DA:102,0
DA:103,0
DA:104,0
DA:106,0
DA:107,0
DA:108,0
DA:110,0
DA:113,0
DA:114,0
DA:117,0
DA:118,0
DA:128,0
DA:129,0
DA:130,0
DA:132,0
DA:133,0
DA:134,0
DA:137,0
DA:138,0
DA:139,0
DA:140,0
DA:141,0
DA:142,0
DA:143,0
DA:150,0
DA:161,0
DA:174,0
DA:175,0
DA:180,0
DA:184,0
DA:185,0
DA:186,0
LF:73
LH:0
BRDA:4,0,0,0
BRDA:4,0,1,0
BRDA:4,1,0,0
BRDA:4,1,1,0
BRDA:32,2,0,0
BRDA:32,2,1,0
BRDA:33,3,0,0
BRDA:33,3,1,0
BRDA:36,4,0,0
BRDA:40,5,0,0
BRDA:63,6,0,0
BRDA:63,7,0,0
BRDA:63,7,1,0
BRDA:72,8,0,0
BRDA:72,8,1,0
BRDA:77,9,0,0
BRDA:77,9,1,0
BRDA:78,10,0,0
BRDA:78,10,1,0
BRDA:83,11,0,0
BRDA:84,12,0,0
BRDA:85,13,0,0
BRDA:90,14,0,0
BRDA:90,14,1,0
BRDA:97,15,0,0
BRDA:97,15,1,0
BRDA:98,16,0,0
BRDA:98,16,1,0
BRDA:99,17,0,0
BRDA:99,17,1,0
BRDA:100,18,0,0
BRDA:100,18,1,0
BRDA:113,19,0,0
BRDA:129,20,0,0
BRDA:129,20,1,0
BRDA:132,21,0,0
BRF:36
BRH:0
end_of_record
TN:
SF:src/lib/services/chunker/strategies/base.strategy.ts
FN:13,(anonymous_1)
FN:17,(anonymous_2)
FN:22,(anonymous_3)
FN:36,(anonymous_4)
FNF:4
FNH:0
FNDA:0,(anonymous_1)
FNDA:0,(anonymous_2)
FNDA:0,(anonymous_3)
FNDA:0,(anonymous_4)
DA:3,2
DA:4,27
DA:14,0
DA:19,0
DA:24,0
DA:33,0
DA:37,0
DA:38,0
DA:40,0
DA:41,0
DA:42,0
DA:43,0
LF:12
LH:2
BRDA:37,0,0,0
BRDA:40,1,0,0
BRDA:41,2,0,0
BRDA:42,3,0,0
BRF:4
BRH:0
end_of_record
TN:
SF:src/lib/services/chunker/strategies/basic.strategy.ts
FN:6,(anonymous_1)
FNF:1
FNH:0
FNDA:0,(anonymous_1)
DA:1,0
DA:3,0
DA:5,0
DA:7,0
DA:8,0
DA:10,0
DA:11,0
DA:13,0
DA:14,0
DA:15,0
DA:17,0
DA:27,0
DA:30,0
LF:13
LH:0
BRDA:8,0,0,0
BRDA:8,0,1,0
BRF:2
BRH:0
end_of_record
TN:
SF:src/lib/services/chunker/strategies/simple-safe.strategy.ts
FN:7,(anonymous_1)
FNF:1
FNH:0
FNDA:0,(anonymous_1)
DA:1,0
DA:4,0
DA:8,0
DA:10,0
DA:11,0
DA:15,0
DA:18,0
DA:19,0
DA:40,0
DA:41,0
DA:43,0
DA:44,0
DA:45,0
DA:46,0
DA:47,0
DA:49,0
DA:51,0
DA:52,0
DA:54,0
DA:55,0
DA:58,0
DA:60,0
DA:61,0
DA:62,0
DA:65,0
DA:77,0
DA:81,0
DA:82,0
DA:83,0
DA:87,0
DA:90,0
DA:91,0
DA:92,0
DA:94,0
DA:98,0
DA:99,0
DA:102,0
DA:103,0
LF:38
LH:0
BRDA:10,0,0,0
BRDA:10,1,0,0
BRDA:10,1,1,0
BRDA:18,2,0,0
BRDA:35,3,0,0
BRDA:35,3,1,0
BRDA:51,4,0,0
BRDA:51,4,1,0
BRDA:60,5,0,0
BRDA:61,6,0,0
BRDA:81,7,0,0
BRDA:90,8,0,0
BRDA:90,8,1,0
BRDA:98,9,0,0
BRF:14
BRH:0
end_of_record
TN:
SF:src/lib/services/chunker/strategies/simple.strategy.ts
FN:6,(anonymous_3)
FNF:1
FNH:1
FNDA:5,(anonymous_3)
DA:1,1
DA:3,1
DA:5,9
DA:7,5
DA:8,5
DA:9,5
DA:11,5
DA:12,5
DA:14,5
DA:15,4
DA:16,4
DA:17,4
DA:19,4
DA:29,4
DA:30,4
DA:33,5
DA:37,0
LF:17
LH:16
BRDA:8,0,0,5
BRDA:8,0,1,0
BRDA:9,1,0,5
BRDA:9,1,1,0
BRDA:30,2,0,4
BRF:5
BRH:3
end_of_record
TN:
SF:src/lib/services/chunker/strategies/smart-fixed.strategy.ts
FN:12,countTokens
FN:63,(anonymous_6)
FN:114,(anonymous_8)
FN:116,(anonymous_9)
FN:117,(anonymous_10)
FN:122,(anonymous_11)
FN:145,(anonymous_12)
FN:146,(anonymous_13)
FN:156,(anonymous_14)
FN:158,(anonymous_15)
FN:161,(anonymous_16)
FN:171,(anonymous_17)
FN:180,(anonymous_18)
FN:185,(anonymous_19)
FN:199,(anonymous_20)
FN:213,(anonymous_21)
FN:217,(anonymous_22)
FN:222,(anonymous_23)
FN:233,(anonymous_24)
FN:239,(anonymous_25)
FN:248,(anonymous_26)
FN:249,(anonymous_27)
FN:250,(anonymous_28)
FN:273,(anonymous_30)
FN:277,(anonymous_31)
FN:281,(anonymous_32)
FN:333,(anonymous_33)
FN:399,(anonymous_34)
FN:422,(anonymous_35)
FN:430,(anonymous_36)
FN:441,(anonymous_37)
FN:456,(anonymous_38)
FNF:32
FNH:0
FNDA:0,countTokens
FNDA:0,(anonymous_6)
FNDA:0,(anonymous_8)
FNDA:0,(anonymous_9)
FNDA:0,(anonymous_10)
FNDA:0,(anonymous_11)
FNDA:0,(anonymous_12)
FNDA:0,(anonymous_13)
FNDA:0,(anonymous_14)
FNDA:0,(anonymous_15)
FNDA:0,(anonymous_16)
FNDA:0,(anonymous_17)
FNDA:0,(anonymous_18)
FNDA:0,(anonymous_19)
FNDA:0,(anonymous_20)
FNDA:0,(anonymous_21)
FNDA:0,(anonymous_22)
FNDA:0,(anonymous_23)
FNDA:0,(anonymous_24)
FNDA:0,(anonymous_25)
FNDA:0,(anonymous_26)
FNDA:0,(anonymous_27)
FNDA:0,(anonymous_28)
FNDA:0,(anonymous_30)
FNDA:0,(anonymous_31)
FNDA:0,(anonymous_32)
FNDA:0,(anonymous_33)
FNDA:0,(anonymous_34)
FNDA:0,(anonymous_35)
FNDA:0,(anonymous_36)
FNDA:0,(anonymous_37)
FNDA:0,(anonymous_38)
DA:1,0
DA:3,0
DA:4,0
DA:5,0
DA:8,0
DA:9,0
DA:14,0
DA:15,0
DA:19,0
DA:21,0
DA:24,0
DA:28,0
DA:29,0
DA:30,0
DA:32,0
DA:34,0
DA:60,0
DA:61,0
DA:64,0
DA:65,0
DA:68,0
DA:70,0
DA:71,0
DA:73,0
DA:75,0
DA:78,0
DA:81,0
DA:82,0
DA:83,0
DA:84,0
DA:85,0
DA:87,0
DA:88,0
DA:89,0
DA:92,0
DA:93,0
DA:97,0
DA:98,0
DA:101,0
DA:106,0
DA:108,0
DA:116,0
DA:117,0
DA:119,0
DA:123,0
DA:126,0
DA:128,0
DA:141,0
DA:142,0
DA:146,0
DA:147,0
DA:149,0
DA:150,0
DA:151,0
DA:155,0
DA:156,0
DA:158,0
DA:163,0
DA:164,0
DA:167,0
DA:168,0
DA:173,0
DA:177,0
DA:179,0
DA:180,0
DA:182,0
DA:187,0
DA:188,0
DA:190,0
DA:191,0
DA:193,0
DA:194,0
DA:196,0
DA:200,0
DA:201,0
DA:203,0
DA:204,0
DA:205,0
DA:206,0
DA:210,0
DA:214,0
DA:218,0
DA:223,0
DA:226,0
DA:231,0
DA:232,0
DA:233,0
DA:236,0
DA:241,0
DA:242,0
DA:243,0
DA:244,0
DA:245,0
DA:249,0
DA:250,0
DA:252,0
DA:254,0
DA:255,0
DA:256,0
DA:259,0
DA:260,0
DA:262,0
DA:267,0
DA:274,0
DA:278,0
DA:282,0
DA:291,0
DA:292,0
DA:295,0
DA:296,0
DA:300,0
DA:306,0
DA:307,0
DA:310,0
DA:311,0
DA:312,0
DA:318,0
DA:319,0
DA:323,0
DA:324,0
DA:328,0
DA:330,0
DA:339,0
DA:340,0
DA:341,0
DA:342,0
DA:345,0
DA:346,0
DA:353,0
DA:357,0
DA:358,0
DA:361,0
DA:362,0
DA:364,0
DA:365,0
DA:367,0
DA:368,0
DA:371,0
DA:372,0
DA:375,0
DA:377,0
DA:378,0
DA:385,0
DA:389,0
DA:392,0
DA:393,0
DA:396,0
DA:406,0
DA:423,0
DA:424,0
DA:425,0
DA:426,0
DA:427,0
DA:431,0
DA:438,0
DA:443,0
DA:445,0
DA:446,0
DA:449,0
DA:450,0
DA:453,0
DA:457,0
DA:458,0
DA:460,0
DA:461,0
DA:463,0
DA:464,0
LF:167
LH:0
BRDA:14,0,0,0
BRDA:28,1,0,0
BRDA:64,2,0,0
BRDA:64,2,1,0
BRDA:81,3,0,0
BRDA:81,3,1,0
BRDA:81,4,0,0
BRDA:81,4,1,0
BRDA:85,5,0,0
BRDA:85,5,1,0
BRDA:85,6,0,0
BRDA:85,6,1,0
BRDA:85,6,2,0
BRDA:92,7,0,0
BRDA:92,7,1,0
BRDA:97,8,0,0
BRDA:141,9,0,0
BRDA:141,9,1,0
BRDA:150,10,0,0
BRDA:151,11,0,0
BRDA:151,11,1,0
BRDA:164,12,0,0
BRDA:164,12,1,0
BRDA:173,13,0,0
BRDA:173,13,1,0
BRDA:177,14,0,0
BRDA:187,15,0,0
BRDA:190,16,0,0
BRDA:193,17,0,0
BRDA:204,18,0,0
BRDA:204,19,0,0
BRDA:204,19,1,0
BRDA:206,20,0,0
BRDA:218,21,0,0
BRDA:218,21,1,0
BRDA:232,22,0,0
BRDA:232,22,1,0
BRDA:241,23,0,0
BRDA:242,24,0,0
BRDA:243,25,0,0
BRDA:244,26,0,0
BRDA:252,27,0,0
BRDA:252,28,0,0
BRDA:252,28,1,0
BRDA:291,29,0,0
BRDA:291,30,0,0
BRDA:291,30,1,0
BRDA:295,31,0,0
BRDA:295,32,0,0
BRDA:295,32,1,0
BRDA:323,33,0,0
BRDA:342,34,0,0
BRDA:342,34,1,0
BRDA:345,35,0,0
BRDA:371,36,0,0
BRDA:377,37,0,0
BRDA:392,38,0,0
BRDA:393,39,0,0
BRDA:423,40,0,0
BRDA:424,41,0,0
BRDA:425,42,0,0
BRDA:426,43,0,0
BRDA:438,44,0,0
BRDA:438,44,1,0
BRDA:445,45,0,0
BRDA:445,46,0,0
BRDA:445,46,1,0
BRDA:449,47,0,0
BRDA:449,48,0,0
BRDA:449,48,1,0
BRDA:458,49,0,0
BRDA:458,49,1,0
BRDA:460,50,0,0
BRDA:463,51,0,0
BRF:74
BRH:0
end_of_record
TN:
SF:src/lib/services/chunker/strategies/smart-optimized.strategy.ts
FN:13,getTokenizer
FN:50,(anonymous_6)
FN:95,(anonymous_8)
FN:96,(anonymous_9)
FN:97,(anonymous_10)
FN:102,(anonymous_11)
FN:123,(anonymous_12)
FN:124,(anonymous_13)
FN:139,(anonymous_14)
FN:141,(anonymous_15)
FN:144,(anonymous_16)
FN:154,(anonymous_17)
FN:160,(anonymous_18)
FN:167,(anonymous_19)
FN:174,(anonymous_20)
FN:190,(anonymous_21)
FN:209,(anonymous_22)
FN:213,(anonymous_23)
FN:218,(anonymous_24)
FN:223,(anonymous_25)
FN:227,(anonymous_26)
FN:232,(anonymous_27)
FN:247,(anonymous_28)
FN:248,(anonymous_29)
FN:249,(anonymous_30)
FN:254,(anonymous_31)
FN:271,(anonymous_33)
FN:283,(anonymous_34)
FN:309,(anonymous_35)
FN:313,(anonymous_36)
FN:317,(anonymous_37)
FN:366,(anonymous_38)
FN:429,(anonymous_39)
FN:453,(anonymous_40)
FN:462,(anonymous_41)
FN:474,(anonymous_42)
FN:500,(anonymous_43)
FNF:37
FNH:0
FNDA:0,getTokenizer
FNDA:0,(anonymous_6)
FNDA:0,(anonymous_8)
FNDA:0,(anonymous_9)
FNDA:0,(anonymous_10)
FNDA:0,(anonymous_11)
FNDA:0,(anonymous_12)
FNDA:0,(anonymous_13)
FNDA:0,(anonymous_14)
FNDA:0,(anonymous_15)
FNDA:0,(anonymous_16)
FNDA:0,(anonymous_17)
FNDA:0,(anonymous_18)
FNDA:0,(anonymous_19)
FNDA:0,(anonymous_20)
FNDA:0,(anonymous_21)
FNDA:0,(anonymous_22)
FNDA:0,(anonymous_23)
FNDA:0,(anonymous_24)
FNDA:0,(anonymous_25)
FNDA:0,(anonymous_26)
FNDA:0,(anonymous_27)
FNDA:0,(anonymous_28)
FNDA:0,(anonymous_29)
FNDA:0,(anonymous_30)
FNDA:0,(anonymous_31)
FNDA:0,(anonymous_33)
FNDA:0,(anonymous_34)
FNDA:0,(anonymous_35)
FNDA:0,(anonymous_36)
FNDA:0,(anonymous_37)
FNDA:0,(anonymous_38)
FNDA:0,(anonymous_39)
FNDA:0,(anonymous_40)
FNDA:0,(anonymous_41)
FNDA:0,(anonymous_42)
FNDA:0,(anonymous_43)
DA:1,0
DA:3,0
DA:4,0
DA:5,0
DA:8,0
DA:9,0
DA:12,0
DA:14,0
DA:15,0
DA:17,0
DA:47,0
DA:48,0
DA:51,0
DA:52,0
DA:55,0
DA:57,0
DA:58,0
DA:60,0
DA:61,0
DA:64,0
DA:67,0
DA:68,0
DA:69,0
DA:70,0
DA:71,0
DA:73,0
DA:74,0
DA:75,0
DA:78,0
DA:79,0
DA:83,0
DA:84,0
DA:87,0
DA:92,0
DA:96,0
DA:97,0
DA:99,0
DA:103,0
DA:104,0
DA:106,0
DA:119,0
DA:120,0
DA:124,0
DA:125,0
DA:128,0
DA:132,0
DA:133,0
DA:134,0
DA:138,0
DA:139,0
DA:141,0
DA:146,0
DA:151,0
DA:152,0
DA:153,0
DA:154,0
DA:157,0
DA:162,0
DA:163,0
DA:165,0
DA:167,0
DA:168,0
DA:171,0
DA:176,0
DA:182,0
DA:183,0
DA:184,0
DA:187,0
DA:192,0
DA:193,0
DA:194,0
DA:196,0
DA:197,0
DA:198,0
DA:199,0
DA:200,0
DA:201,0
DA:206,0
DA:210,0
DA:214,0
DA:219,0
DA:222,0
DA:223,0
DA:226,0
DA:227,0
DA:229,0
DA:234,0
DA:241,0
DA:242,0
DA:244,0
DA:248,0
DA:249,0
DA:251,0
DA:253,0
DA:254,0
DA:255,0
DA:258,0
DA:259,0
DA:261,0
DA:266,0
DA:272,0
DA:274,0
DA:275,0
DA:276,0
DA:278,0
DA:285,0
DA:286,0
DA:290,0
DA:291,0
DA:292,0
DA:295,0
DA:299,0
DA:301,0
DA:302,0
DA:304,0
DA:306,0
DA:310,0
DA:314,0
DA:318,0
DA:327,0
DA:328,0
DA:332,0
DA:339,0
DA:340,0
DA:343,0
DA:344,0
DA:345,0
DA:351,0
DA:356,0
DA:357,0
DA:361,0
DA:363,0
DA:372,0
DA:373,0
DA:374,0
DA:375,0
DA:378,0
DA:379,0
DA:385,0
DA:389,0
DA:390,0
DA:393,0
DA:394,0
DA:395,0
DA:396,0
DA:398,0
DA:399,0
DA:402,0
DA:403,0
DA:406,0
DA:408,0
DA:409,0
DA:415,0
DA:419,0
DA:422,0
DA:423,0
DA:426,0
DA:435,0
DA:437,0
DA:455,0
DA:456,0
DA:457,0
DA:458,0
DA:459,0
DA:464,0
DA:471,0
DA:476,0
DA:477,0
DA:478,0
DA:480,0
DA:481,0
DA:484,0
DA:485,0
DA:487,0
DA:488,0
DA:489,0
DA:490,0
DA:491,0
DA:492,0
DA:497,0
DA:501,0
DA:502,0
DA:504,0
DA:505,0
DA:507,0
DA:508,0
LF:186
LH:0
BRDA:14,0,0,0
BRDA:51,1,0,0
BRDA:51,1,1,0
BRDA:67,2,0,0
BRDA:67,2,1,0
BRDA:67,3,0,0
BRDA:67,3,1,0
BRDA:71,4,0,0
BRDA:71,4,1,0
BRDA:71,5,0,0
BRDA:71,5,1,0
BRDA:71,5,2,0
BRDA:78,6,0,0
BRDA:78,6,1,0
BRDA:83,7,0,0
BRDA:119,8,0,0
BRDA:119,8,1,0
BRDA:133,9,0,0
BRDA:134,10,0,0
BRDA:134,10,1,0
BRDA:153,11,0,0
BRDA:153,11,1,0
BRDA:163,12,0,0
BRDA:163,12,1,0
BRDA:165,13,0,0
BRDA:183,14,0,0
BRDA:197,15,0,0
BRDA:197,15,1,0
BRDA:198,16,0,0
BRDA:200,17,0,0
BRDA:200,18,0,0
BRDA:200,18,1,0
BRDA:200,19,0,0
BRDA:200,19,1,0
BRDA:206,20,0,0
BRDA:206,20,1,0
BRDA:214,21,0,0
BRDA:214,21,1,0
BRDA:222,22,0,0
BRDA:222,22,1,0
BRDA:226,23,0,0
BRDA:226,23,1,0
BRDA:242,24,0,0
BRDA:251,25,0,0
BRDA:251,26,0,0
BRDA:251,26,1,0
BRDA:285,27,0,0
BRDA:299,28,0,0
BRDA:327,29,0,0
BRDA:327,30,0,0
BRDA:327,30,1,0
BRDA:356,31,0,0
BRDA:375,32,0,0
BRDA:375,32,1,0
BRDA:378,33,0,0
BRDA:402,34,0,0
BRDA:408,35,0,0
BRDA:422,36,0,0
BRDA:422,37,0,0
BRDA:422,37,1,0
BRDA:423,38,0,0
BRDA:455,39,0,0
BRDA:456,40,0,0
BRDA:457,41,0,0
BRDA:458,42,0,0
BRDA:471,43,0,0
BRDA:471,43,1,0
BRDA:488,44,0,0
BRDA:490,45,0,0
BRDA:502,46,0,0
BRDA:502,46,1,0
BRDA:504,47,0,0
BRDA:507,48,0,0
BRF:73
BRH:0
end_of_record
TN:
SF:src/lib/services/chunker/strategies/smart-production.strategy.ts
FN:12,debugLog
FN:21,getEncoder
FN:48,countTokens
FN:54,(anonymous_8)
FN:79,(anonymous_9)
FN:113,(anonymous_10)
FN:114,(anonymous_11)
FN:115,(anonymous_12)
FN:126,(anonymous_13)
FN:138,(anonymous_14)
FN:146,(anonymous_15)
FN:154,(anonymous_16)
FN:161,(anonymous_17)
FN:179,(anonymous_19)
FN:250,(anonymous_20)
FN:376,(anonymous_21)
FN:398,(anonymous_22)
FN:410,(anonymous_23)
FN:418,(anonymous_24)
FN:422,(anonymous_25)
FN:429,(anonymous_27)
FNF:21
FNH:18
FNDA:33,debugLog
FNDA:12,getEncoder
FNDA:12,countTokens
FNDA:4463,(anonymous_8)
FNDA:5,(anonymous_9)
FNDA:3,(anonymous_10)
FNDA:3,(anonymous_11)
FNDA:3,(anonymous_12)
FNDA:3,(anonymous_13)
FNDA:228,(anonymous_14)
FNDA:3,(anonymous_15)
FNDA:3,(anonymous_16)
FNDA:3,(anonymous_17)
FNDA:5,(anonymous_19)
FNDA:5,(anonymous_20)
FNDA:6,(anonymous_21)
FNDA:5,(anonymous_22)
FNDA:18,(anonymous_23)
FNDA:0,(anonymous_24)
FNDA:0,(anonymous_25)
FNDA:0,(anonymous_27)
DA:1,1
DA:3,1
DA:4,1
DA:10,1
DA:13,33
DA:14,0
DA:19,1
DA:22,12
DA:25,12
DA:26,1
DA:28,1
DA:29,1
DA:32,1
DA:37,12
DA:38,12
DA:39,0
DA:43,1
DA:44,1
DA:45,1
DA:49,12
DA:50,12
DA:51,0
DA:54,4463
DA:55,12
DA:78,0
DA:80,5
DA:81,5
DA:83,5
DA:84,5
DA:86,5
DA:87,5
DA:89,5
DA:91,5
DA:92,0
DA:93,0
DA:94,0
DA:96,5
DA:97,5
DA:101,5
DA:102,5
DA:105,5
DA:110,0
DA:111,18
DA:114,3
DA:115,3
DA:116,3
DA:117,3
DA:119,0
DA:123,3
DA:127,3
DA:129,3
DA:130,3
DA:133,3
DA:138,228
DA:142,3
DA:143,3
DA:147,3
DA:148,3
DA:149,3
DA:150,3
DA:151,3
DA:155,3
DA:156,3
DA:157,3
DA:158,3
DA:162,3
DA:163,3
DA:164,3
DA:165,3
DA:166,0
DA:167,0
DA:170,3
DA:175,18
DA:180,5
DA:192,5
DA:193,0
DA:196,5
DA:197,0
DA:200,5
DA:201,0
DA:205,5
DA:208,5
DA:214,5
DA:215,5
DA:217,5
DA:218,5
DA:221,5
DA:222,5
DA:223,5
DA:225,5
DA:231,5
DA:232,5
DA:235,5
DA:238,5
DA:239,3
DA:240,3
DA:241,3
DA:245,5
DA:247,5
DA:256,5
DA:257,5
DA:258,5
DA:260,5
DA:263,5
DA:264,5
DA:265,0
DA:266,0
DA:270,5
DA:271,4
DA:272,4
DA:279,4
DA:283,1
DA:284,1
DA:285,1
DA:287,1
DA:290,1
DA:291,0
DA:292,0
DA:299,0
DA:302,1
DA:303,1
DA:304,1
DA:305,1
DA:306,1
DA:308,1
DA:309,2
DA:312,2
DA:313,0
DA:317,2
DA:318,2
DA:321,2
DA:322,1
DA:323,1
DA:324,1
DA:328,2
DA:330,2
DA:331,2
DA:338,2
DA:342,2
DA:343,1
DA:344,1
DA:348,1
DA:351,1
DA:352,0
DA:356,1
DA:358,0
DA:360,1
DA:363,1
DA:366,1
DA:367,0
DA:368,0
DA:371,1
DA:373,1
DA:383,6
DA:399,5
DA:400,6
DA:401,6
DA:402,1
DA:404,6
DA:405,1
DA:411,18
DA:412,0
DA:413,0
DA:419,0
DA:423,0
DA:428,1
DA:429,1
DA:430,0
DA:431,0
DA:432,0
LF:170
LH:139
BRDA:13,0,0,0
BRDA:22,1,0,0
BRDA:25,2,0,1
BRDA:91,3,0,0
BRDA:91,3,1,5
BRDA:91,4,0,5
BRDA:91,4,1,1
BRDA:96,5,0,0
BRDA:96,5,1,5
BRDA:101,6,0,5
BRDA:117,7,0,0
BRDA:139,8,0,3
BRDA:139,8,1,0
BRDA:142,9,0,3
BRDA:142,9,1,0
BRDA:147,10,0,0
BRDA:148,11,0,0
BRDA:149,12,0,0
BRDA:150,13,0,0
BRDA:155,14,0,0
BRDA:156,15,0,0
BRDA:157,16,0,0
BRDA:165,17,0,0
BRDA:165,18,0,3
BRDA:165,18,1,3
BRDA:167,19,0,0
BRDA:181,20,0,5
BRDA:181,20,1,0
BRDA:182,21,0,5
BRDA:182,21,1,0
BRDA:183,22,0,5
BRDA:183,22,1,0
BRDA:184,23,0,5
BRDA:184,23,1,0
BRDA:192,24,0,0
BRDA:192,25,0,5
BRDA:192,25,1,5
BRDA:196,26,0,0
BRDA:196,27,0,5
BRDA:196,27,1,5
BRDA:196,27,2,5
BRDA:200,28,0,0
BRDA:200,29,0,5
BRDA:200,29,1,5
BRDA:238,30,0,3
BRDA:263,31,0,5
BRDA:263,31,1,0
BRDA:264,32,0,0
BRDA:270,33,0,4
BRDA:290,34,0,0
BRDA:308,35,0,2
BRDA:308,35,1,2
BRDA:312,36,0,0
BRDA:312,37,0,2
BRDA:312,37,1,0
BRDA:312,37,2,0
BRDA:321,38,0,1
BRDA:321,39,0,2
BRDA:321,39,1,1
BRDA:323,40,0,1
BRDA:323,41,0,1
BRDA:323,41,1,1
BRDA:330,42,0,2
BRDA:342,43,0,1
BRDA:351,44,0,0
BRDA:351,45,0,1
BRDA:351,45,1,0
BRDA:356,46,0,0
BRDA:356,46,1,1
BRDA:356,47,0,1
BRDA:356,47,1,1
BRDA:366,48,0,0
BRDA:400,49,0,6
BRDA:400,49,1,0
BRDA:401,50,0,1
BRDA:404,51,0,1
BRDA:411,52,0,0
BRDA:428,53,0,1
BRDA:430,54,0,0
BRF:79
BRH:43
end_of_record
TN:
SF:src/lib/services/chunker/strategies/smart.strategy.ts
FN:6,(anonymous_4)
FN:41,(anonymous_5)
FN:70,(anonymous_6)
FN:89,(anonymous_7)
FN:90,(anonymous_8)
FN:100,(anonymous_9)
FN:102,(anonymous_10)
FN:105,(anonymous_11)
FN:111,(anonymous_12)
FN:122,(anonymous_13)
FN:135,(anonymous_14)
FN:139,(anonymous_15)
FN:143,(anonymous_16)
FN:147,(anonymous_17)
FN:162,(anonymous_18)
FN:172,(anonymous_19)
FN:173,(anonymous_20)
FN:174,(anonymous_21)
FN:179,(anonymous_22)
FN:189,(anonymous_23)
FN:218,(anonymous_24)
FN:228,(anonymous_25)
FN:238,(anonymous_26)
FN:275,(anonymous_27)
FN:290,(anonymous_28)
FN:366,(anonymous_29)
FN:392,(anonymous_30)
FN:402,(anonymous_31)
FN:203,(anonymous_33)
FN:213,(anonymous_34)
FNF:30
FNH:0
FNDA:0,(anonymous_4)
FNDA:0,(anonymous_5)
FNDA:0,(anonymous_6)
FNDA:0,(anonymous_7)
FNDA:0,(anonymous_8)
FNDA:0,(anonymous_9)
FNDA:0,(anonymous_10)
FNDA:0,(anonymous_11)
FNDA:0,(anonymous_12)
FNDA:0,(anonymous_13)
FNDA:0,(anonymous_14)
FNDA:0,(anonymous_15)
FNDA:0,(anonymous_16)
FNDA:0,(anonymous_17)
FNDA:0,(anonymous_18)
FNDA:0,(anonymous_19)
FNDA:0,(anonymous_20)
FNDA:0,(anonymous_21)
FNDA:0,(anonymous_22)
FNDA:0,(anonymous_23)
FNDA:0,(anonymous_24)
FNDA:0,(anonymous_25)
FNDA:0,(anonymous_26)
FNDA:0,(anonymous_27)
FNDA:0,(anonymous_28)
FNDA:0,(anonymous_29)
FNDA:0,(anonymous_30)
FNDA:0,(anonymous_31)
FNDA:0,(anonymous_33)
FNDA:0,(anonymous_34)
DA:1,0
DA:3,0
DA:6,0
DA:7,0
DA:8,0
DA:10,0
DA:11,0
DA:12,0
DA:40,0
DA:42,0
DA:43,0
DA:44,0
DA:46,0
DA:47,0
DA:48,0
DA:50,0
DA:51,0
DA:53,0
DA:54,0
DA:56,0
DA:60,0
DA:61,0
DA:64,0
DA:69,0
DA:71,0
DA:72,0
DA:85,0
DA:86,0
DA:90,0
DA:91,0
DA:93,0
DA:95,0
DA:96,0
DA:99,0
DA:100,0
DA:102,0
DA:106,0
DA:107,0
DA:108,0
DA:112,0
DA:113,0
DA:115,0
DA:116,0
DA:118,0
DA:119,0
DA:123,0
DA:124,0
DA:126,0
DA:127,0
DA:129,0
DA:130,0
DA:132,0
DA:136,0
DA:140,0
DA:144,0
DA:148,0
DA:153,0
DA:154,0
DA:155,0
DA:156,0
DA:159,0
DA:163,0
DA:164,0
DA:166,0
DA:167,0
DA:168,0
DA:169,0
DA:173,0
DA:174,0
DA:176,0
DA:178,0
DA:179,0
DA:180,0
DA:183,0
DA:184,0
DA:186,0
DA:190,0
DA:193,0
DA:198,0
DA:204,0
DA:206,0
DA:209,0
DA:211,0
DA:213,0
DA:219,0
DA:220,0
DA:223,0
DA:229,0
DA:230,0
DA:231,0
DA:233,0
DA:239,0
DA:247,0
DA:248,0
DA:254,0
DA:255,0
DA:258,0
DA:259,0
DA:260,0
DA:267,0
DA:272,0
DA:273,0
DA:275,0
DA:278,0
DA:279,0
DA:285,0
DA:287,0
DA:297,0
DA:300,0
DA:301,0
DA:302,0
DA:305,0
DA:306,0
DA:313,0
DA:317,0
DA:318,0
DA:319,0
DA:321,0
DA:323,0
DA:324,0
DA:327,0
DA:328,0
DA:332,0
DA:333,0
DA:334,0
DA:336,0
DA:337,0
DA:338,0
DA:339,0
DA:343,0
DA:345,0
DA:346,0
DA:353,0
DA:357,0
DA:358,0
DA:360,0
DA:363,0
DA:374,0
DA:376,0
DA:397,0
DA:398,0
DA:399,0
DA:403,0
DA:404,0
DA:406,0
DA:407,0
DA:409,0
DA:410,0
LF:148
LH:0
BRDA:7,0,0,0
BRDA:7,1,0,0
BRDA:7,1,1,0
BRDA:47,2,0,0
BRDA:47,2,1,0
BRDA:50,3,0,0
BRDA:50,3,1,0
BRDA:53,4,0,0
BRDA:60,5,0,0
BRDA:85,6,0,0
BRDA:85,6,1,0
BRDA:95,7,0,0
BRDA:96,8,0,0
BRDA:96,8,1,0
BRDA:107,9,0,0
BRDA:107,9,1,0
BRDA:115,10,0,0
BRDA:115,10,1,0
BRDA:116,11,0,0
BRDA:116,11,1,0
BRDA:118,12,0,0
BRDA:123,13,0,0
BRDA:126,14,0,0
BRDA:129,15,0,0
BRDA:136,16,0,0
BRDA:136,16,1,0
BRDA:144,17,0,0
BRDA:144,17,1,0
BRDA:155,18,0,0
BRDA:155,18,1,0
BRDA:163,19,0,0
BRDA:166,20,0,0
BRDA:167,21,0,0
BRDA:168,22,0,0
BRDA:176,23,0,0
BRDA:272,24,0,0
BRDA:273,25,0,0
BRDA:273,25,1,0
BRDA:302,26,0,0
BRDA:302,26,1,0
BRDA:305,27,0,0
BRDA:327,28,0,0
BRDA:332,29,0,0
BRDA:336,30,0,0
BRDA:336,30,1,0
BRDA:336,31,0,0
BRDA:336,31,1,0
BRDA:338,32,0,0
BRDA:338,33,0,0
BRDA:338,33,1,0
BRDA:345,34,0,0
BRDA:360,35,0,0
BRDA:397,36,0,0
BRDA:404,37,0,0
BRDA:404,37,1,0
BRDA:406,38,0,0
BRDA:409,39,0,0
BRF:57
BRH:0
end_of_record
TN:
SF:src/lib/services/parser/index.ts
FN:6,(anonymous_1)
FN:10,(anonymous_2)
FN:19,(anonymous_3)
FNF:3
FNH:0
FNDA:0,(anonymous_1)
FNDA:0,(anonymous_2)
FNDA:0,(anonymous_3)
DA:1,0
DA:3,0
DA:4,0
DA:7,0
DA:11,0
DA:12,0
DA:14,0
DA:15,0
DA:16,0
DA:20,0
DA:21,0
DA:22,0
DA:23,0
DA:25,0
LF:14
LH:0
BRDA:21,0,0,0
BRF:1
BRH:0
end_of_record
TN:
SF:src/lib/services/parser/parsers/index.ts
FN:14,(anonymous_4)
FN:25,(anonymous_5)
FNF:2
FNH:0
FNDA:0,(anonymous_4)
FNDA:0,(anonymous_5)
DA:8,0
DA:13,0
DA:15,0
DA:16,0
DA:24,0
DA:26,0
LF:6
LH:0
BRF:0
BRH:0
end_of_record
TN:
SF:src/lib/services/parsers/file-parser.service.ts
FN:2,(anonymous_1)
FNF:1
FNH:0
FNDA:0,(anonymous_1)
DA:1,0
DA:3,0
DA:4,0
DA:6,0
DA:8,0
DA:11,0
DA:12,0
DA:16,0
DA:17,0
DA:21,0
DA:24,0
LF:11
LH:0
BRDA:8,0,0,0
BRDA:8,1,0,0
BRDA:8,1,1,0
BRDA:8,1,2,0
BRDA:12,2,0,0
BRDA:12,2,1,0
BRDA:16,3,0,0
BRDA:16,4,0,0
BRDA:16,4,1,0
BRF:9
BRH:0
end_of_record
TN:
SF:src/lib/services/queue/extraction-queue.service.ts
FN:11,(anonymous_1)
FN:15,(anonymous_2)
FNF:2
FNH:0
FNDA:0,(anonymous_1)
FNDA:0,(anonymous_2)
DA:7,0
DA:8,0
DA:10,0
DA:11,0
DA:15,0
DA:18,0
DA:19,0
DA:21,0
DA:28,0
DA:40,0
LF:10
LH:0
BRDA:7,0,0,0
BRDA:7,0,1,0
BRDA:22,1,0,0
BRDA:22,1,1,0
BRDA:23,2,0,0
BRDA:23,2,1,0
BRF:6
BRH:0
end_of_record
TN:
SF:src/lib/services/queue/queue.service.ts
FN:14,(anonymous_8)
FN:26,(anonymous_9)
FN:27,(anonymous_10)
FN:50,(anonymous_11)
FN:66,(anonymous_12)
FN:94,(anonymous_13)
FN:107,(anonymous_14)
FN:158,trackJobPerformance
FN:169,(anonymous_16)
FN:193,(anonymous_17)
FN:265,(anonymous_18)
FN:287,(anonymous_19)
FN:301,(anonymous_20)
FN:312,(anonymous_21)
FNF:14
FNH:9
FNDA:4,(anonymous_8)
FNDA:2,(anonymous_9)
FNDA:0,(anonymous_10)
FNDA:0,(anonymous_11)
FNDA:0,(anonymous_12)
FNDA:0,(anonymous_13)
FNDA:0,(anonymous_14)
FNDA:4,trackJobPerformance
FNDA:4,(anonymous_16)
FNDA:4,(anonymous_17)
FNDA:1,(anonymous_18)
FNDA:1,(anonymous_19)
FNDA:1,(anonymous_20)
FNDA:1,(anonymous_21)
DA:1,1
DA:10,1
DA:11,1
DA:13,1
DA:15,4
DA:20,4
DA:26,2
DA:30,0
DA:31,0
DA:34,0
DA:35,0
DA:37,0
DA:38,0
DA:39,0
DA:43,0
DA:50,0
DA:51,0
DA:52,0
DA:54,0
DA:66,0
DA:67,0
DA:68,0
DA:75,0
DA:94,0
DA:95,0
DA:107,0
DA:108,0
DA:123,0
DA:158,0
DA:159,4
DA:166,4
DA:168,4
DA:170,4
DA:172,4
DA:184,4
DA:192,8
DA:202,4
DA:204,4
DA:206,4
DA:208,4
DA:209,2
DA:210,2
DA:211,2
DA:212,2
DA:214,0
DA:216,2
DA:217,1
DA:218,1
DA:219,1
DA:221,0
DA:225,4
DA:241,4
DA:251,4
DA:253,4
DA:254,4
DA:256,0
DA:257,0
DA:261,0
DA:266,1
DA:267,1
DA:268,1
DA:270,0
DA:271,0
DA:273,0
DA:281,0
DA:282,0
DA:288,1
DA:289,1
DA:290,1
DA:292,0
DA:293,0
DA:294,0
DA:296,0
DA:297,0
DA:302,1
DA:303,1
DA:304,0
DA:305,0
DA:307,1
DA:308,1
DA:313,1
DA:314,1
DA:322,0
DA:331,1
DA:332,1
DA:338,1
LF:86
LH:46
BRDA:10,0,0,1
BRDA:10,0,1,0
BRDA:18,1,0,4
BRDA:18,1,1,0
BRDA:37,2,0,0
BRDA:37,3,0,0
BRDA:37,3,1,0
BRDA:101,4,0,0
BRDA:101,4,1,0
BRDA:112,5,0,0
BRDA:112,5,1,0
BRDA:175,6,0,4
BRDA:175,6,1,0
BRDA:208,7,0,2
BRDA:208,7,1,2
BRDA:216,8,0,1
BRDA:216,8,1,1
BRDA:218,9,0,1
BRDA:218,9,1,0
BRDA:218,10,0,1
BRDA:218,10,1,0
BRDA:230,11,0,4
BRDA:230,11,1,0
BRDA:231,12,0,4
BRDA:231,12,1,0
BRDA:236,13,0,4
BRDA:236,13,1,0
BRDA:237,14,0,4
BRDA:237,14,1,0
BRDA:247,15,0,4
BRDA:247,15,1,2
BRDA:254,16,0,4
BRDA:254,16,1,0
BRDA:268,17,0,1
BRDA:290,18,0,1
BRF:35
BRH:18
end_of_record
TN:
SF:src/lib/services/queue/redis-config.ts
FN:3,createRedisConnection
FNF:1
FNH:0
FNDA:0,createRedisConnection
DA:1,0
DA:3,0
DA:5,0
DA:6,0
DA:15,0
LF:5
LH:0
BRDA:5,0,0,0
BRDA:5,1,0,0
BRDA:5,1,1,0
BRDA:16,2,0,0
BRDA:16,2,1,0
BRDA:17,3,0,0
BRDA:17,3,1,0
BRF:7
BRH:0
end_of_record
TN:
SF:src/lib/services/queue/redis-connection.ts
FN:1,getIORedisConnection
FNF:1
FNH:0
FNDA:0,getIORedisConnection
DA:1,0
DA:2,0
DA:3,0
DA:8,0
DA:9,0
DA:10,0
DA:14,0
DA:17,0
LF:8
LH:0
BRDA:8,0,0,0
BRDA:8,1,0,0
BRDA:8,1,1,0
BRF:3
BRH:0
end_of_record
TN:
SF:src/lib/services/queue/redis.ts
FN:5,getRedisConnection
FN:12,(anonymous_5)
FN:18,(anonymous_6)
FN:22,(anonymous_7)
FN:30,closeRedisConnection
FNF:5
FNH:0
FNDA:0,getRedisConnection
FNDA:0,(anonymous_5)
FNDA:0,(anonymous_6)
FNDA:0,(anonymous_7)
FNDA:0,closeRedisConnection
DA:1,0
DA:3,0
DA:5,0
DA:6,0
DA:7,0
DA:9,0
DA:13,0
DA:14,0
DA:18,0
DA:19,0
DA:22,0
DA:23,0
DA:27,0
DA:30,0
DA:31,0
DA:32,0
DA:33,0
LF:17
LH:0
BRDA:6,0,0,0
BRDA:7,1,0,0
BRDA:7,1,1,0
BRDA:31,2,0,0
BRF:4
BRH:0
end_of_record
TN:
SF:src/lib/services/queue/test-queue.ts
FN:1,testQueue
FN:22,(anonymous_1)
FNF:2
FNH:0
FNDA:0,testQueue
FNDA:0,(anonymous_1)
DA:2,0
DA:4,0
DA:5,0
DA:15,0
DA:16,0
DA:18,0
DA:19,0
DA:21,0
DA:22,0
DA:23,0
DA:24,0
DA:25,0
DA:26,0
DA:27,0
DA:29,0
DA:30,0
DA:32,0
DA:35,0
DA:36,0
DA:40,0
DA:43,0
DA:47,0
LF:22
LH:0
BRDA:18,0,0,0
BRDA:29,1,0,0
BRDA:29,1,1,0
BRDA:29,2,0,0
BRDA:29,2,1,0
BRDA:29,2,2,0
BRF:6
BRH:0
end_of_record
TN:
SF:src/lib/services/queue/translation.queue.ts
FNF:0
FNH:0
DA:1,0
DA:3,0
DA:6,0
DA:25,0
LF:4
LH:0
BRF:0
BRH:0
end_of_record
TN:
SF:src/lib/services/queue/worker.ts
FN:35,(anonymous_5)
FN:40,(anonymous_6)
FN:46,(anonymous_7)
FN:66,(anonymous_8)
FN:100,(anonymous_9)
FN:104,(anonymous_10)
FN:109,(anonymous_11)
FNF:7
FNH:0
FNDA:0,(anonymous_5)
FNDA:0,(anonymous_6)
FNDA:0,(anonymous_7)
FNDA:0,(anonymous_8)
FNDA:0,(anonymous_9)
FNDA:0,(anonymous_10)
FNDA:0,(anonymous_11)
DA:1,0
DA:2,0
DA:4,0
DA:5,0
DA:7,0
DA:8,0
DA:13,0
DA:14,0
DA:16,0
DA:18,0
DA:19,0
DA:23,0
DA:28,0
DA:35,0
DA:36,0
DA:37,0
DA:40,0
DA:41,0
DA:44,0
DA:47,0
DA:48,0
DA:50,0
DA:51,0
DA:53,0
DA:54,0
DA:56,0
DA:57,0
DA:58,0
DA:61,0
DA:63,0
DA:65,0
DA:68,0
DA:69,0
DA:71,0
DA:72,0
DA:73,0
DA:76,0
DA:77,0
DA:79,0
DA:83,0
DA:89,0
DA:90,0
DA:93,0
DA:94,0
DA:100,0
DA:101,0
DA:104,0
DA:105,0
DA:106,0
DA:109,0
DA:110,0
DA:113,0
LF:52
LH:0
BRDA:16,0,0,0
BRDA:16,1,0,0
BRDA:16,1,1,0
BRDA:23,2,0,0
BRDA:23,2,1,0
BRDA:25,3,0,0
BRDA:25,3,1,0
BRDA:30,4,0,0
BRDA:30,4,1,0
BRDA:61,5,0,0
BRDA:61,5,1,0
BRDA:61,6,0,0
BRDA:61,6,1,0
BRDA:72,7,0,0
BRDA:72,7,1,0
BRDA:72,8,0,0
BRDA:72,8,1,0
BRDA:72,8,2,0
BRF:18
BRH:0
end_of_record
TN:
SF:src/lib/services/queue/workers/pdf-extractor.worker.ts
FN:21,(anonymous_5)
FN:25,(anonymous_6)
FN:33,(anonymous_7)
FN:101,(anonymous_8)
FN:108,(anonymous_9)
FN:112,(anonymous_10)
FN:119,(anonymous_11)
FNF:7
FNH:0
FNDA:0,(anonymous_5)
FNDA:0,(anonymous_6)
FNDA:0,(anonymous_7)
FNDA:0,(anonymous_8)
FNDA:0,(anonymous_9)
FNDA:0,(anonymous_10)
FNDA:0,(anonymous_11)
DA:1,0
DA:2,0
DA:3,0
DA:4,0
DA:6,0
DA:9,0
DA:14,0
DA:21,0
DA:22,0
DA:25,0
DA:26,0
DA:27,0
DA:31,0
DA:34,0
DA:36,0
DA:38,0
DA:40,0
DA:45,0
DA:47,0
DA:48,0
DA:51,0
DA:55,0
DA:57,0
DA:61,0
DA:72,0
DA:74,0
DA:85,0
DA:86,0
DA:101,0
DA:102,0
DA:103,0
DA:104,0
DA:108,0
DA:109,0
DA:112,0
DA:113,0
DA:116,0
DA:119,0
DA:120,0
DA:121,0
DA:122,0
DA:123,0
LF:42
LH:0
BRDA:9,0,0,0
BRDA:9,0,1,0
BRDA:11,1,0,0
BRDA:11,1,1,0
BRDA:16,2,0,0
BRDA:16,2,1,0
BRDA:40,3,0,0
BRDA:40,3,1,0
BRDA:55,4,0,0
BRDA:103,5,0,0
BRF:10
BRH:0
end_of_record
TN:
SF:src/lib/services/queue/workers/translation.worker.ts
FN:15,processTranslation
FN:55,(anonymous_5)
FNF:2
FNH:0
FNDA:0,processTranslation
FNDA:0,(anonymous_5)
DA:3,0
DA:4,0
DA:5,0
DA:6,0
DA:9,0
DA:15,0
DA:16,0
DA:18,0
DA:20,0
DA:21,0
DA:24,0
DA:27,0
DA:28,0
DA:29,0
DA:32,0
DA:34,0
DA:35,0
DA:38,0
DA:40,0
DA:44,0
DA:45,0
DA:49,0
DA:51,0
DA:52,0
DA:55,0
DA:56,0
DA:58,0
DA:59,0
DA:61,0
DA:64,0
DA:68,0
DA:69,0
DA:72,0
DA:75,0
DA:85,0
DA:86,0
DA:87,0
DA:92,0
DA:94,0
DA:95,0
DA:97,0
DA:98,0
DA:100,0
DA:101,0
DA:104,0
DA:105,0
DA:109,0
DA:110,0
DA:114,0
DA:115,0
DA:117,0
DA:118,0
DA:121,0
DA:122,0
DA:124,0
DA:126,0
DA:128,0
DA:129,0
DA:131,0
DA:132,0
DA:133,0
DA:134,0
DA:135,0
DA:136,0
DA:140,0
DA:141,0
DA:142,0
DA:146,0
DA:150,0
DA:156,0
DA:162,0
DA:165,0
DA:178,0
DA:183,0
DA:184,0
DA:186,0
DA:196,0
DA:199,0
DA:214,0
LF:79
LH:0
BRDA:20,0,0,0
BRDA:20,0,1,0
BRDA:20,0,2,0
BRDA:21,1,0,0
BRDA:21,1,1,0
BRDA:21,1,2,0
BRDA:27,2,0,0
BRDA:27,2,1,0
BRDA:27,3,0,0
BRDA:27,3,1,0
BRDA:32,4,0,0
BRDA:34,5,0,0
BRDA:34,5,1,0
BRDA:35,6,0,0
BRDA:35,6,1,0
BRDA:44,7,0,0
BRDA:44,8,0,0
BRDA:44,8,1,0
BRDA:51,9,0,0
BRDA:51,10,0,0
BRDA:51,10,1,0
BRDA:68,11,0,0
BRDA:68,12,0,0
BRDA:68,12,1,0
BRDA:68,12,2,0
BRDA:86,13,0,0
BRDA:92,14,0,0
BRDA:92,14,1,0
BRDA:92,14,2,0
BRDA:92,14,3,0
BRDA:109,15,0,0
BRDA:131,16,0,0
BRDA:131,16,1,0
BRDA:134,17,0,0
BRDA:134,18,0,0
BRDA:134,18,1,0
BRDA:135,19,0,0
BRDA:135,19,1,0
BRDA:135,19,2,0
BRDA:140,20,0,0
BRDA:140,21,0,0
BRDA:140,21,1,0
BRDA:153,22,0,0
BRDA:153,22,1,0
BRDA:202,23,0,0
BRDA:202,23,1,0
BRDA:202,23,2,0
BRDA:210,24,0,0
BRDA:210,24,1,0
BRF:49
BRH:0
end_of_record
TN:
SF:src/lib/services/simple-chunker/index.ts
FN:12,(anonymous_1)
FN:17,(anonymous_2)
FN:68,(anonymous_3)
FNF:3
FNH:0
FNDA:0,(anonymous_1)
FNDA:0,(anonymous_2)
FNDA:0,(anonymous_3)
DA:10,0
DA:13,0
DA:22,0
DA:23,0
DA:24,0
DA:25,0
DA:27,0
DA:28,0
DA:29,0
DA:31,0
DA:33,0
DA:34,0
DA:35,0
DA:36,0
DA:37,0
DA:42,0
DA:45,0
DA:46,0
DA:47,0
DA:48,0
DA:51,0
DA:59,0
DA:60,0
DA:61,0
DA:64,0
DA:72,0
DA:73,0
DA:75,0
DA:76,0
DA:77,0
DA:79,0
DA:80,0
DA:83,0
DA:85,0
DA:86,0
DA:92,0
DA:93,0
DA:97,0
DA:98,0
DA:99,0
DA:100,0
DA:101,0
DA:107,0
DA:108,0
DA:110,0
DA:111,0
DA:114,0
DA:116,0
DA:122,0
DA:123,0
DA:126,0
DA:127,0
DA:132,0
DA:133,0
DA:141,0
LF:55
LH:0
BRDA:19,0,0,0
BRDA:20,1,0,0
BRDA:34,2,0,0
BRDA:36,3,0,0
BRDA:45,4,0,0
BRDA:45,5,0,0
BRDA:45,5,1,0
BRDA:56,6,0,0
BRDA:56,6,1,0
BRDA:70,7,0,0
BRDA:83,8,0,0
BRDA:83,8,1,0
BRDA:85,9,0,0
BRDA:100,10,0,0
BRDA:100,10,1,0
BRDA:100,11,0,0
BRDA:100,11,1,0
BRDA:110,12,0,0
BRDA:110,12,1,0
BRDA:114,13,0,0
BRDA:114,13,1,0
BRDA:126,14,0,0
BRDA:126,14,1,0
BRDA:132,15,0,0
BRF:24
BRH:0
end_of_record
TN:
SF:src/lib/services/translation/translation.service.ts
FN:46,(anonymous_2)
FN:53,(anonymous_3)
FN:112,(anonymous_4)
FN:120,(anonymous_5)
FN:135,(anonymous_6)
FN:152,(anonymous_7)
FN:207,(anonymous_8)
FN:236,(anonymous_9)
FN:266,(anonymous_10)
FN:296,(anonymous_11)
FN:298,(anonymous_12)
FN:302,(anonymous_13)
FN:309,(anonymous_14)
FN:310,(anonymous_15)
FNF:14
FNH:0
FNDA:0,(anonymous_2)
FNDA:0,(anonymous_3)
FNDA:0,(anonymous_4)
FNDA:0,(anonymous_5)
FNDA:0,(anonymous_6)
FNDA:0,(anonymous_7)
FNDA:0,(anonymous_8)
FNDA:0,(anonymous_9)
FNDA:0,(anonymous_10)
FNDA:0,(anonymous_11)
FNDA:0,(anonymous_12)
FNDA:0,(anonymous_13)
FNDA:0,(anonymous_14)
FNDA:0,(anonymous_15)
DA:2,0
DA:4,0
DA:43,0
DA:47,0
DA:57,0
DA:59,0
DA:61,0
DA:62,0
DA:68,0
DA:71,0
DA:79,0
DA:82,0
DA:88,0
DA:91,0
DA:104,0
DA:105,0
DA:114,0
DA:125,0
DA:128,0
DA:131,0
DA:132,0
DA:134,0
DA:135,0
DA:138,0
DA:141,0
DA:142,0
DA:146,0
DA:156,0
DA:163,0
DA:166,0
DA:167,0
DA:168,0
DA:169,0
DA:170,0
DA:174,0
DA:175,0
DA:176,0
DA:177,0
DA:178,0
DA:182,0
DA:183,0
DA:184,0
DA:185,0
DA:186,0
DA:189,0
DA:192,0
DA:212,0
DA:222,0
DA:224,0
DA:225,0
DA:228,0
DA:240,0
DA:250,0
DA:252,0
DA:253,0
DA:256,0
DA:270,0
DA:280,0
DA:282,0
DA:283,0
DA:286,0
DA:298,0
DA:301,0
DA:302,0
DA:310,0
LF:65
LH:0
BRDA:105,0,0,0
BRDA:105,0,1,0
BRDA:125,1,0,0
BRDA:125,1,1,0
BRDA:126,2,0,0
BRDA:126,2,1,0
BRDA:141,3,0,0
BRDA:142,4,0,0
BRDA:142,4,1,0
BRDA:163,5,0,0
BRDA:163,5,1,0
BRDA:163,5,2,0
BRDA:163,5,3,0
BRDA:198,6,0,0
BRDA:198,6,1,0
BRDA:199,7,0,0
BRDA:199,7,1,0
BRDA:224,8,0,0
BRDA:225,9,0,0
BRDA:225,9,1,0
BRDA:252,10,0,0
BRDA:253,11,0,0
BRDA:253,11,1,0
BRDA:258,12,0,0
BRDA:258,12,1,0
BRDA:282,13,0,0
BRDA:283,14,0,0
BRDA:283,14,1,0
BRDA:288,15,0,0
BRDA:288,15,1,0
BRDA:298,16,0,0
BRDA:298,16,1,0
BRDA:298,17,0,0
BRDA:298,17,1,0
BRF:34
BRH:0
end_of_record
TN:
SF:src/lib/utils/is-vercel.ts
FNF:0
FNH:0
DA:1,0
LF:1
LH:0
BRF:0
BRH:0
end_of_record
TN:
SF:src/middleware/auth.ts
FN:4,withAuth
FNF:1
FNH:1
FNDA:6,withAuth
DA:1,1
DA:2,1
DA:4,6
DA:8,6
DA:11,6
DA:14,6
DA:15,1
DA:22,5
DA:24,5
DA:25,1
DA:32,4
DA:37,4
DA:38,0
DA:50,4
DA:52,4
DA:53,4
DA:54,4
DA:56,0
DA:57,0
DA:60,4
DA:61,4
DA:73,4
LF:22
LH:19
BRDA:11,0,0,6
BRDA:11,0,1,1
BRDA:14,1,0,1
BRDA:24,2,0,1
BRDA:37,3,0,0
BRF:5
BRH:4
end_of_record
TN:
SF:src/test-utils/mock-request.ts
FN:3,mockNextRequest
FN:19,(anonymous_2)
FNF:2
FNH:2
FNDA:6,mockNextRequest
FNDA:4,(anonymous_2)
DA:3,6
DA:9,6
DA:11,6
DA:19,4
LF:4
LH:4
BRDA:3,0,0,0
BRDA:9,1,0,6
BRDA:9,1,1,1
BRDA:12,2,0,6
BRDA:12,2,1,0
BRDA:14,3,0,6
BRDA:14,3,1,0
BRDA:16,4,0,6
BRDA:16,4,1,6
BRDA:17,5,0,6
BRDA:17,5,1,6
BRDA:19,6,0,4
BRDA:19,6,1,0
BRF:13
BRH:9
end_of_record
TN:
SF:src/test-utils/read-json.ts
FN:2,readJson
FNF:1
FNH:1
FNDA:6,readJson
DA:2,6
DA:4,6
DA:5,6
DA:8,6
DA:9,6
DA:13,0
DA:14,0
DA:18,0
DA:19,0
DA:20,0
DA:24,0
DA:25,0
DA:28,0
LF:13
LH:5
BRDA:5,0,0,6
BRDA:5,0,1,0
BRDA:8,1,0,6
BRDA:8,2,0,6
BRDA:8,2,1,6
BRDA:13,3,0,0
BRDA:13,4,0,0
BRDA:13,4,1,0
BRDA:18,5,0,0
BRDA:18,6,0,0
BRDA:18,6,1,0
BRDA:24,7,0,0
BRDA:24,8,0,0
BRDA:24,8,1,0
BRF:14
BRH:4
end_of_record
